2024-01-23 09:59:58,782 INFO [collect.py:429](fetch) - fetch (vcs) spec-1:<ColorSpec handle:morhetz/gruvbox, url:https://github.com/morhetz/gruvbox, github_stars:12818, priority:0, last_git_commit:2023-08-14T14:04:06, git_branch:None>
2024-01-23 09:59:58,807 INFO [collect.py:429](fetch) - fetch (vcs) spec-2:<ColorSpec handle:altercation/vim-colors-solarized, url:https://github.com/altercation/vim-colors-solarized, github_stars:6540, priority:0, last_git_commit:2011-05-09T21:35:32, git_branch:None>
2024-01-23 09:59:58,830 INFO [collect.py:429](fetch) - fetch (vcs) spec-3:<ColorSpec handle:folke/tokyonight.nvim, url:https://github.com/folke/tokyonight.nvim, github_stars:4646, priority:0, last_git_commit:2024-01-21T10:46:16, git_branch:None>
2024-01-23 09:59:58,854 INFO [collect.py:429](fetch) - fetch (vcs) spec-4:<ColorSpec handle:catppuccin/nvim, url:https://github.com/catppuccin/nvim, github_stars:4018, priority:0, last_git_commit:2024-01-22T10:44:47, git_branch:None>
2024-01-23 09:59:58,876 INFO [collect.py:429](fetch) - fetch (vcs) spec-5:<ColorSpec handle:joshdick/onedark.vim, url:https://github.com/joshdick/onedark.vim, github_stars:3818, priority:0, last_git_commit:2023-07-19T05:35:43, git_branch:None>
2024-01-23 09:59:58,899 INFO [collect.py:429](fetch) - fetch (vcs) spec-6:<ColorSpec handle:tomasr/molokai, url:https://github.com/tomasr/molokai, github_stars:3587, priority:0, last_git_commit:2015-11-11T12:17:45, git_branch:None>
2024-01-23 09:59:58,924 INFO [collect.py:429](fetch) - fetch (vcs) spec-7:<ColorSpec handle:rebelot/kanagawa.nvim, url:https://github.com/rebelot/kanagawa.nvim, github_stars:3204, priority:0, last_git_commit:2023-10-02T11:02:49, git_branch:None>
2024-01-23 09:59:58,947 INFO [collect.py:429](fetch) - fetch (vcs) spec-8:<ColorSpec handle:rafi/awesome-vim-colorschemes, url:https://github.com/rafi/awesome-vim-colorschemes, github_stars:2592, priority:0, last_git_commit:2023-05-06T12:33:40, git_branch:None>
2024-01-23 09:59:58,970 INFO [collect.py:429](fetch) - fetch (vcs) spec-9:<ColorSpec handle:nlknguyen/papercolor-theme, url:https://github.com/nlknguyen/papercolor-theme, github_stars:2589, priority:0, last_git_commit:2022-06-08T19:55:49, git_branch:None>
2024-01-23 09:59:58,993 INFO [collect.py:429](fetch) - fetch (vcs) spec-10:<ColorSpec handle:edeneast/nightfox.nvim, url:https://github.com/edeneast/nightfox.nvim, github_stars:2538, priority:0, last_git_commit:2024-01-11T14:18:14, git_branch:None>
2024-01-23 09:59:59,016 INFO [collect.py:429](fetch) - fetch (vcs) spec-11:<ColorSpec handle:nordtheme/vim, url:https://github.com/nordtheme/vim, github_stars:2452, priority:0, last_git_commit:2023-05-03T20:43:25, git_branch:None>
2024-01-23 09:59:59,039 INFO [collect.py:429](fetch) - fetch (vcs) spec-12:<ColorSpec handle:sainnhe/everforest, url:https://github.com/sainnhe/everforest, github_stars:2327, priority:0, last_git_commit:2023-10-24T16:55:03, git_branch:None>
2024-01-23 09:59:59,062 INFO [collect.py:429](fetch) - fetch (vcs) spec-13:<ColorSpec handle:cocopon/iceberg.vim, url:https://github.com/cocopon/iceberg.vim, github_stars:2092, priority:0, last_git_commit:2022-11-23T01:48:02, git_branch:None>
2024-01-23 09:59:59,085 INFO [collect.py:429](fetch) - fetch (vcs) spec-14:<ColorSpec handle:rakr/vim-one, url:https://github.com/rakr/vim-one, github_stars:1971, priority:0, last_git_commit:2020-12-14T23:40:35, git_branch:None>
2024-01-23 09:59:59,109 INFO [collect.py:429](fetch) - fetch (vcs) spec-15:<ColorSpec handle:nanotech/jellybeans.vim, url:https://github.com/nanotech/jellybeans.vim, github_stars:1747, priority:0, last_git_commit:2019-06-21T23:58:55, git_branch:None>
2024-01-23 09:59:59,133 INFO [collect.py:429](fetch) - fetch (vcs) spec-16:<ColorSpec handle:sonph/onehalf, url:https://github.com/sonph/onehalf, github_stars:1718, priority:0, last_git_commit:2022-08-02T22:26:27, git_branch:None>
2024-01-23 09:59:59,157 INFO [collect.py:429](fetch) - fetch (vcs) spec-17:<ColorSpec handle:rose-pine/neovim, url:https://github.com/rose-pine/neovim, github_stars:1663, priority:0, last_git_commit:2024-01-18T16:28:16, git_branch:None>
2024-01-23 09:59:59,181 INFO [collect.py:429](fetch) - fetch (vcs) spec-18:<ColorSpec handle:junegunn/seoul256.vim, url:https://github.com/junegunn/seoul256.vim, github_stars:1612, priority:0, last_git_commit:2023-05-03T00:09:09, git_branch:None>
2024-01-23 09:59:59,205 INFO [collect.py:429](fetch) - fetch (vcs) spec-19:<ColorSpec handle:ayu-theme/ayu-vim, url:https://github.com/ayu-theme/ayu-vim, github_stars:1606, priority:0, last_git_commit:2020-05-29T06:19:17, git_branch:None>
2024-01-23 09:59:59,231 INFO [collect.py:429](fetch) - fetch (vcs) spec-20:<ColorSpec handle:sainnhe/gruvbox-material, url:https://github.com/sainnhe/gruvbox-material, github_stars:1570, priority:0, last_git_commit:2023-11-22T08:14:27, git_branch:None>
2024-01-23 09:59:59,510 INFO [collect.py:429](fetch) - fetch (vcs) spec-21:<ColorSpec handle:w0ng/vim-hybrid, url:https://github.com/w0ng/vim-hybrid, github_stars:1463, priority:0, last_git_commit:2016-01-05T06:14:30, git_branch:None>
2024-01-23 09:59:59,536 INFO [collect.py:429](fetch) - fetch (vcs) spec-22:<ColorSpec handle:ku1ik/vim-monokai, url:https://github.com/ku1ik/vim-monokai, github_stars:1421, priority:0, last_git_commit:2022-02-09T08:03:39, git_branch:None>
2024-01-23 09:59:59,559 INFO [collect.py:429](fetch) - fetch (vcs) spec-23:<ColorSpec handle:sainnhe/sonokai, url:https://github.com/sainnhe/sonokai, github_stars:1410, priority:0, last_git_commit:2023-10-24T16:16:35, git_branch:None>
2024-01-23 09:59:59,589 INFO [collect.py:429](fetch) - fetch (vcs) spec-24:<ColorSpec handle:navarasu/onedark.nvim, url:https://github.com/navarasu/onedark.nvim, github_stars:1284, priority:0, last_git_commit:2024-01-22T12:51:37, git_branch:None>
2024-01-23 09:59:59,688 ERROR [collect.py:410](_parse_spec) - Message: stale element reference: stale element not found
  (Session info: chrome-headless-shell=120.0.6099.234)
Stacktrace:
0   chromedriver                        0x0000000104eb44dc chromedriver + 4162780
1   chromedriver                        0x0000000104eac664 chromedriver + 4130404
2   chromedriver                        0x0000000104b03bc0 chromedriver + 293824
3   chromedriver                        0x0000000104b09234 chromedriver + 315956
4   chromedriver                        0x0000000104b0b4d0 chromedriver + 324816
5   chromedriver                        0x0000000104b8a46c chromedriver + 844908
6   chromedriver                        0x0000000104b89ab0 chromedriver + 842416
7   chromedriver                        0x0000000104b3d6bc chromedriver + 530108
8   chromedriver                        0x0000000104b3e930 chromedriver + 534832
9   chromedriver                        0x0000000104e79e08 chromedriver + 3923464
10  chromedriver                        0x0000000104e7e3dc chromedriver + 3941340
11  chromedriver                        0x0000000104e62038 chromedriver + 3825720
12  chromedriver                        0x0000000104e7ef3c chromedriver + 3944252
13  chromedriver                        0x0000000104e546f4 chromedriver + 3770100
14  chromedriver                        0x0000000104e9b980 chromedriver + 4061568
15  chromedriver                        0x0000000104e9baf8 chromedriver + 4061944
16  chromedriver                        0x0000000104eac2e4 chromedriver + 4129508
17  libsystem_pthread.dylib             0x000000018ad62034 _pthread_start + 136
18  libsystem_pthread.dylib             0x000000018ad5ce3c thread_start + 8
Traceback (most recent call last):
  File "/Users/rlin/github/linrongbin16/colorbox.nvim/collect.py", line 398, in _parse_spec
    .get_attribute("datetime"),
     ^^^^^^^^^^^^^^^^^^^^^^^^^
  File "/opt/homebrew/lib/python3.11/site-packages/selenium/webdriver/remote/webelement.py", line 177, in get_attribute
    attribute_value = self.parent.execute_script(
                      ^^^^^^^^^^^^^^^^^^^^^^^^^^^
  File "/opt/homebrew/lib/python3.11/site-packages/selenium/webdriver/remote/webdriver.py", line 500, in execute_script
    return self.execute(command, {"script": script, "args": converted_args})["value"]
           ^^^^^^^^^^^^^^^^^^^^^^^^^^^^^^^^^^^^^^^^^^^^^^^^^^^^^^^^^^^^^^^^^
  File "/opt/homebrew/lib/python3.11/site-packages/selenium/webdriver/remote/webdriver.py", line 440, in execute
    self.error_handler.check_response(response)
  File "/opt/homebrew/lib/python3.11/site-packages/selenium/webdriver/remote/errorhandler.py", line 245, in check_response
    raise exception_class(message, screen, stacktrace)
selenium.common.exceptions.StaleElementReferenceException: Message: stale element reference: stale element not found
  (Session info: chrome-headless-shell=120.0.6099.234)
Stacktrace:
0   chromedriver                        0x0000000104eb44dc chromedriver + 4162780
1   chromedriver                        0x0000000104eac664 chromedriver + 4130404
2   chromedriver                        0x0000000104b03bc0 chromedriver + 293824
3   chromedriver                        0x0000000104b09234 chromedriver + 315956
4   chromedriver                        0x0000000104b0b4d0 chromedriver + 324816
5   chromedriver                        0x0000000104b8a46c chromedriver + 844908
6   chromedriver                        0x0000000104b89ab0 chromedriver + 842416
7   chromedriver                        0x0000000104b3d6bc chromedriver + 530108
8   chromedriver                        0x0000000104b3e930 chromedriver + 534832
9   chromedriver                        0x0000000104e79e08 chromedriver + 3923464
10  chromedriver                        0x0000000104e7e3dc chromedriver + 3941340
11  chromedriver                        0x0000000104e62038 chromedriver + 3825720
12  chromedriver                        0x0000000104e7ef3c chromedriver + 3944252
13  chromedriver                        0x0000000104e546f4 chromedriver + 3770100
14  chromedriver                        0x0000000104e9b980 chromedriver + 4061568
15  chromedriver                        0x0000000104e9baf8 chromedriver + 4061944
16  chromedriver                        0x0000000104eac2e4 chromedriver + 4129508
17  libsystem_pthread.dylib             0x000000018ad62034 _pthread_start + 136
18  libsystem_pthread.dylib             0x000000018ad5ce3c thread_start + 8

2024-01-23 09:59:59,694 ERROR [collect.py:410](_parse_spec) - Message: stale element reference: stale element not found
  (Session info: chrome-headless-shell=120.0.6099.234)
Stacktrace:
0   chromedriver                        0x0000000104eb44dc chromedriver + 4162780
1   chromedriver                        0x0000000104eac664 chromedriver + 4130404
2   chromedriver                        0x0000000104b03bc0 chromedriver + 293824
3   chromedriver                        0x0000000104b09234 chromedriver + 315956
4   chromedriver                        0x0000000104b0b13c chromedriver + 323900
5   chromedriver                        0x0000000104b0b278 chromedriver + 324216
6   chromedriver                        0x0000000104b4a198 chromedriver + 582040
7   chromedriver                        0x0000000104b3f250 chromedriver + 537168
8   chromedriver                        0x0000000104b89ab0 chromedriver + 842416
9   chromedriver                        0x0000000104b3d6bc chromedriver + 530108
10  chromedriver                        0x0000000104b3e930 chromedriver + 534832
11  chromedriver                        0x0000000104e79e08 chromedriver + 3923464
12  chromedriver                        0x0000000104e7e3dc chromedriver + 3941340
13  chromedriver                        0x0000000104e62038 chromedriver + 3825720
14  chromedriver                        0x0000000104e7ef3c chromedriver + 3944252
15  chromedriver                        0x0000000104e546f4 chromedriver + 3770100
16  chromedriver                        0x0000000104e9b980 chromedriver + 4061568
17  chromedriver                        0x0000000104e9baf8 chromedriver + 4061944
18  chromedriver                        0x0000000104eac2e4 chromedriver + 4129508
19  libsystem_pthread.dylib             0x000000018ad62034 _pthread_start + 136
20  libsystem_pthread.dylib             0x000000018ad5ce3c thread_start + 8
Traceback (most recent call last):
  File "/Users/rlin/github/linrongbin16/colorbox.nvim/collect.py", line 375, in _parse_spec
    url = element.find_element(
          ^^^^^^^^^^^^^^^^^^^^^
  File "/opt/homebrew/lib/python3.11/site-packages/selenium/webdriver/remote/webelement.py", line 425, in find_element
    return self._execute(Command.FIND_CHILD_ELEMENT, {"using": by, "value": value})["value"]
           ^^^^^^^^^^^^^^^^^^^^^^^^^^^^^^^^^^^^^^^^^^^^^^^^^^^^^^^^^^^^^^^^^^^^^^^^
  File "/opt/homebrew/lib/python3.11/site-packages/selenium/webdriver/remote/webelement.py", line 403, in _execute
    return self._parent.execute(command, params)
           ^^^^^^^^^^^^^^^^^^^^^^^^^^^^^^^^^^^^^
  File "/opt/homebrew/lib/python3.11/site-packages/selenium/webdriver/remote/webdriver.py", line 440, in execute
    self.error_handler.check_response(response)
  File "/opt/homebrew/lib/python3.11/site-packages/selenium/webdriver/remote/errorhandler.py", line 245, in check_response
    raise exception_class(message, screen, stacktrace)
selenium.common.exceptions.StaleElementReferenceException: Message: stale element reference: stale element not found
  (Session info: chrome-headless-shell=120.0.6099.234)
Stacktrace:
0   chromedriver                        0x0000000104eb44dc chromedriver + 4162780
1   chromedriver                        0x0000000104eac664 chromedriver + 4130404
2   chromedriver                        0x0000000104b03bc0 chromedriver + 293824
3   chromedriver                        0x0000000104b09234 chromedriver + 315956
4   chromedriver                        0x0000000104b0b13c chromedriver + 323900
5   chromedriver                        0x0000000104b0b278 chromedriver + 324216
6   chromedriver                        0x0000000104b4a198 chromedriver + 582040
7   chromedriver                        0x0000000104b3f250 chromedriver + 537168
8   chromedriver                        0x0000000104b89ab0 chromedriver + 842416
9   chromedriver                        0x0000000104b3d6bc chromedriver + 530108
10  chromedriver                        0x0000000104b3e930 chromedriver + 534832
11  chromedriver                        0x0000000104e79e08 chromedriver + 3923464
12  chromedriver                        0x0000000104e7e3dc chromedriver + 3941340
13  chromedriver                        0x0000000104e62038 chromedriver + 3825720
14  chromedriver                        0x0000000104e7ef3c chromedriver + 3944252
15  chromedriver                        0x0000000104e546f4 chromedriver + 3770100
16  chromedriver                        0x0000000104e9b980 chromedriver + 4061568
17  chromedriver                        0x0000000104e9baf8 chromedriver + 4061944
18  chromedriver                        0x0000000104eac2e4 chromedriver + 4129508
19  libsystem_pthread.dylib             0x000000018ad62034 _pthread_start + 136
20  libsystem_pthread.dylib             0x000000018ad5ce3c thread_start + 8

2024-01-23 09:59:59,698 ERROR [collect.py:410](_parse_spec) - Message: stale element reference: stale element not found
  (Session info: chrome-headless-shell=120.0.6099.234)
Stacktrace:
0   chromedriver                        0x0000000104eb44dc chromedriver + 4162780
1   chromedriver                        0x0000000104eac664 chromedriver + 4130404
2   chromedriver                        0x0000000104b03bc0 chromedriver + 293824
3   chromedriver                        0x0000000104b09234 chromedriver + 315956
4   chromedriver                        0x0000000104b0b13c chromedriver + 323900
5   chromedriver                        0x0000000104b0b278 chromedriver + 324216
6   chromedriver                        0x0000000104b4a198 chromedriver + 582040
7   chromedriver                        0x0000000104b3f250 chromedriver + 537168
8   chromedriver                        0x0000000104b89ab0 chromedriver + 842416
9   chromedriver                        0x0000000104b3d6bc chromedriver + 530108
10  chromedriver                        0x0000000104b3e930 chromedriver + 534832
11  chromedriver                        0x0000000104e79e08 chromedriver + 3923464
12  chromedriver                        0x0000000104e7e3dc chromedriver + 3941340
13  chromedriver                        0x0000000104e62038 chromedriver + 3825720
14  chromedriver                        0x0000000104e7ef3c chromedriver + 3944252
15  chromedriver                        0x0000000104e546f4 chromedriver + 3770100
16  chromedriver                        0x0000000104e9b980 chromedriver + 4061568
17  chromedriver                        0x0000000104e9baf8 chromedriver + 4061944
18  chromedriver                        0x0000000104eac2e4 chromedriver + 4129508
19  libsystem_pthread.dylib             0x000000018ad62034 _pthread_start + 136
20  libsystem_pthread.dylib             0x000000018ad5ce3c thread_start + 8
Traceback (most recent call last):
  File "/Users/rlin/github/linrongbin16/colorbox.nvim/collect.py", line 375, in _parse_spec
    url = element.find_element(
          ^^^^^^^^^^^^^^^^^^^^^
  File "/opt/homebrew/lib/python3.11/site-packages/selenium/webdriver/remote/webelement.py", line 425, in find_element
    return self._execute(Command.FIND_CHILD_ELEMENT, {"using": by, "value": value})["value"]
           ^^^^^^^^^^^^^^^^^^^^^^^^^^^^^^^^^^^^^^^^^^^^^^^^^^^^^^^^^^^^^^^^^^^^^^^^
  File "/opt/homebrew/lib/python3.11/site-packages/selenium/webdriver/remote/webelement.py", line 403, in _execute
    return self._parent.execute(command, params)
           ^^^^^^^^^^^^^^^^^^^^^^^^^^^^^^^^^^^^^
  File "/opt/homebrew/lib/python3.11/site-packages/selenium/webdriver/remote/webdriver.py", line 440, in execute
    self.error_handler.check_response(response)
  File "/opt/homebrew/lib/python3.11/site-packages/selenium/webdriver/remote/errorhandler.py", line 245, in check_response
    raise exception_class(message, screen, stacktrace)
selenium.common.exceptions.StaleElementReferenceException: Message: stale element reference: stale element not found
  (Session info: chrome-headless-shell=120.0.6099.234)
Stacktrace:
0   chromedriver                        0x0000000104eb44dc chromedriver + 4162780
1   chromedriver                        0x0000000104eac664 chromedriver + 4130404
2   chromedriver                        0x0000000104b03bc0 chromedriver + 293824
3   chromedriver                        0x0000000104b09234 chromedriver + 315956
4   chromedriver                        0x0000000104b0b13c chromedriver + 323900
5   chromedriver                        0x0000000104b0b278 chromedriver + 324216
6   chromedriver                        0x0000000104b4a198 chromedriver + 582040
7   chromedriver                        0x0000000104b3f250 chromedriver + 537168
8   chromedriver                        0x0000000104b89ab0 chromedriver + 842416
9   chromedriver                        0x0000000104b3d6bc chromedriver + 530108
10  chromedriver                        0x0000000104b3e930 chromedriver + 534832
11  chromedriver                        0x0000000104e79e08 chromedriver + 3923464
12  chromedriver                        0x0000000104e7e3dc chromedriver + 3941340
13  chromedriver                        0x0000000104e62038 chromedriver + 3825720
14  chromedriver                        0x0000000104e7ef3c chromedriver + 3944252
15  chromedriver                        0x0000000104e546f4 chromedriver + 3770100
16  chromedriver                        0x0000000104e9b980 chromedriver + 4061568
17  chromedriver                        0x0000000104e9baf8 chromedriver + 4061944
18  chromedriver                        0x0000000104eac2e4 chromedriver + 4129508
19  libsystem_pthread.dylib             0x000000018ad62034 _pthread_start + 136
20  libsystem_pthread.dylib             0x000000018ad5ce3c thread_start + 8

2024-01-23 09:59:59,702 ERROR [collect.py:410](_parse_spec) - Message: stale element reference: stale element not found
  (Session info: chrome-headless-shell=120.0.6099.234)
Stacktrace:
0   chromedriver                        0x0000000104eb44dc chromedriver + 4162780
1   chromedriver                        0x0000000104eac664 chromedriver + 4130404
2   chromedriver                        0x0000000104b03bc0 chromedriver + 293824
3   chromedriver                        0x0000000104b09234 chromedriver + 315956
4   chromedriver                        0x0000000104b0b13c chromedriver + 323900
5   chromedriver                        0x0000000104b0b278 chromedriver + 324216
6   chromedriver                        0x0000000104b4a198 chromedriver + 582040
7   chromedriver                        0x0000000104b3f250 chromedriver + 537168
8   chromedriver                        0x0000000104b89ab0 chromedriver + 842416
9   chromedriver                        0x0000000104b3d6bc chromedriver + 530108
10  chromedriver                        0x0000000104b3e930 chromedriver + 534832
11  chromedriver                        0x0000000104e79e08 chromedriver + 3923464
12  chromedriver                        0x0000000104e7e3dc chromedriver + 3941340
13  chromedriver                        0x0000000104e62038 chromedriver + 3825720
14  chromedriver                        0x0000000104e7ef3c chromedriver + 3944252
15  chromedriver                        0x0000000104e546f4 chromedriver + 3770100
16  chromedriver                        0x0000000104e9b980 chromedriver + 4061568
17  chromedriver                        0x0000000104e9baf8 chromedriver + 4061944
18  chromedriver                        0x0000000104eac2e4 chromedriver + 4129508
19  libsystem_pthread.dylib             0x000000018ad62034 _pthread_start + 136
20  libsystem_pthread.dylib             0x000000018ad5ce3c thread_start + 8
Traceback (most recent call last):
  File "/Users/rlin/github/linrongbin16/colorbox.nvim/collect.py", line 375, in _parse_spec
    url = element.find_element(
          ^^^^^^^^^^^^^^^^^^^^^
  File "/opt/homebrew/lib/python3.11/site-packages/selenium/webdriver/remote/webelement.py", line 425, in find_element
    return self._execute(Command.FIND_CHILD_ELEMENT, {"using": by, "value": value})["value"]
           ^^^^^^^^^^^^^^^^^^^^^^^^^^^^^^^^^^^^^^^^^^^^^^^^^^^^^^^^^^^^^^^^^^^^^^^^
  File "/opt/homebrew/lib/python3.11/site-packages/selenium/webdriver/remote/webelement.py", line 403, in _execute
    return self._parent.execute(command, params)
           ^^^^^^^^^^^^^^^^^^^^^^^^^^^^^^^^^^^^^
  File "/opt/homebrew/lib/python3.11/site-packages/selenium/webdriver/remote/webdriver.py", line 440, in execute
    self.error_handler.check_response(response)
  File "/opt/homebrew/lib/python3.11/site-packages/selenium/webdriver/remote/errorhandler.py", line 245, in check_response
    raise exception_class(message, screen, stacktrace)
selenium.common.exceptions.StaleElementReferenceException: Message: stale element reference: stale element not found
  (Session info: chrome-headless-shell=120.0.6099.234)
Stacktrace:
0   chromedriver                        0x0000000104eb44dc chromedriver + 4162780
1   chromedriver                        0x0000000104eac664 chromedriver + 4130404
2   chromedriver                        0x0000000104b03bc0 chromedriver + 293824
3   chromedriver                        0x0000000104b09234 chromedriver + 315956
4   chromedriver                        0x0000000104b0b13c chromedriver + 323900
5   chromedriver                        0x0000000104b0b278 chromedriver + 324216
6   chromedriver                        0x0000000104b4a198 chromedriver + 582040
7   chromedriver                        0x0000000104b3f250 chromedriver + 537168
8   chromedriver                        0x0000000104b89ab0 chromedriver + 842416
9   chromedriver                        0x0000000104b3d6bc chromedriver + 530108
10  chromedriver                        0x0000000104b3e930 chromedriver + 534832
11  chromedriver                        0x0000000104e79e08 chromedriver + 3923464
12  chromedriver                        0x0000000104e7e3dc chromedriver + 3941340
13  chromedriver                        0x0000000104e62038 chromedriver + 3825720
14  chromedriver                        0x0000000104e7ef3c chromedriver + 3944252
15  chromedriver                        0x0000000104e546f4 chromedriver + 3770100
16  chromedriver                        0x0000000104e9b980 chromedriver + 4061568
17  chromedriver                        0x0000000104e9baf8 chromedriver + 4061944
18  chromedriver                        0x0000000104eac2e4 chromedriver + 4129508
19  libsystem_pthread.dylib             0x000000018ad62034 _pthread_start + 136
20  libsystem_pthread.dylib             0x000000018ad5ce3c thread_start + 8

2024-01-23 09:59:59,705 ERROR [collect.py:410](_parse_spec) - Message: stale element reference: stale element not found
  (Session info: chrome-headless-shell=120.0.6099.234)
Stacktrace:
0   chromedriver                        0x0000000104eb44dc chromedriver + 4162780
1   chromedriver                        0x0000000104eac664 chromedriver + 4130404
2   chromedriver                        0x0000000104b03bc0 chromedriver + 293824
3   chromedriver                        0x0000000104b09234 chromedriver + 315956
4   chromedriver                        0x0000000104b0b13c chromedriver + 323900
5   chromedriver                        0x0000000104b0b278 chromedriver + 324216
6   chromedriver                        0x0000000104b4a198 chromedriver + 582040
7   chromedriver                        0x0000000104b3f250 chromedriver + 537168
8   chromedriver                        0x0000000104b89ab0 chromedriver + 842416
9   chromedriver                        0x0000000104b3d6bc chromedriver + 530108
10  chromedriver                        0x0000000104b3e930 chromedriver + 534832
11  chromedriver                        0x0000000104e79e08 chromedriver + 3923464
12  chromedriver                        0x0000000104e7e3dc chromedriver + 3941340
13  chromedriver                        0x0000000104e62038 chromedriver + 3825720
14  chromedriver                        0x0000000104e7ef3c chromedriver + 3944252
15  chromedriver                        0x0000000104e546f4 chromedriver + 3770100
16  chromedriver                        0x0000000104e9b980 chromedriver + 4061568
17  chromedriver                        0x0000000104e9baf8 chromedriver + 4061944
18  chromedriver                        0x0000000104eac2e4 chromedriver + 4129508
19  libsystem_pthread.dylib             0x000000018ad62034 _pthread_start + 136
20  libsystem_pthread.dylib             0x000000018ad5ce3c thread_start + 8
Traceback (most recent call last):
  File "/Users/rlin/github/linrongbin16/colorbox.nvim/collect.py", line 375, in _parse_spec
    url = element.find_element(
          ^^^^^^^^^^^^^^^^^^^^^
  File "/opt/homebrew/lib/python3.11/site-packages/selenium/webdriver/remote/webelement.py", line 425, in find_element
    return self._execute(Command.FIND_CHILD_ELEMENT, {"using": by, "value": value})["value"]
           ^^^^^^^^^^^^^^^^^^^^^^^^^^^^^^^^^^^^^^^^^^^^^^^^^^^^^^^^^^^^^^^^^^^^^^^^
  File "/opt/homebrew/lib/python3.11/site-packages/selenium/webdriver/remote/webelement.py", line 403, in _execute
    return self._parent.execute(command, params)
           ^^^^^^^^^^^^^^^^^^^^^^^^^^^^^^^^^^^^^
  File "/opt/homebrew/lib/python3.11/site-packages/selenium/webdriver/remote/webdriver.py", line 440, in execute
    self.error_handler.check_response(response)
  File "/opt/homebrew/lib/python3.11/site-packages/selenium/webdriver/remote/errorhandler.py", line 245, in check_response
    raise exception_class(message, screen, stacktrace)
selenium.common.exceptions.StaleElementReferenceException: Message: stale element reference: stale element not found
  (Session info: chrome-headless-shell=120.0.6099.234)
Stacktrace:
0   chromedriver                        0x0000000104eb44dc chromedriver + 4162780
1   chromedriver                        0x0000000104eac664 chromedriver + 4130404
2   chromedriver                        0x0000000104b03bc0 chromedriver + 293824
3   chromedriver                        0x0000000104b09234 chromedriver + 315956
4   chromedriver                        0x0000000104b0b13c chromedriver + 323900
5   chromedriver                        0x0000000104b0b278 chromedriver + 324216
6   chromedriver                        0x0000000104b4a198 chromedriver + 582040
7   chromedriver                        0x0000000104b3f250 chromedriver + 537168
8   chromedriver                        0x0000000104b89ab0 chromedriver + 842416
9   chromedriver                        0x0000000104b3d6bc chromedriver + 530108
10  chromedriver                        0x0000000104b3e930 chromedriver + 534832
11  chromedriver                        0x0000000104e79e08 chromedriver + 3923464
12  chromedriver                        0x0000000104e7e3dc chromedriver + 3941340
13  chromedriver                        0x0000000104e62038 chromedriver + 3825720
14  chromedriver                        0x0000000104e7ef3c chromedriver + 3944252
15  chromedriver                        0x0000000104e546f4 chromedriver + 3770100
16  chromedriver                        0x0000000104e9b980 chromedriver + 4061568
17  chromedriver                        0x0000000104e9baf8 chromedriver + 4061944
18  chromedriver                        0x0000000104eac2e4 chromedriver + 4129508
19  libsystem_pthread.dylib             0x000000018ad62034 _pthread_start + 136
20  libsystem_pthread.dylib             0x000000018ad5ce3c thread_start + 8

2024-01-23 09:59:59,709 ERROR [collect.py:410](_parse_spec) - Message: stale element reference: stale element not found
  (Session info: chrome-headless-shell=120.0.6099.234)
Stacktrace:
0   chromedriver                        0x0000000104eb44dc chromedriver + 4162780
1   chromedriver                        0x0000000104eac664 chromedriver + 4130404
2   chromedriver                        0x0000000104b03bc0 chromedriver + 293824
3   chromedriver                        0x0000000104b09234 chromedriver + 315956
4   chromedriver                        0x0000000104b0b13c chromedriver + 323900
5   chromedriver                        0x0000000104b0b278 chromedriver + 324216
6   chromedriver                        0x0000000104b4a198 chromedriver + 582040
7   chromedriver                        0x0000000104b3f250 chromedriver + 537168
8   chromedriver                        0x0000000104b89ab0 chromedriver + 842416
9   chromedriver                        0x0000000104b3d6bc chromedriver + 530108
10  chromedriver                        0x0000000104b3e930 chromedriver + 534832
11  chromedriver                        0x0000000104e79e08 chromedriver + 3923464
12  chromedriver                        0x0000000104e7e3dc chromedriver + 3941340
13  chromedriver                        0x0000000104e62038 chromedriver + 3825720
14  chromedriver                        0x0000000104e7ef3c chromedriver + 3944252
15  chromedriver                        0x0000000104e546f4 chromedriver + 3770100
16  chromedriver                        0x0000000104e9b980 chromedriver + 4061568
17  chromedriver                        0x0000000104e9baf8 chromedriver + 4061944
18  chromedriver                        0x0000000104eac2e4 chromedriver + 4129508
19  libsystem_pthread.dylib             0x000000018ad62034 _pthread_start + 136
20  libsystem_pthread.dylib             0x000000018ad5ce3c thread_start + 8
Traceback (most recent call last):
  File "/Users/rlin/github/linrongbin16/colorbox.nvim/collect.py", line 375, in _parse_spec
    url = element.find_element(
          ^^^^^^^^^^^^^^^^^^^^^
  File "/opt/homebrew/lib/python3.11/site-packages/selenium/webdriver/remote/webelement.py", line 425, in find_element
    return self._execute(Command.FIND_CHILD_ELEMENT, {"using": by, "value": value})["value"]
           ^^^^^^^^^^^^^^^^^^^^^^^^^^^^^^^^^^^^^^^^^^^^^^^^^^^^^^^^^^^^^^^^^^^^^^^^
  File "/opt/homebrew/lib/python3.11/site-packages/selenium/webdriver/remote/webelement.py", line 403, in _execute
    return self._parent.execute(command, params)
           ^^^^^^^^^^^^^^^^^^^^^^^^^^^^^^^^^^^^^
  File "/opt/homebrew/lib/python3.11/site-packages/selenium/webdriver/remote/webdriver.py", line 440, in execute
    self.error_handler.check_response(response)
  File "/opt/homebrew/lib/python3.11/site-packages/selenium/webdriver/remote/errorhandler.py", line 245, in check_response
    raise exception_class(message, screen, stacktrace)
selenium.common.exceptions.StaleElementReferenceException: Message: stale element reference: stale element not found
  (Session info: chrome-headless-shell=120.0.6099.234)
Stacktrace:
0   chromedriver                        0x0000000104eb44dc chromedriver + 4162780
1   chromedriver                        0x0000000104eac664 chromedriver + 4130404
2   chromedriver                        0x0000000104b03bc0 chromedriver + 293824
3   chromedriver                        0x0000000104b09234 chromedriver + 315956
4   chromedriver                        0x0000000104b0b13c chromedriver + 323900
5   chromedriver                        0x0000000104b0b278 chromedriver + 324216
6   chromedriver                        0x0000000104b4a198 chromedriver + 582040
7   chromedriver                        0x0000000104b3f250 chromedriver + 537168
8   chromedriver                        0x0000000104b89ab0 chromedriver + 842416
9   chromedriver                        0x0000000104b3d6bc chromedriver + 530108
10  chromedriver                        0x0000000104b3e930 chromedriver + 534832
11  chromedriver                        0x0000000104e79e08 chromedriver + 3923464
12  chromedriver                        0x0000000104e7e3dc chromedriver + 3941340
13  chromedriver                        0x0000000104e62038 chromedriver + 3825720
14  chromedriver                        0x0000000104e7ef3c chromedriver + 3944252
15  chromedriver                        0x0000000104e546f4 chromedriver + 3770100
16  chromedriver                        0x0000000104e9b980 chromedriver + 4061568
17  chromedriver                        0x0000000104e9baf8 chromedriver + 4061944
18  chromedriver                        0x0000000104eac2e4 chromedriver + 4129508
19  libsystem_pthread.dylib             0x000000018ad62034 _pthread_start + 136
20  libsystem_pthread.dylib             0x000000018ad5ce3c thread_start + 8

2024-01-23 09:59:59,712 ERROR [collect.py:410](_parse_spec) - Message: stale element reference: stale element not found
  (Session info: chrome-headless-shell=120.0.6099.234)
Stacktrace:
0   chromedriver                        0x0000000104eb44dc chromedriver + 4162780
1   chromedriver                        0x0000000104eac664 chromedriver + 4130404
2   chromedriver                        0x0000000104b03bc0 chromedriver + 293824
3   chromedriver                        0x0000000104b09234 chromedriver + 315956
4   chromedriver                        0x0000000104b0b13c chromedriver + 323900
5   chromedriver                        0x0000000104b0b278 chromedriver + 324216
6   chromedriver                        0x0000000104b4a198 chromedriver + 582040
7   chromedriver                        0x0000000104b3f250 chromedriver + 537168
8   chromedriver                        0x0000000104b89ab0 chromedriver + 842416
9   chromedriver                        0x0000000104b3d6bc chromedriver + 530108
10  chromedriver                        0x0000000104b3e930 chromedriver + 534832
11  chromedriver                        0x0000000104e79e08 chromedriver + 3923464
12  chromedriver                        0x0000000104e7e3dc chromedriver + 3941340
13  chromedriver                        0x0000000104e62038 chromedriver + 3825720
14  chromedriver                        0x0000000104e7ef3c chromedriver + 3944252
15  chromedriver                        0x0000000104e546f4 chromedriver + 3770100
16  chromedriver                        0x0000000104e9b980 chromedriver + 4061568
17  chromedriver                        0x0000000104e9baf8 chromedriver + 4061944
18  chromedriver                        0x0000000104eac2e4 chromedriver + 4129508
19  libsystem_pthread.dylib             0x000000018ad62034 _pthread_start + 136
20  libsystem_pthread.dylib             0x000000018ad5ce3c thread_start + 8
Traceback (most recent call last):
  File "/Users/rlin/github/linrongbin16/colorbox.nvim/collect.py", line 375, in _parse_spec
    url = element.find_element(
          ^^^^^^^^^^^^^^^^^^^^^
  File "/opt/homebrew/lib/python3.11/site-packages/selenium/webdriver/remote/webelement.py", line 425, in find_element
    return self._execute(Command.FIND_CHILD_ELEMENT, {"using": by, "value": value})["value"]
           ^^^^^^^^^^^^^^^^^^^^^^^^^^^^^^^^^^^^^^^^^^^^^^^^^^^^^^^^^^^^^^^^^^^^^^^^
  File "/opt/homebrew/lib/python3.11/site-packages/selenium/webdriver/remote/webelement.py", line 403, in _execute
    return self._parent.execute(command, params)
           ^^^^^^^^^^^^^^^^^^^^^^^^^^^^^^^^^^^^^
  File "/opt/homebrew/lib/python3.11/site-packages/selenium/webdriver/remote/webdriver.py", line 440, in execute
    self.error_handler.check_response(response)
  File "/opt/homebrew/lib/python3.11/site-packages/selenium/webdriver/remote/errorhandler.py", line 245, in check_response
    raise exception_class(message, screen, stacktrace)
selenium.common.exceptions.StaleElementReferenceException: Message: stale element reference: stale element not found
  (Session info: chrome-headless-shell=120.0.6099.234)
Stacktrace:
0   chromedriver                        0x0000000104eb44dc chromedriver + 4162780
1   chromedriver                        0x0000000104eac664 chromedriver + 4130404
2   chromedriver                        0x0000000104b03bc0 chromedriver + 293824
3   chromedriver                        0x0000000104b09234 chromedriver + 315956
4   chromedriver                        0x0000000104b0b13c chromedriver + 323900
5   chromedriver                        0x0000000104b0b278 chromedriver + 324216
6   chromedriver                        0x0000000104b4a198 chromedriver + 582040
7   chromedriver                        0x0000000104b3f250 chromedriver + 537168
8   chromedriver                        0x0000000104b89ab0 chromedriver + 842416
9   chromedriver                        0x0000000104b3d6bc chromedriver + 530108
10  chromedriver                        0x0000000104b3e930 chromedriver + 534832
11  chromedriver                        0x0000000104e79e08 chromedriver + 3923464
12  chromedriver                        0x0000000104e7e3dc chromedriver + 3941340
13  chromedriver                        0x0000000104e62038 chromedriver + 3825720
14  chromedriver                        0x0000000104e7ef3c chromedriver + 3944252
15  chromedriver                        0x0000000104e546f4 chromedriver + 3770100
16  chromedriver                        0x0000000104e9b980 chromedriver + 4061568
17  chromedriver                        0x0000000104e9baf8 chromedriver + 4061944
18  chromedriver                        0x0000000104eac2e4 chromedriver + 4129508
19  libsystem_pthread.dylib             0x000000018ad62034 _pthread_start + 136
20  libsystem_pthread.dylib             0x000000018ad5ce3c thread_start + 8

2024-01-23 09:59:59,716 ERROR [collect.py:410](_parse_spec) - Message: stale element reference: stale element not found
  (Session info: chrome-headless-shell=120.0.6099.234)
Stacktrace:
0   chromedriver                        0x0000000104eb44dc chromedriver + 4162780
1   chromedriver                        0x0000000104eac664 chromedriver + 4130404
2   chromedriver                        0x0000000104b03bc0 chromedriver + 293824
3   chromedriver                        0x0000000104b09234 chromedriver + 315956
4   chromedriver                        0x0000000104b0b13c chromedriver + 323900
5   chromedriver                        0x0000000104b0b278 chromedriver + 324216
6   chromedriver                        0x0000000104b4a198 chromedriver + 582040
7   chromedriver                        0x0000000104b3f250 chromedriver + 537168
8   chromedriver                        0x0000000104b89ab0 chromedriver + 842416
9   chromedriver                        0x0000000104b3d6bc chromedriver + 530108
10  chromedriver                        0x0000000104b3e930 chromedriver + 534832
11  chromedriver                        0x0000000104e79e08 chromedriver + 3923464
12  chromedriver                        0x0000000104e7e3dc chromedriver + 3941340
13  chromedriver                        0x0000000104e62038 chromedriver + 3825720
14  chromedriver                        0x0000000104e7ef3c chromedriver + 3944252
15  chromedriver                        0x0000000104e546f4 chromedriver + 3770100
16  chromedriver                        0x0000000104e9b980 chromedriver + 4061568
17  chromedriver                        0x0000000104e9baf8 chromedriver + 4061944
18  chromedriver                        0x0000000104eac2e4 chromedriver + 4129508
19  libsystem_pthread.dylib             0x000000018ad62034 _pthread_start + 136
20  libsystem_pthread.dylib             0x000000018ad5ce3c thread_start + 8
Traceback (most recent call last):
  File "/Users/rlin/github/linrongbin16/colorbox.nvim/collect.py", line 375, in _parse_spec
    url = element.find_element(
          ^^^^^^^^^^^^^^^^^^^^^
  File "/opt/homebrew/lib/python3.11/site-packages/selenium/webdriver/remote/webelement.py", line 425, in find_element
    return self._execute(Command.FIND_CHILD_ELEMENT, {"using": by, "value": value})["value"]
           ^^^^^^^^^^^^^^^^^^^^^^^^^^^^^^^^^^^^^^^^^^^^^^^^^^^^^^^^^^^^^^^^^^^^^^^^
  File "/opt/homebrew/lib/python3.11/site-packages/selenium/webdriver/remote/webelement.py", line 403, in _execute
    return self._parent.execute(command, params)
           ^^^^^^^^^^^^^^^^^^^^^^^^^^^^^^^^^^^^^
  File "/opt/homebrew/lib/python3.11/site-packages/selenium/webdriver/remote/webdriver.py", line 440, in execute
    self.error_handler.check_response(response)
  File "/opt/homebrew/lib/python3.11/site-packages/selenium/webdriver/remote/errorhandler.py", line 245, in check_response
    raise exception_class(message, screen, stacktrace)
selenium.common.exceptions.StaleElementReferenceException: Message: stale element reference: stale element not found
  (Session info: chrome-headless-shell=120.0.6099.234)
Stacktrace:
0   chromedriver                        0x0000000104eb44dc chromedriver + 4162780
1   chromedriver                        0x0000000104eac664 chromedriver + 4130404
2   chromedriver                        0x0000000104b03bc0 chromedriver + 293824
3   chromedriver                        0x0000000104b09234 chromedriver + 315956
4   chromedriver                        0x0000000104b0b13c chromedriver + 323900
5   chromedriver                        0x0000000104b0b278 chromedriver + 324216
6   chromedriver                        0x0000000104b4a198 chromedriver + 582040
7   chromedriver                        0x0000000104b3f250 chromedriver + 537168
8   chromedriver                        0x0000000104b89ab0 chromedriver + 842416
9   chromedriver                        0x0000000104b3d6bc chromedriver + 530108
10  chromedriver                        0x0000000104b3e930 chromedriver + 534832
11  chromedriver                        0x0000000104e79e08 chromedriver + 3923464
12  chromedriver                        0x0000000104e7e3dc chromedriver + 3941340
13  chromedriver                        0x0000000104e62038 chromedriver + 3825720
14  chromedriver                        0x0000000104e7ef3c chromedriver + 3944252
15  chromedriver                        0x0000000104e546f4 chromedriver + 3770100
16  chromedriver                        0x0000000104e9b980 chromedriver + 4061568
17  chromedriver                        0x0000000104e9baf8 chromedriver + 4061944
18  chromedriver                        0x0000000104eac2e4 chromedriver + 4129508
19  libsystem_pthread.dylib             0x000000018ad62034 _pthread_start + 136
20  libsystem_pthread.dylib             0x000000018ad5ce3c thread_start + 8

2024-01-23 09:59:59,720 ERROR [collect.py:410](_parse_spec) - Message: stale element reference: stale element not found
  (Session info: chrome-headless-shell=120.0.6099.234)
Stacktrace:
0   chromedriver                        0x0000000104eb44dc chromedriver + 4162780
1   chromedriver                        0x0000000104eac664 chromedriver + 4130404
2   chromedriver                        0x0000000104b03bc0 chromedriver + 293824
3   chromedriver                        0x0000000104b09234 chromedriver + 315956
4   chromedriver                        0x0000000104b0b13c chromedriver + 323900
5   chromedriver                        0x0000000104b0b278 chromedriver + 324216
6   chromedriver                        0x0000000104b4a198 chromedriver + 582040
7   chromedriver                        0x0000000104b3f250 chromedriver + 537168
8   chromedriver                        0x0000000104b89ab0 chromedriver + 842416
9   chromedriver                        0x0000000104b3d6bc chromedriver + 530108
10  chromedriver                        0x0000000104b3e930 chromedriver + 534832
11  chromedriver                        0x0000000104e79e08 chromedriver + 3923464
12  chromedriver                        0x0000000104e7e3dc chromedriver + 3941340
13  chromedriver                        0x0000000104e62038 chromedriver + 3825720
14  chromedriver                        0x0000000104e7ef3c chromedriver + 3944252
15  chromedriver                        0x0000000104e546f4 chromedriver + 3770100
16  chromedriver                        0x0000000104e9b980 chromedriver + 4061568
17  chromedriver                        0x0000000104e9baf8 chromedriver + 4061944
18  chromedriver                        0x0000000104eac2e4 chromedriver + 4129508
19  libsystem_pthread.dylib             0x000000018ad62034 _pthread_start + 136
20  libsystem_pthread.dylib             0x000000018ad5ce3c thread_start + 8
Traceback (most recent call last):
  File "/Users/rlin/github/linrongbin16/colorbox.nvim/collect.py", line 375, in _parse_spec
    url = element.find_element(
          ^^^^^^^^^^^^^^^^^^^^^
  File "/opt/homebrew/lib/python3.11/site-packages/selenium/webdriver/remote/webelement.py", line 425, in find_element
    return self._execute(Command.FIND_CHILD_ELEMENT, {"using": by, "value": value})["value"]
           ^^^^^^^^^^^^^^^^^^^^^^^^^^^^^^^^^^^^^^^^^^^^^^^^^^^^^^^^^^^^^^^^^^^^^^^^
  File "/opt/homebrew/lib/python3.11/site-packages/selenium/webdriver/remote/webelement.py", line 403, in _execute
    return self._parent.execute(command, params)
           ^^^^^^^^^^^^^^^^^^^^^^^^^^^^^^^^^^^^^
  File "/opt/homebrew/lib/python3.11/site-packages/selenium/webdriver/remote/webdriver.py", line 440, in execute
    self.error_handler.check_response(response)
  File "/opt/homebrew/lib/python3.11/site-packages/selenium/webdriver/remote/errorhandler.py", line 245, in check_response
    raise exception_class(message, screen, stacktrace)
selenium.common.exceptions.StaleElementReferenceException: Message: stale element reference: stale element not found
  (Session info: chrome-headless-shell=120.0.6099.234)
Stacktrace:
0   chromedriver                        0x0000000104eb44dc chromedriver + 4162780
1   chromedriver                        0x0000000104eac664 chromedriver + 4130404
2   chromedriver                        0x0000000104b03bc0 chromedriver + 293824
3   chromedriver                        0x0000000104b09234 chromedriver + 315956
4   chromedriver                        0x0000000104b0b13c chromedriver + 323900
5   chromedriver                        0x0000000104b0b278 chromedriver + 324216
6   chromedriver                        0x0000000104b4a198 chromedriver + 582040
7   chromedriver                        0x0000000104b3f250 chromedriver + 537168
8   chromedriver                        0x0000000104b89ab0 chromedriver + 842416
9   chromedriver                        0x0000000104b3d6bc chromedriver + 530108
10  chromedriver                        0x0000000104b3e930 chromedriver + 534832
11  chromedriver                        0x0000000104e79e08 chromedriver + 3923464
12  chromedriver                        0x0000000104e7e3dc chromedriver + 3941340
13  chromedriver                        0x0000000104e62038 chromedriver + 3825720
14  chromedriver                        0x0000000104e7ef3c chromedriver + 3944252
15  chromedriver                        0x0000000104e546f4 chromedriver + 3770100
16  chromedriver                        0x0000000104e9b980 chromedriver + 4061568
17  chromedriver                        0x0000000104e9baf8 chromedriver + 4061944
18  chromedriver                        0x0000000104eac2e4 chromedriver + 4129508
19  libsystem_pthread.dylib             0x000000018ad62034 _pthread_start + 136
20  libsystem_pthread.dylib             0x000000018ad5ce3c thread_start + 8

2024-01-23 09:59:59,723 ERROR [collect.py:410](_parse_spec) - Message: stale element reference: stale element not found
  (Session info: chrome-headless-shell=120.0.6099.234)
Stacktrace:
0   chromedriver                        0x0000000104eb44dc chromedriver + 4162780
1   chromedriver                        0x0000000104eac664 chromedriver + 4130404
2   chromedriver                        0x0000000104b03bc0 chromedriver + 293824
3   chromedriver                        0x0000000104b09234 chromedriver + 315956
4   chromedriver                        0x0000000104b0b13c chromedriver + 323900
5   chromedriver                        0x0000000104b0b278 chromedriver + 324216
6   chromedriver                        0x0000000104b4a198 chromedriver + 582040
7   chromedriver                        0x0000000104b3f250 chromedriver + 537168
8   chromedriver                        0x0000000104b89ab0 chromedriver + 842416
9   chromedriver                        0x0000000104b3d6bc chromedriver + 530108
10  chromedriver                        0x0000000104b3e930 chromedriver + 534832
11  chromedriver                        0x0000000104e79e08 chromedriver + 3923464
12  chromedriver                        0x0000000104e7e3dc chromedriver + 3941340
13  chromedriver                        0x0000000104e62038 chromedriver + 3825720
14  chromedriver                        0x0000000104e7ef3c chromedriver + 3944252
15  chromedriver                        0x0000000104e546f4 chromedriver + 3770100
16  chromedriver                        0x0000000104e9b980 chromedriver + 4061568
17  chromedriver                        0x0000000104e9baf8 chromedriver + 4061944
18  chromedriver                        0x0000000104eac2e4 chromedriver + 4129508
19  libsystem_pthread.dylib             0x000000018ad62034 _pthread_start + 136
20  libsystem_pthread.dylib             0x000000018ad5ce3c thread_start + 8
Traceback (most recent call last):
  File "/Users/rlin/github/linrongbin16/colorbox.nvim/collect.py", line 375, in _parse_spec
    url = element.find_element(
          ^^^^^^^^^^^^^^^^^^^^^
  File "/opt/homebrew/lib/python3.11/site-packages/selenium/webdriver/remote/webelement.py", line 425, in find_element
    return self._execute(Command.FIND_CHILD_ELEMENT, {"using": by, "value": value})["value"]
           ^^^^^^^^^^^^^^^^^^^^^^^^^^^^^^^^^^^^^^^^^^^^^^^^^^^^^^^^^^^^^^^^^^^^^^^^
  File "/opt/homebrew/lib/python3.11/site-packages/selenium/webdriver/remote/webelement.py", line 403, in _execute
    return self._parent.execute(command, params)
           ^^^^^^^^^^^^^^^^^^^^^^^^^^^^^^^^^^^^^
  File "/opt/homebrew/lib/python3.11/site-packages/selenium/webdriver/remote/webdriver.py", line 440, in execute
    self.error_handler.check_response(response)
  File "/opt/homebrew/lib/python3.11/site-packages/selenium/webdriver/remote/errorhandler.py", line 245, in check_response
    raise exception_class(message, screen, stacktrace)
selenium.common.exceptions.StaleElementReferenceException: Message: stale element reference: stale element not found
  (Session info: chrome-headless-shell=120.0.6099.234)
Stacktrace:
0   chromedriver                        0x0000000104eb44dc chromedriver + 4162780
1   chromedriver                        0x0000000104eac664 chromedriver + 4130404
2   chromedriver                        0x0000000104b03bc0 chromedriver + 293824
3   chromedriver                        0x0000000104b09234 chromedriver + 315956
4   chromedriver                        0x0000000104b0b13c chromedriver + 323900
5   chromedriver                        0x0000000104b0b278 chromedriver + 324216
6   chromedriver                        0x0000000104b4a198 chromedriver + 582040
7   chromedriver                        0x0000000104b3f250 chromedriver + 537168
8   chromedriver                        0x0000000104b89ab0 chromedriver + 842416
9   chromedriver                        0x0000000104b3d6bc chromedriver + 530108
10  chromedriver                        0x0000000104b3e930 chromedriver + 534832
11  chromedriver                        0x0000000104e79e08 chromedriver + 3923464
12  chromedriver                        0x0000000104e7e3dc chromedriver + 3941340
13  chromedriver                        0x0000000104e62038 chromedriver + 3825720
14  chromedriver                        0x0000000104e7ef3c chromedriver + 3944252
15  chromedriver                        0x0000000104e546f4 chromedriver + 3770100
16  chromedriver                        0x0000000104e9b980 chromedriver + 4061568
17  chromedriver                        0x0000000104e9baf8 chromedriver + 4061944
18  chromedriver                        0x0000000104eac2e4 chromedriver + 4129508
19  libsystem_pthread.dylib             0x000000018ad62034 _pthread_start + 136
20  libsystem_pthread.dylib             0x000000018ad5ce3c thread_start + 8

2024-01-23 09:59:59,727 ERROR [collect.py:410](_parse_spec) - Message: stale element reference: stale element not found
  (Session info: chrome-headless-shell=120.0.6099.234)
Stacktrace:
0   chromedriver                        0x0000000104eb44dc chromedriver + 4162780
1   chromedriver                        0x0000000104eac664 chromedriver + 4130404
2   chromedriver                        0x0000000104b03bc0 chromedriver + 293824
3   chromedriver                        0x0000000104b09234 chromedriver + 315956
4   chromedriver                        0x0000000104b0b13c chromedriver + 323900
5   chromedriver                        0x0000000104b0b278 chromedriver + 324216
6   chromedriver                        0x0000000104b4a198 chromedriver + 582040
7   chromedriver                        0x0000000104b3f250 chromedriver + 537168
8   chromedriver                        0x0000000104b89ab0 chromedriver + 842416
9   chromedriver                        0x0000000104b3d6bc chromedriver + 530108
10  chromedriver                        0x0000000104b3e930 chromedriver + 534832
11  chromedriver                        0x0000000104e79e08 chromedriver + 3923464
12  chromedriver                        0x0000000104e7e3dc chromedriver + 3941340
13  chromedriver                        0x0000000104e62038 chromedriver + 3825720
14  chromedriver                        0x0000000104e7ef3c chromedriver + 3944252
15  chromedriver                        0x0000000104e546f4 chromedriver + 3770100
16  chromedriver                        0x0000000104e9b980 chromedriver + 4061568
17  chromedriver                        0x0000000104e9baf8 chromedriver + 4061944
18  chromedriver                        0x0000000104eac2e4 chromedriver + 4129508
19  libsystem_pthread.dylib             0x000000018ad62034 _pthread_start + 136
20  libsystem_pthread.dylib             0x000000018ad5ce3c thread_start + 8
Traceback (most recent call last):
  File "/Users/rlin/github/linrongbin16/colorbox.nvim/collect.py", line 375, in _parse_spec
    url = element.find_element(
          ^^^^^^^^^^^^^^^^^^^^^
  File "/opt/homebrew/lib/python3.11/site-packages/selenium/webdriver/remote/webelement.py", line 425, in find_element
    return self._execute(Command.FIND_CHILD_ELEMENT, {"using": by, "value": value})["value"]
           ^^^^^^^^^^^^^^^^^^^^^^^^^^^^^^^^^^^^^^^^^^^^^^^^^^^^^^^^^^^^^^^^^^^^^^^^
  File "/opt/homebrew/lib/python3.11/site-packages/selenium/webdriver/remote/webelement.py", line 403, in _execute
    return self._parent.execute(command, params)
           ^^^^^^^^^^^^^^^^^^^^^^^^^^^^^^^^^^^^^
  File "/opt/homebrew/lib/python3.11/site-packages/selenium/webdriver/remote/webdriver.py", line 440, in execute
    self.error_handler.check_response(response)
  File "/opt/homebrew/lib/python3.11/site-packages/selenium/webdriver/remote/errorhandler.py", line 245, in check_response
    raise exception_class(message, screen, stacktrace)
selenium.common.exceptions.StaleElementReferenceException: Message: stale element reference: stale element not found
  (Session info: chrome-headless-shell=120.0.6099.234)
Stacktrace:
0   chromedriver                        0x0000000104eb44dc chromedriver + 4162780
1   chromedriver                        0x0000000104eac664 chromedriver + 4130404
2   chromedriver                        0x0000000104b03bc0 chromedriver + 293824
3   chromedriver                        0x0000000104b09234 chromedriver + 315956
4   chromedriver                        0x0000000104b0b13c chromedriver + 323900
5   chromedriver                        0x0000000104b0b278 chromedriver + 324216
6   chromedriver                        0x0000000104b4a198 chromedriver + 582040
7   chromedriver                        0x0000000104b3f250 chromedriver + 537168
8   chromedriver                        0x0000000104b89ab0 chromedriver + 842416
9   chromedriver                        0x0000000104b3d6bc chromedriver + 530108
10  chromedriver                        0x0000000104b3e930 chromedriver + 534832
11  chromedriver                        0x0000000104e79e08 chromedriver + 3923464
12  chromedriver                        0x0000000104e7e3dc chromedriver + 3941340
13  chromedriver                        0x0000000104e62038 chromedriver + 3825720
14  chromedriver                        0x0000000104e7ef3c chromedriver + 3944252
15  chromedriver                        0x0000000104e546f4 chromedriver + 3770100
16  chromedriver                        0x0000000104e9b980 chromedriver + 4061568
17  chromedriver                        0x0000000104e9baf8 chromedriver + 4061944
18  chromedriver                        0x0000000104eac2e4 chromedriver + 4129508
19  libsystem_pthread.dylib             0x000000018ad62034 _pthread_start + 136
20  libsystem_pthread.dylib             0x000000018ad5ce3c thread_start + 8

2024-01-23 09:59:59,730 ERROR [collect.py:410](_parse_spec) - Message: stale element reference: stale element not found
  (Session info: chrome-headless-shell=120.0.6099.234)
Stacktrace:
0   chromedriver                        0x0000000104eb44dc chromedriver + 4162780
1   chromedriver                        0x0000000104eac664 chromedriver + 4130404
2   chromedriver                        0x0000000104b03bc0 chromedriver + 293824
3   chromedriver                        0x0000000104b09234 chromedriver + 315956
4   chromedriver                        0x0000000104b0b13c chromedriver + 323900
5   chromedriver                        0x0000000104b0b278 chromedriver + 324216
6   chromedriver                        0x0000000104b4a198 chromedriver + 582040
7   chromedriver                        0x0000000104b3f250 chromedriver + 537168
8   chromedriver                        0x0000000104b89ab0 chromedriver + 842416
9   chromedriver                        0x0000000104b3d6bc chromedriver + 530108
10  chromedriver                        0x0000000104b3e930 chromedriver + 534832
11  chromedriver                        0x0000000104e79e08 chromedriver + 3923464
12  chromedriver                        0x0000000104e7e3dc chromedriver + 3941340
13  chromedriver                        0x0000000104e62038 chromedriver + 3825720
14  chromedriver                        0x0000000104e7ef3c chromedriver + 3944252
15  chromedriver                        0x0000000104e546f4 chromedriver + 3770100
16  chromedriver                        0x0000000104e9b980 chromedriver + 4061568
17  chromedriver                        0x0000000104e9baf8 chromedriver + 4061944
18  chromedriver                        0x0000000104eac2e4 chromedriver + 4129508
19  libsystem_pthread.dylib             0x000000018ad62034 _pthread_start + 136
20  libsystem_pthread.dylib             0x000000018ad5ce3c thread_start + 8
Traceback (most recent call last):
  File "/Users/rlin/github/linrongbin16/colorbox.nvim/collect.py", line 375, in _parse_spec
    url = element.find_element(
          ^^^^^^^^^^^^^^^^^^^^^
  File "/opt/homebrew/lib/python3.11/site-packages/selenium/webdriver/remote/webelement.py", line 425, in find_element
    return self._execute(Command.FIND_CHILD_ELEMENT, {"using": by, "value": value})["value"]
           ^^^^^^^^^^^^^^^^^^^^^^^^^^^^^^^^^^^^^^^^^^^^^^^^^^^^^^^^^^^^^^^^^^^^^^^^
  File "/opt/homebrew/lib/python3.11/site-packages/selenium/webdriver/remote/webelement.py", line 403, in _execute
    return self._parent.execute(command, params)
           ^^^^^^^^^^^^^^^^^^^^^^^^^^^^^^^^^^^^^
  File "/opt/homebrew/lib/python3.11/site-packages/selenium/webdriver/remote/webdriver.py", line 440, in execute
    self.error_handler.check_response(response)
  File "/opt/homebrew/lib/python3.11/site-packages/selenium/webdriver/remote/errorhandler.py", line 245, in check_response
    raise exception_class(message, screen, stacktrace)
selenium.common.exceptions.StaleElementReferenceException: Message: stale element reference: stale element not found
  (Session info: chrome-headless-shell=120.0.6099.234)
Stacktrace:
0   chromedriver                        0x0000000104eb44dc chromedriver + 4162780
1   chromedriver                        0x0000000104eac664 chromedriver + 4130404
2   chromedriver                        0x0000000104b03bc0 chromedriver + 293824
3   chromedriver                        0x0000000104b09234 chromedriver + 315956
4   chromedriver                        0x0000000104b0b13c chromedriver + 323900
5   chromedriver                        0x0000000104b0b278 chromedriver + 324216
6   chromedriver                        0x0000000104b4a198 chromedriver + 582040
7   chromedriver                        0x0000000104b3f250 chromedriver + 537168
8   chromedriver                        0x0000000104b89ab0 chromedriver + 842416
9   chromedriver                        0x0000000104b3d6bc chromedriver + 530108
10  chromedriver                        0x0000000104b3e930 chromedriver + 534832
11  chromedriver                        0x0000000104e79e08 chromedriver + 3923464
12  chromedriver                        0x0000000104e7e3dc chromedriver + 3941340
13  chromedriver                        0x0000000104e62038 chromedriver + 3825720
14  chromedriver                        0x0000000104e7ef3c chromedriver + 3944252
15  chromedriver                        0x0000000104e546f4 chromedriver + 3770100
16  chromedriver                        0x0000000104e9b980 chromedriver + 4061568
17  chromedriver                        0x0000000104e9baf8 chromedriver + 4061944
18  chromedriver                        0x0000000104eac2e4 chromedriver + 4129508
19  libsystem_pthread.dylib             0x000000018ad62034 _pthread_start + 136
20  libsystem_pthread.dylib             0x000000018ad5ce3c thread_start + 8

2024-01-23 09:59:59,734 ERROR [collect.py:410](_parse_spec) - Message: stale element reference: stale element not found
  (Session info: chrome-headless-shell=120.0.6099.234)
Stacktrace:
0   chromedriver                        0x0000000104eb44dc chromedriver + 4162780
1   chromedriver                        0x0000000104eac664 chromedriver + 4130404
2   chromedriver                        0x0000000104b03bc0 chromedriver + 293824
3   chromedriver                        0x0000000104b09234 chromedriver + 315956
4   chromedriver                        0x0000000104b0b13c chromedriver + 323900
5   chromedriver                        0x0000000104b0b278 chromedriver + 324216
6   chromedriver                        0x0000000104b4a198 chromedriver + 582040
7   chromedriver                        0x0000000104b3f250 chromedriver + 537168
8   chromedriver                        0x0000000104b89ab0 chromedriver + 842416
9   chromedriver                        0x0000000104b3d6bc chromedriver + 530108
10  chromedriver                        0x0000000104b3e930 chromedriver + 534832
11  chromedriver                        0x0000000104e79e08 chromedriver + 3923464
12  chromedriver                        0x0000000104e7e3dc chromedriver + 3941340
13  chromedriver                        0x0000000104e62038 chromedriver + 3825720
14  chromedriver                        0x0000000104e7ef3c chromedriver + 3944252
15  chromedriver                        0x0000000104e546f4 chromedriver + 3770100
16  chromedriver                        0x0000000104e9b980 chromedriver + 4061568
17  chromedriver                        0x0000000104e9baf8 chromedriver + 4061944
18  chromedriver                        0x0000000104eac2e4 chromedriver + 4129508
19  libsystem_pthread.dylib             0x000000018ad62034 _pthread_start + 136
20  libsystem_pthread.dylib             0x000000018ad5ce3c thread_start + 8
Traceback (most recent call last):
  File "/Users/rlin/github/linrongbin16/colorbox.nvim/collect.py", line 375, in _parse_spec
    url = element.find_element(
          ^^^^^^^^^^^^^^^^^^^^^
  File "/opt/homebrew/lib/python3.11/site-packages/selenium/webdriver/remote/webelement.py", line 425, in find_element
    return self._execute(Command.FIND_CHILD_ELEMENT, {"using": by, "value": value})["value"]
           ^^^^^^^^^^^^^^^^^^^^^^^^^^^^^^^^^^^^^^^^^^^^^^^^^^^^^^^^^^^^^^^^^^^^^^^^
  File "/opt/homebrew/lib/python3.11/site-packages/selenium/webdriver/remote/webelement.py", line 403, in _execute
    return self._parent.execute(command, params)
           ^^^^^^^^^^^^^^^^^^^^^^^^^^^^^^^^^^^^^
  File "/opt/homebrew/lib/python3.11/site-packages/selenium/webdriver/remote/webdriver.py", line 440, in execute
    self.error_handler.check_response(response)
  File "/opt/homebrew/lib/python3.11/site-packages/selenium/webdriver/remote/errorhandler.py", line 245, in check_response
    raise exception_class(message, screen, stacktrace)
selenium.common.exceptions.StaleElementReferenceException: Message: stale element reference: stale element not found
  (Session info: chrome-headless-shell=120.0.6099.234)
Stacktrace:
0   chromedriver                        0x0000000104eb44dc chromedriver + 4162780
1   chromedriver                        0x0000000104eac664 chromedriver + 4130404
2   chromedriver                        0x0000000104b03bc0 chromedriver + 293824
3   chromedriver                        0x0000000104b09234 chromedriver + 315956
4   chromedriver                        0x0000000104b0b13c chromedriver + 323900
5   chromedriver                        0x0000000104b0b278 chromedriver + 324216
6   chromedriver                        0x0000000104b4a198 chromedriver + 582040
7   chromedriver                        0x0000000104b3f250 chromedriver + 537168
8   chromedriver                        0x0000000104b89ab0 chromedriver + 842416
9   chromedriver                        0x0000000104b3d6bc chromedriver + 530108
10  chromedriver                        0x0000000104b3e930 chromedriver + 534832
11  chromedriver                        0x0000000104e79e08 chromedriver + 3923464
12  chromedriver                        0x0000000104e7e3dc chromedriver + 3941340
13  chromedriver                        0x0000000104e62038 chromedriver + 3825720
14  chromedriver                        0x0000000104e7ef3c chromedriver + 3944252
15  chromedriver                        0x0000000104e546f4 chromedriver + 3770100
16  chromedriver                        0x0000000104e9b980 chromedriver + 4061568
17  chromedriver                        0x0000000104e9baf8 chromedriver + 4061944
18  chromedriver                        0x0000000104eac2e4 chromedriver + 4129508
19  libsystem_pthread.dylib             0x000000018ad62034 _pthread_start + 136
20  libsystem_pthread.dylib             0x000000018ad5ce3c thread_start + 8

2024-01-23 09:59:59,737 ERROR [collect.py:410](_parse_spec) - Message: stale element reference: stale element not found
  (Session info: chrome-headless-shell=120.0.6099.234)
Stacktrace:
0   chromedriver                        0x0000000104eb44dc chromedriver + 4162780
1   chromedriver                        0x0000000104eac664 chromedriver + 4130404
2   chromedriver                        0x0000000104b03bc0 chromedriver + 293824
3   chromedriver                        0x0000000104b09234 chromedriver + 315956
4   chromedriver                        0x0000000104b0b13c chromedriver + 323900
5   chromedriver                        0x0000000104b0b278 chromedriver + 324216
6   chromedriver                        0x0000000104b4a198 chromedriver + 582040
7   chromedriver                        0x0000000104b3f250 chromedriver + 537168
8   chromedriver                        0x0000000104b89ab0 chromedriver + 842416
9   chromedriver                        0x0000000104b3d6bc chromedriver + 530108
10  chromedriver                        0x0000000104b3e930 chromedriver + 534832
11  chromedriver                        0x0000000104e79e08 chromedriver + 3923464
12  chromedriver                        0x0000000104e7e3dc chromedriver + 3941340
13  chromedriver                        0x0000000104e62038 chromedriver + 3825720
14  chromedriver                        0x0000000104e7ef3c chromedriver + 3944252
15  chromedriver                        0x0000000104e546f4 chromedriver + 3770100
16  chromedriver                        0x0000000104e9b980 chromedriver + 4061568
17  chromedriver                        0x0000000104e9baf8 chromedriver + 4061944
18  chromedriver                        0x0000000104eac2e4 chromedriver + 4129508
19  libsystem_pthread.dylib             0x000000018ad62034 _pthread_start + 136
20  libsystem_pthread.dylib             0x000000018ad5ce3c thread_start + 8
Traceback (most recent call last):
  File "/Users/rlin/github/linrongbin16/colorbox.nvim/collect.py", line 375, in _parse_spec
    url = element.find_element(
          ^^^^^^^^^^^^^^^^^^^^^
  File "/opt/homebrew/lib/python3.11/site-packages/selenium/webdriver/remote/webelement.py", line 425, in find_element
    return self._execute(Command.FIND_CHILD_ELEMENT, {"using": by, "value": value})["value"]
           ^^^^^^^^^^^^^^^^^^^^^^^^^^^^^^^^^^^^^^^^^^^^^^^^^^^^^^^^^^^^^^^^^^^^^^^^
  File "/opt/homebrew/lib/python3.11/site-packages/selenium/webdriver/remote/webelement.py", line 403, in _execute
    return self._parent.execute(command, params)
           ^^^^^^^^^^^^^^^^^^^^^^^^^^^^^^^^^^^^^
  File "/opt/homebrew/lib/python3.11/site-packages/selenium/webdriver/remote/webdriver.py", line 440, in execute
    self.error_handler.check_response(response)
  File "/opt/homebrew/lib/python3.11/site-packages/selenium/webdriver/remote/errorhandler.py", line 245, in check_response
    raise exception_class(message, screen, stacktrace)
selenium.common.exceptions.StaleElementReferenceException: Message: stale element reference: stale element not found
  (Session info: chrome-headless-shell=120.0.6099.234)
Stacktrace:
0   chromedriver                        0x0000000104eb44dc chromedriver + 4162780
1   chromedriver                        0x0000000104eac664 chromedriver + 4130404
2   chromedriver                        0x0000000104b03bc0 chromedriver + 293824
3   chromedriver                        0x0000000104b09234 chromedriver + 315956
4   chromedriver                        0x0000000104b0b13c chromedriver + 323900
5   chromedriver                        0x0000000104b0b278 chromedriver + 324216
6   chromedriver                        0x0000000104b4a198 chromedriver + 582040
7   chromedriver                        0x0000000104b3f250 chromedriver + 537168
8   chromedriver                        0x0000000104b89ab0 chromedriver + 842416
9   chromedriver                        0x0000000104b3d6bc chromedriver + 530108
10  chromedriver                        0x0000000104b3e930 chromedriver + 534832
11  chromedriver                        0x0000000104e79e08 chromedriver + 3923464
12  chromedriver                        0x0000000104e7e3dc chromedriver + 3941340
13  chromedriver                        0x0000000104e62038 chromedriver + 3825720
14  chromedriver                        0x0000000104e7ef3c chromedriver + 3944252
15  chromedriver                        0x0000000104e546f4 chromedriver + 3770100
16  chromedriver                        0x0000000104e9b980 chromedriver + 4061568
17  chromedriver                        0x0000000104e9baf8 chromedriver + 4061944
18  chromedriver                        0x0000000104eac2e4 chromedriver + 4129508
19  libsystem_pthread.dylib             0x000000018ad62034 _pthread_start + 136
20  libsystem_pthread.dylib             0x000000018ad5ce3c thread_start + 8

2024-01-23 09:59:59,741 ERROR [collect.py:410](_parse_spec) - Message: stale element reference: stale element not found
  (Session info: chrome-headless-shell=120.0.6099.234)
Stacktrace:
0   chromedriver                        0x0000000104eb44dc chromedriver + 4162780
1   chromedriver                        0x0000000104eac664 chromedriver + 4130404
2   chromedriver                        0x0000000104b03bc0 chromedriver + 293824
3   chromedriver                        0x0000000104b09234 chromedriver + 315956
4   chromedriver                        0x0000000104b0b13c chromedriver + 323900
5   chromedriver                        0x0000000104b0b278 chromedriver + 324216
6   chromedriver                        0x0000000104b4a198 chromedriver + 582040
7   chromedriver                        0x0000000104b3f250 chromedriver + 537168
8   chromedriver                        0x0000000104b89ab0 chromedriver + 842416
9   chromedriver                        0x0000000104b3d6bc chromedriver + 530108
10  chromedriver                        0x0000000104b3e930 chromedriver + 534832
11  chromedriver                        0x0000000104e79e08 chromedriver + 3923464
12  chromedriver                        0x0000000104e7e3dc chromedriver + 3941340
13  chromedriver                        0x0000000104e62038 chromedriver + 3825720
14  chromedriver                        0x0000000104e7ef3c chromedriver + 3944252
15  chromedriver                        0x0000000104e546f4 chromedriver + 3770100
16  chromedriver                        0x0000000104e9b980 chromedriver + 4061568
17  chromedriver                        0x0000000104e9baf8 chromedriver + 4061944
18  chromedriver                        0x0000000104eac2e4 chromedriver + 4129508
19  libsystem_pthread.dylib             0x000000018ad62034 _pthread_start + 136
20  libsystem_pthread.dylib             0x000000018ad5ce3c thread_start + 8
Traceback (most recent call last):
  File "/Users/rlin/github/linrongbin16/colorbox.nvim/collect.py", line 375, in _parse_spec
    url = element.find_element(
          ^^^^^^^^^^^^^^^^^^^^^
  File "/opt/homebrew/lib/python3.11/site-packages/selenium/webdriver/remote/webelement.py", line 425, in find_element
    return self._execute(Command.FIND_CHILD_ELEMENT, {"using": by, "value": value})["value"]
           ^^^^^^^^^^^^^^^^^^^^^^^^^^^^^^^^^^^^^^^^^^^^^^^^^^^^^^^^^^^^^^^^^^^^^^^^
  File "/opt/homebrew/lib/python3.11/site-packages/selenium/webdriver/remote/webelement.py", line 403, in _execute
    return self._parent.execute(command, params)
           ^^^^^^^^^^^^^^^^^^^^^^^^^^^^^^^^^^^^^
  File "/opt/homebrew/lib/python3.11/site-packages/selenium/webdriver/remote/webdriver.py", line 440, in execute
    self.error_handler.check_response(response)
  File "/opt/homebrew/lib/python3.11/site-packages/selenium/webdriver/remote/errorhandler.py", line 245, in check_response
    raise exception_class(message, screen, stacktrace)
selenium.common.exceptions.StaleElementReferenceException: Message: stale element reference: stale element not found
  (Session info: chrome-headless-shell=120.0.6099.234)
Stacktrace:
0   chromedriver                        0x0000000104eb44dc chromedriver + 4162780
1   chromedriver                        0x0000000104eac664 chromedriver + 4130404
2   chromedriver                        0x0000000104b03bc0 chromedriver + 293824
3   chromedriver                        0x0000000104b09234 chromedriver + 315956
4   chromedriver                        0x0000000104b0b13c chromedriver + 323900
5   chromedriver                        0x0000000104b0b278 chromedriver + 324216
6   chromedriver                        0x0000000104b4a198 chromedriver + 582040
7   chromedriver                        0x0000000104b3f250 chromedriver + 537168
8   chromedriver                        0x0000000104b89ab0 chromedriver + 842416
9   chromedriver                        0x0000000104b3d6bc chromedriver + 530108
10  chromedriver                        0x0000000104b3e930 chromedriver + 534832
11  chromedriver                        0x0000000104e79e08 chromedriver + 3923464
12  chromedriver                        0x0000000104e7e3dc chromedriver + 3941340
13  chromedriver                        0x0000000104e62038 chromedriver + 3825720
14  chromedriver                        0x0000000104e7ef3c chromedriver + 3944252
15  chromedriver                        0x0000000104e546f4 chromedriver + 3770100
16  chromedriver                        0x0000000104e9b980 chromedriver + 4061568
17  chromedriver                        0x0000000104e9baf8 chromedriver + 4061944
18  chromedriver                        0x0000000104eac2e4 chromedriver + 4129508
19  libsystem_pthread.dylib             0x000000018ad62034 _pthread_start + 136
20  libsystem_pthread.dylib             0x000000018ad5ce3c thread_start + 8

2024-01-23 09:59:59,744 ERROR [collect.py:410](_parse_spec) - Message: stale element reference: stale element not found
  (Session info: chrome-headless-shell=120.0.6099.234)
Stacktrace:
0   chromedriver                        0x0000000104eb44dc chromedriver + 4162780
1   chromedriver                        0x0000000104eac664 chromedriver + 4130404
2   chromedriver                        0x0000000104b03bc0 chromedriver + 293824
3   chromedriver                        0x0000000104b09234 chromedriver + 315956
4   chromedriver                        0x0000000104b0b13c chromedriver + 323900
5   chromedriver                        0x0000000104b0b278 chromedriver + 324216
6   chromedriver                        0x0000000104b4a198 chromedriver + 582040
7   chromedriver                        0x0000000104b3f250 chromedriver + 537168
8   chromedriver                        0x0000000104b89ab0 chromedriver + 842416
9   chromedriver                        0x0000000104b3d6bc chromedriver + 530108
10  chromedriver                        0x0000000104b3e930 chromedriver + 534832
11  chromedriver                        0x0000000104e79e08 chromedriver + 3923464
12  chromedriver                        0x0000000104e7e3dc chromedriver + 3941340
13  chromedriver                        0x0000000104e62038 chromedriver + 3825720
14  chromedriver                        0x0000000104e7ef3c chromedriver + 3944252
15  chromedriver                        0x0000000104e546f4 chromedriver + 3770100
16  chromedriver                        0x0000000104e9b980 chromedriver + 4061568
17  chromedriver                        0x0000000104e9baf8 chromedriver + 4061944
18  chromedriver                        0x0000000104eac2e4 chromedriver + 4129508
19  libsystem_pthread.dylib             0x000000018ad62034 _pthread_start + 136
20  libsystem_pthread.dylib             0x000000018ad5ce3c thread_start + 8
Traceback (most recent call last):
  File "/Users/rlin/github/linrongbin16/colorbox.nvim/collect.py", line 375, in _parse_spec
    url = element.find_element(
          ^^^^^^^^^^^^^^^^^^^^^
  File "/opt/homebrew/lib/python3.11/site-packages/selenium/webdriver/remote/webelement.py", line 425, in find_element
    return self._execute(Command.FIND_CHILD_ELEMENT, {"using": by, "value": value})["value"]
           ^^^^^^^^^^^^^^^^^^^^^^^^^^^^^^^^^^^^^^^^^^^^^^^^^^^^^^^^^^^^^^^^^^^^^^^^
  File "/opt/homebrew/lib/python3.11/site-packages/selenium/webdriver/remote/webelement.py", line 403, in _execute
    return self._parent.execute(command, params)
           ^^^^^^^^^^^^^^^^^^^^^^^^^^^^^^^^^^^^^
  File "/opt/homebrew/lib/python3.11/site-packages/selenium/webdriver/remote/webdriver.py", line 440, in execute
    self.error_handler.check_response(response)
  File "/opt/homebrew/lib/python3.11/site-packages/selenium/webdriver/remote/errorhandler.py", line 245, in check_response
    raise exception_class(message, screen, stacktrace)
selenium.common.exceptions.StaleElementReferenceException: Message: stale element reference: stale element not found
  (Session info: chrome-headless-shell=120.0.6099.234)
Stacktrace:
0   chromedriver                        0x0000000104eb44dc chromedriver + 4162780
1   chromedriver                        0x0000000104eac664 chromedriver + 4130404
2   chromedriver                        0x0000000104b03bc0 chromedriver + 293824
3   chromedriver                        0x0000000104b09234 chromedriver + 315956
4   chromedriver                        0x0000000104b0b13c chromedriver + 323900
5   chromedriver                        0x0000000104b0b278 chromedriver + 324216
6   chromedriver                        0x0000000104b4a198 chromedriver + 582040
7   chromedriver                        0x0000000104b3f250 chromedriver + 537168
8   chromedriver                        0x0000000104b89ab0 chromedriver + 842416
9   chromedriver                        0x0000000104b3d6bc chromedriver + 530108
10  chromedriver                        0x0000000104b3e930 chromedriver + 534832
11  chromedriver                        0x0000000104e79e08 chromedriver + 3923464
12  chromedriver                        0x0000000104e7e3dc chromedriver + 3941340
13  chromedriver                        0x0000000104e62038 chromedriver + 3825720
14  chromedriver                        0x0000000104e7ef3c chromedriver + 3944252
15  chromedriver                        0x0000000104e546f4 chromedriver + 3770100
16  chromedriver                        0x0000000104e9b980 chromedriver + 4061568
17  chromedriver                        0x0000000104e9baf8 chromedriver + 4061944
18  chromedriver                        0x0000000104eac2e4 chromedriver + 4129508
19  libsystem_pthread.dylib             0x000000018ad62034 _pthread_start + 136
20  libsystem_pthread.dylib             0x000000018ad5ce3c thread_start + 8

2024-01-23 10:00:00,025 INFO [collect.py:429](fetch) - fetch (vcs) spec-25:<ColorSpec handle:bluz71/vim-moonfly-colors, url:https://github.com/bluz71/vim-moonfly-colors, github_stars:698, priority:0, last_git_commit:2024-01-22T07:10:18, git_branch:None>
2024-01-23 10:00:00,049 INFO [collect.py:429](fetch) - fetch (vcs) spec-26:<ColorSpec handle:fenetikm/falcon, url:https://github.com/fenetikm/falcon, github_stars:689, priority:0, last_git_commit:2023-03-12T03:17:37, git_branch:None>
2024-01-23 10:00:00,073 INFO [collect.py:429](fetch) - fetch (vcs) spec-27:<ColorSpec handle:drewtempelmeyer/palenight.vim, url:https://github.com/drewtempelmeyer/palenight.vim, github_stars:647, priority:0, last_git_commit:2023-04-27T14:20:24, git_branch:None>
2024-01-23 10:00:00,098 INFO [collect.py:429](fetch) - fetch (vcs) spec-28:<ColorSpec handle:olimorris/onedarkpro.nvim, url:https://github.com/olimorris/onedarkpro.nvim, github_stars:619, priority:0, last_git_commit:2024-01-22T09:26:23, git_branch:None>
2024-01-23 10:00:00,122 INFO [collect.py:429](fetch) - fetch (vcs) spec-29:<ColorSpec handle:embark-theme/vim, url:https://github.com/embark-theme/vim, github_stars:605, priority:0, last_git_commit:2024-01-14T21:34:48, git_branch:None>
2024-01-23 10:00:00,184 ERROR [collect.py:410](_parse_spec) - Message: stale element reference: stale element not found
  (Session info: chrome-headless-shell=120.0.6099.234)
Stacktrace:
0   chromedriver                        0x0000000104eb44dc chromedriver + 4162780
1   chromedriver                        0x0000000104eac664 chromedriver + 4130404
2   chromedriver                        0x0000000104b03bc0 chromedriver + 293824
3   chromedriver                        0x0000000104b09234 chromedriver + 315956
4   chromedriver                        0x0000000104b0b13c chromedriver + 323900
5   chromedriver                        0x0000000104b0b278 chromedriver + 324216
6   chromedriver                        0x0000000104b4a198 chromedriver + 582040
7   chromedriver                        0x0000000104b3f250 chromedriver + 537168
8   chromedriver                        0x0000000104b89ab0 chromedriver + 842416
9   chromedriver                        0x0000000104b3d6bc chromedriver + 530108
10  chromedriver                        0x0000000104b3e930 chromedriver + 534832
11  chromedriver                        0x0000000104e79e08 chromedriver + 3923464
12  chromedriver                        0x0000000104e7e3dc chromedriver + 3941340
13  chromedriver                        0x0000000104e62038 chromedriver + 3825720
14  chromedriver                        0x0000000104e7ef3c chromedriver + 3944252
15  chromedriver                        0x0000000104e546f4 chromedriver + 3770100
16  chromedriver                        0x0000000104e9b980 chromedriver + 4061568
17  chromedriver                        0x0000000104e9baf8 chromedriver + 4061944
18  chromedriver                        0x0000000104eac2e4 chromedriver + 4129508
19  libsystem_pthread.dylib             0x000000018ad62034 _pthread_start + 136
20  libsystem_pthread.dylib             0x000000018ad5ce3c thread_start + 8
Traceback (most recent call last):
  File "/Users/rlin/github/linrongbin16/colorbox.nvim/collect.py", line 375, in _parse_spec
    url = element.find_element(
          ^^^^^^^^^^^^^^^^^^^^^
  File "/opt/homebrew/lib/python3.11/site-packages/selenium/webdriver/remote/webelement.py", line 425, in find_element
    return self._execute(Command.FIND_CHILD_ELEMENT, {"using": by, "value": value})["value"]
           ^^^^^^^^^^^^^^^^^^^^^^^^^^^^^^^^^^^^^^^^^^^^^^^^^^^^^^^^^^^^^^^^^^^^^^^^
  File "/opt/homebrew/lib/python3.11/site-packages/selenium/webdriver/remote/webelement.py", line 403, in _execute
    return self._parent.execute(command, params)
           ^^^^^^^^^^^^^^^^^^^^^^^^^^^^^^^^^^^^^
  File "/opt/homebrew/lib/python3.11/site-packages/selenium/webdriver/remote/webdriver.py", line 440, in execute
    self.error_handler.check_response(response)
  File "/opt/homebrew/lib/python3.11/site-packages/selenium/webdriver/remote/errorhandler.py", line 245, in check_response
    raise exception_class(message, screen, stacktrace)
selenium.common.exceptions.StaleElementReferenceException: Message: stale element reference: stale element not found
  (Session info: chrome-headless-shell=120.0.6099.234)
Stacktrace:
0   chromedriver                        0x0000000104eb44dc chromedriver + 4162780
1   chromedriver                        0x0000000104eac664 chromedriver + 4130404
2   chromedriver                        0x0000000104b03bc0 chromedriver + 293824
3   chromedriver                        0x0000000104b09234 chromedriver + 315956
4   chromedriver                        0x0000000104b0b13c chromedriver + 323900
5   chromedriver                        0x0000000104b0b278 chromedriver + 324216
6   chromedriver                        0x0000000104b4a198 chromedriver + 582040
7   chromedriver                        0x0000000104b3f250 chromedriver + 537168
8   chromedriver                        0x0000000104b89ab0 chromedriver + 842416
9   chromedriver                        0x0000000104b3d6bc chromedriver + 530108
10  chromedriver                        0x0000000104b3e930 chromedriver + 534832
11  chromedriver                        0x0000000104e79e08 chromedriver + 3923464
12  chromedriver                        0x0000000104e7e3dc chromedriver + 3941340
13  chromedriver                        0x0000000104e62038 chromedriver + 3825720
14  chromedriver                        0x0000000104e7ef3c chromedriver + 3944252
15  chromedriver                        0x0000000104e546f4 chromedriver + 3770100
16  chromedriver                        0x0000000104e9b980 chromedriver + 4061568
17  chromedriver                        0x0000000104e9baf8 chromedriver + 4061944
18  chromedriver                        0x0000000104eac2e4 chromedriver + 4129508
19  libsystem_pthread.dylib             0x000000018ad62034 _pthread_start + 136
20  libsystem_pthread.dylib             0x000000018ad5ce3c thread_start + 8

2024-01-23 10:00:00,188 ERROR [collect.py:410](_parse_spec) - Message: stale element reference: stale element not found
  (Session info: chrome-headless-shell=120.0.6099.234)
Stacktrace:
0   chromedriver                        0x0000000104eb44dc chromedriver + 4162780
1   chromedriver                        0x0000000104eac664 chromedriver + 4130404
2   chromedriver                        0x0000000104b03bc0 chromedriver + 293824
3   chromedriver                        0x0000000104b09234 chromedriver + 315956
4   chromedriver                        0x0000000104b0b13c chromedriver + 323900
5   chromedriver                        0x0000000104b0b278 chromedriver + 324216
6   chromedriver                        0x0000000104b4a198 chromedriver + 582040
7   chromedriver                        0x0000000104b3f250 chromedriver + 537168
8   chromedriver                        0x0000000104b89ab0 chromedriver + 842416
9   chromedriver                        0x0000000104b3d6bc chromedriver + 530108
10  chromedriver                        0x0000000104b3e930 chromedriver + 534832
11  chromedriver                        0x0000000104e79e08 chromedriver + 3923464
12  chromedriver                        0x0000000104e7e3dc chromedriver + 3941340
13  chromedriver                        0x0000000104e62038 chromedriver + 3825720
14  chromedriver                        0x0000000104e7ef3c chromedriver + 3944252
15  chromedriver                        0x0000000104e546f4 chromedriver + 3770100
16  chromedriver                        0x0000000104e9b980 chromedriver + 4061568
17  chromedriver                        0x0000000104e9baf8 chromedriver + 4061944
18  chromedriver                        0x0000000104eac2e4 chromedriver + 4129508
19  libsystem_pthread.dylib             0x000000018ad62034 _pthread_start + 136
20  libsystem_pthread.dylib             0x000000018ad5ce3c thread_start + 8
Traceback (most recent call last):
  File "/Users/rlin/github/linrongbin16/colorbox.nvim/collect.py", line 375, in _parse_spec
    url = element.find_element(
          ^^^^^^^^^^^^^^^^^^^^^
  File "/opt/homebrew/lib/python3.11/site-packages/selenium/webdriver/remote/webelement.py", line 425, in find_element
    return self._execute(Command.FIND_CHILD_ELEMENT, {"using": by, "value": value})["value"]
           ^^^^^^^^^^^^^^^^^^^^^^^^^^^^^^^^^^^^^^^^^^^^^^^^^^^^^^^^^^^^^^^^^^^^^^^^
  File "/opt/homebrew/lib/python3.11/site-packages/selenium/webdriver/remote/webelement.py", line 403, in _execute
    return self._parent.execute(command, params)
           ^^^^^^^^^^^^^^^^^^^^^^^^^^^^^^^^^^^^^
  File "/opt/homebrew/lib/python3.11/site-packages/selenium/webdriver/remote/webdriver.py", line 440, in execute
    self.error_handler.check_response(response)
  File "/opt/homebrew/lib/python3.11/site-packages/selenium/webdriver/remote/errorhandler.py", line 245, in check_response
    raise exception_class(message, screen, stacktrace)
selenium.common.exceptions.StaleElementReferenceException: Message: stale element reference: stale element not found
  (Session info: chrome-headless-shell=120.0.6099.234)
Stacktrace:
0   chromedriver                        0x0000000104eb44dc chromedriver + 4162780
1   chromedriver                        0x0000000104eac664 chromedriver + 4130404
2   chromedriver                        0x0000000104b03bc0 chromedriver + 293824
3   chromedriver                        0x0000000104b09234 chromedriver + 315956
4   chromedriver                        0x0000000104b0b13c chromedriver + 323900
5   chromedriver                        0x0000000104b0b278 chromedriver + 324216
6   chromedriver                        0x0000000104b4a198 chromedriver + 582040
7   chromedriver                        0x0000000104b3f250 chromedriver + 537168
8   chromedriver                        0x0000000104b89ab0 chromedriver + 842416
9   chromedriver                        0x0000000104b3d6bc chromedriver + 530108
10  chromedriver                        0x0000000104b3e930 chromedriver + 534832
11  chromedriver                        0x0000000104e79e08 chromedriver + 3923464
12  chromedriver                        0x0000000104e7e3dc chromedriver + 3941340
13  chromedriver                        0x0000000104e62038 chromedriver + 3825720
14  chromedriver                        0x0000000104e7ef3c chromedriver + 3944252
15  chromedriver                        0x0000000104e546f4 chromedriver + 3770100
16  chromedriver                        0x0000000104e9b980 chromedriver + 4061568
17  chromedriver                        0x0000000104e9baf8 chromedriver + 4061944
18  chromedriver                        0x0000000104eac2e4 chromedriver + 4129508
19  libsystem_pthread.dylib             0x000000018ad62034 _pthread_start + 136
20  libsystem_pthread.dylib             0x000000018ad5ce3c thread_start + 8

2024-01-23 10:00:00,191 ERROR [collect.py:410](_parse_spec) - Message: stale element reference: stale element not found
  (Session info: chrome-headless-shell=120.0.6099.234)
Stacktrace:
0   chromedriver                        0x0000000104eb44dc chromedriver + 4162780
1   chromedriver                        0x0000000104eac664 chromedriver + 4130404
2   chromedriver                        0x0000000104b03bc0 chromedriver + 293824
3   chromedriver                        0x0000000104b09234 chromedriver + 315956
4   chromedriver                        0x0000000104b0b13c chromedriver + 323900
5   chromedriver                        0x0000000104b0b278 chromedriver + 324216
6   chromedriver                        0x0000000104b4a198 chromedriver + 582040
7   chromedriver                        0x0000000104b3f250 chromedriver + 537168
8   chromedriver                        0x0000000104b89ab0 chromedriver + 842416
9   chromedriver                        0x0000000104b3d6bc chromedriver + 530108
10  chromedriver                        0x0000000104b3e930 chromedriver + 534832
11  chromedriver                        0x0000000104e79e08 chromedriver + 3923464
12  chromedriver                        0x0000000104e7e3dc chromedriver + 3941340
13  chromedriver                        0x0000000104e62038 chromedriver + 3825720
14  chromedriver                        0x0000000104e7ef3c chromedriver + 3944252
15  chromedriver                        0x0000000104e546f4 chromedriver + 3770100
16  chromedriver                        0x0000000104e9b980 chromedriver + 4061568
17  chromedriver                        0x0000000104e9baf8 chromedriver + 4061944
18  chromedriver                        0x0000000104eac2e4 chromedriver + 4129508
19  libsystem_pthread.dylib             0x000000018ad62034 _pthread_start + 136
20  libsystem_pthread.dylib             0x000000018ad5ce3c thread_start + 8
Traceback (most recent call last):
  File "/Users/rlin/github/linrongbin16/colorbox.nvim/collect.py", line 375, in _parse_spec
    url = element.find_element(
          ^^^^^^^^^^^^^^^^^^^^^
  File "/opt/homebrew/lib/python3.11/site-packages/selenium/webdriver/remote/webelement.py", line 425, in find_element
    return self._execute(Command.FIND_CHILD_ELEMENT, {"using": by, "value": value})["value"]
           ^^^^^^^^^^^^^^^^^^^^^^^^^^^^^^^^^^^^^^^^^^^^^^^^^^^^^^^^^^^^^^^^^^^^^^^^
  File "/opt/homebrew/lib/python3.11/site-packages/selenium/webdriver/remote/webelement.py", line 403, in _execute
    return self._parent.execute(command, params)
           ^^^^^^^^^^^^^^^^^^^^^^^^^^^^^^^^^^^^^
  File "/opt/homebrew/lib/python3.11/site-packages/selenium/webdriver/remote/webdriver.py", line 440, in execute
    self.error_handler.check_response(response)
  File "/opt/homebrew/lib/python3.11/site-packages/selenium/webdriver/remote/errorhandler.py", line 245, in check_response
    raise exception_class(message, screen, stacktrace)
selenium.common.exceptions.StaleElementReferenceException: Message: stale element reference: stale element not found
  (Session info: chrome-headless-shell=120.0.6099.234)
Stacktrace:
0   chromedriver                        0x0000000104eb44dc chromedriver + 4162780
1   chromedriver                        0x0000000104eac664 chromedriver + 4130404
2   chromedriver                        0x0000000104b03bc0 chromedriver + 293824
3   chromedriver                        0x0000000104b09234 chromedriver + 315956
4   chromedriver                        0x0000000104b0b13c chromedriver + 323900
5   chromedriver                        0x0000000104b0b278 chromedriver + 324216
6   chromedriver                        0x0000000104b4a198 chromedriver + 582040
7   chromedriver                        0x0000000104b3f250 chromedriver + 537168
8   chromedriver                        0x0000000104b89ab0 chromedriver + 842416
9   chromedriver                        0x0000000104b3d6bc chromedriver + 530108
10  chromedriver                        0x0000000104b3e930 chromedriver + 534832
11  chromedriver                        0x0000000104e79e08 chromedriver + 3923464
12  chromedriver                        0x0000000104e7e3dc chromedriver + 3941340
13  chromedriver                        0x0000000104e62038 chromedriver + 3825720
14  chromedriver                        0x0000000104e7ef3c chromedriver + 3944252
15  chromedriver                        0x0000000104e546f4 chromedriver + 3770100
16  chromedriver                        0x0000000104e9b980 chromedriver + 4061568
17  chromedriver                        0x0000000104e9baf8 chromedriver + 4061944
18  chromedriver                        0x0000000104eac2e4 chromedriver + 4129508
19  libsystem_pthread.dylib             0x000000018ad62034 _pthread_start + 136
20  libsystem_pthread.dylib             0x000000018ad5ce3c thread_start + 8

2024-01-23 10:00:00,195 ERROR [collect.py:410](_parse_spec) - Message: stale element reference: stale element not found
  (Session info: chrome-headless-shell=120.0.6099.234)
Stacktrace:
0   chromedriver                        0x0000000104eb44dc chromedriver + 4162780
1   chromedriver                        0x0000000104eac664 chromedriver + 4130404
2   chromedriver                        0x0000000104b03bc0 chromedriver + 293824
3   chromedriver                        0x0000000104b09234 chromedriver + 315956
4   chromedriver                        0x0000000104b0b13c chromedriver + 323900
5   chromedriver                        0x0000000104b0b278 chromedriver + 324216
6   chromedriver                        0x0000000104b4a198 chromedriver + 582040
7   chromedriver                        0x0000000104b3f250 chromedriver + 537168
8   chromedriver                        0x0000000104b89ab0 chromedriver + 842416
9   chromedriver                        0x0000000104b3d6bc chromedriver + 530108
10  chromedriver                        0x0000000104b3e930 chromedriver + 534832
11  chromedriver                        0x0000000104e79e08 chromedriver + 3923464
12  chromedriver                        0x0000000104e7e3dc chromedriver + 3941340
13  chromedriver                        0x0000000104e62038 chromedriver + 3825720
14  chromedriver                        0x0000000104e7ef3c chromedriver + 3944252
15  chromedriver                        0x0000000104e546f4 chromedriver + 3770100
16  chromedriver                        0x0000000104e9b980 chromedriver + 4061568
17  chromedriver                        0x0000000104e9baf8 chromedriver + 4061944
18  chromedriver                        0x0000000104eac2e4 chromedriver + 4129508
19  libsystem_pthread.dylib             0x000000018ad62034 _pthread_start + 136
20  libsystem_pthread.dylib             0x000000018ad5ce3c thread_start + 8
Traceback (most recent call last):
  File "/Users/rlin/github/linrongbin16/colorbox.nvim/collect.py", line 375, in _parse_spec
    url = element.find_element(
          ^^^^^^^^^^^^^^^^^^^^^
  File "/opt/homebrew/lib/python3.11/site-packages/selenium/webdriver/remote/webelement.py", line 425, in find_element
    return self._execute(Command.FIND_CHILD_ELEMENT, {"using": by, "value": value})["value"]
           ^^^^^^^^^^^^^^^^^^^^^^^^^^^^^^^^^^^^^^^^^^^^^^^^^^^^^^^^^^^^^^^^^^^^^^^^
  File "/opt/homebrew/lib/python3.11/site-packages/selenium/webdriver/remote/webelement.py", line 403, in _execute
    return self._parent.execute(command, params)
           ^^^^^^^^^^^^^^^^^^^^^^^^^^^^^^^^^^^^^
  File "/opt/homebrew/lib/python3.11/site-packages/selenium/webdriver/remote/webdriver.py", line 440, in execute
    self.error_handler.check_response(response)
  File "/opt/homebrew/lib/python3.11/site-packages/selenium/webdriver/remote/errorhandler.py", line 245, in check_response
    raise exception_class(message, screen, stacktrace)
selenium.common.exceptions.StaleElementReferenceException: Message: stale element reference: stale element not found
  (Session info: chrome-headless-shell=120.0.6099.234)
Stacktrace:
0   chromedriver                        0x0000000104eb44dc chromedriver + 4162780
1   chromedriver                        0x0000000104eac664 chromedriver + 4130404
2   chromedriver                        0x0000000104b03bc0 chromedriver + 293824
3   chromedriver                        0x0000000104b09234 chromedriver + 315956
4   chromedriver                        0x0000000104b0b13c chromedriver + 323900
5   chromedriver                        0x0000000104b0b278 chromedriver + 324216
6   chromedriver                        0x0000000104b4a198 chromedriver + 582040
7   chromedriver                        0x0000000104b3f250 chromedriver + 537168
8   chromedriver                        0x0000000104b89ab0 chromedriver + 842416
9   chromedriver                        0x0000000104b3d6bc chromedriver + 530108
10  chromedriver                        0x0000000104b3e930 chromedriver + 534832
11  chromedriver                        0x0000000104e79e08 chromedriver + 3923464
12  chromedriver                        0x0000000104e7e3dc chromedriver + 3941340
13  chromedriver                        0x0000000104e62038 chromedriver + 3825720
14  chromedriver                        0x0000000104e7ef3c chromedriver + 3944252
15  chromedriver                        0x0000000104e546f4 chromedriver + 3770100
16  chromedriver                        0x0000000104e9b980 chromedriver + 4061568
17  chromedriver                        0x0000000104e9baf8 chromedriver + 4061944
18  chromedriver                        0x0000000104eac2e4 chromedriver + 4129508
19  libsystem_pthread.dylib             0x000000018ad62034 _pthread_start + 136
20  libsystem_pthread.dylib             0x000000018ad5ce3c thread_start + 8

2024-01-23 10:00:00,199 ERROR [collect.py:410](_parse_spec) - Message: stale element reference: stale element not found
  (Session info: chrome-headless-shell=120.0.6099.234)
Stacktrace:
0   chromedriver                        0x0000000104eb44dc chromedriver + 4162780
1   chromedriver                        0x0000000104eac664 chromedriver + 4130404
2   chromedriver                        0x0000000104b03bc0 chromedriver + 293824
3   chromedriver                        0x0000000104b09234 chromedriver + 315956
4   chromedriver                        0x0000000104b0b13c chromedriver + 323900
5   chromedriver                        0x0000000104b0b278 chromedriver + 324216
6   chromedriver                        0x0000000104b4a198 chromedriver + 582040
7   chromedriver                        0x0000000104b3f250 chromedriver + 537168
8   chromedriver                        0x0000000104b89ab0 chromedriver + 842416
9   chromedriver                        0x0000000104b3d6bc chromedriver + 530108
10  chromedriver                        0x0000000104b3e930 chromedriver + 534832
11  chromedriver                        0x0000000104e79e08 chromedriver + 3923464
12  chromedriver                        0x0000000104e7e3dc chromedriver + 3941340
13  chromedriver                        0x0000000104e62038 chromedriver + 3825720
14  chromedriver                        0x0000000104e7ef3c chromedriver + 3944252
15  chromedriver                        0x0000000104e546f4 chromedriver + 3770100
16  chromedriver                        0x0000000104e9b980 chromedriver + 4061568
17  chromedriver                        0x0000000104e9baf8 chromedriver + 4061944
18  chromedriver                        0x0000000104eac2e4 chromedriver + 4129508
19  libsystem_pthread.dylib             0x000000018ad62034 _pthread_start + 136
20  libsystem_pthread.dylib             0x000000018ad5ce3c thread_start + 8
Traceback (most recent call last):
  File "/Users/rlin/github/linrongbin16/colorbox.nvim/collect.py", line 375, in _parse_spec
    url = element.find_element(
          ^^^^^^^^^^^^^^^^^^^^^
  File "/opt/homebrew/lib/python3.11/site-packages/selenium/webdriver/remote/webelement.py", line 425, in find_element
    return self._execute(Command.FIND_CHILD_ELEMENT, {"using": by, "value": value})["value"]
           ^^^^^^^^^^^^^^^^^^^^^^^^^^^^^^^^^^^^^^^^^^^^^^^^^^^^^^^^^^^^^^^^^^^^^^^^
  File "/opt/homebrew/lib/python3.11/site-packages/selenium/webdriver/remote/webelement.py", line 403, in _execute
    return self._parent.execute(command, params)
           ^^^^^^^^^^^^^^^^^^^^^^^^^^^^^^^^^^^^^
  File "/opt/homebrew/lib/python3.11/site-packages/selenium/webdriver/remote/webdriver.py", line 440, in execute
    self.error_handler.check_response(response)
  File "/opt/homebrew/lib/python3.11/site-packages/selenium/webdriver/remote/errorhandler.py", line 245, in check_response
    raise exception_class(message, screen, stacktrace)
selenium.common.exceptions.StaleElementReferenceException: Message: stale element reference: stale element not found
  (Session info: chrome-headless-shell=120.0.6099.234)
Stacktrace:
0   chromedriver                        0x0000000104eb44dc chromedriver + 4162780
1   chromedriver                        0x0000000104eac664 chromedriver + 4130404
2   chromedriver                        0x0000000104b03bc0 chromedriver + 293824
3   chromedriver                        0x0000000104b09234 chromedriver + 315956
4   chromedriver                        0x0000000104b0b13c chromedriver + 323900
5   chromedriver                        0x0000000104b0b278 chromedriver + 324216
6   chromedriver                        0x0000000104b4a198 chromedriver + 582040
7   chromedriver                        0x0000000104b3f250 chromedriver + 537168
8   chromedriver                        0x0000000104b89ab0 chromedriver + 842416
9   chromedriver                        0x0000000104b3d6bc chromedriver + 530108
10  chromedriver                        0x0000000104b3e930 chromedriver + 534832
11  chromedriver                        0x0000000104e79e08 chromedriver + 3923464
12  chromedriver                        0x0000000104e7e3dc chromedriver + 3941340
13  chromedriver                        0x0000000104e62038 chromedriver + 3825720
14  chromedriver                        0x0000000104e7ef3c chromedriver + 3944252
15  chromedriver                        0x0000000104e546f4 chromedriver + 3770100
16  chromedriver                        0x0000000104e9b980 chromedriver + 4061568
17  chromedriver                        0x0000000104e9baf8 chromedriver + 4061944
18  chromedriver                        0x0000000104eac2e4 chromedriver + 4129508
19  libsystem_pthread.dylib             0x000000018ad62034 _pthread_start + 136
20  libsystem_pthread.dylib             0x000000018ad5ce3c thread_start + 8

2024-01-23 10:00:00,202 ERROR [collect.py:410](_parse_spec) - Message: stale element reference: stale element not found
  (Session info: chrome-headless-shell=120.0.6099.234)
Stacktrace:
0   chromedriver                        0x0000000104eb44dc chromedriver + 4162780
1   chromedriver                        0x0000000104eac664 chromedriver + 4130404
2   chromedriver                        0x0000000104b03bc0 chromedriver + 293824
3   chromedriver                        0x0000000104b09234 chromedriver + 315956
4   chromedriver                        0x0000000104b0b13c chromedriver + 323900
5   chromedriver                        0x0000000104b0b278 chromedriver + 324216
6   chromedriver                        0x0000000104b4a198 chromedriver + 582040
7   chromedriver                        0x0000000104b3f250 chromedriver + 537168
8   chromedriver                        0x0000000104b89ab0 chromedriver + 842416
9   chromedriver                        0x0000000104b3d6bc chromedriver + 530108
10  chromedriver                        0x0000000104b3e930 chromedriver + 534832
11  chromedriver                        0x0000000104e79e08 chromedriver + 3923464
12  chromedriver                        0x0000000104e7e3dc chromedriver + 3941340
13  chromedriver                        0x0000000104e62038 chromedriver + 3825720
14  chromedriver                        0x0000000104e7ef3c chromedriver + 3944252
15  chromedriver                        0x0000000104e546f4 chromedriver + 3770100
16  chromedriver                        0x0000000104e9b980 chromedriver + 4061568
17  chromedriver                        0x0000000104e9baf8 chromedriver + 4061944
18  chromedriver                        0x0000000104eac2e4 chromedriver + 4129508
19  libsystem_pthread.dylib             0x000000018ad62034 _pthread_start + 136
20  libsystem_pthread.dylib             0x000000018ad5ce3c thread_start + 8
Traceback (most recent call last):
  File "/Users/rlin/github/linrongbin16/colorbox.nvim/collect.py", line 375, in _parse_spec
    url = element.find_element(
          ^^^^^^^^^^^^^^^^^^^^^
  File "/opt/homebrew/lib/python3.11/site-packages/selenium/webdriver/remote/webelement.py", line 425, in find_element
    return self._execute(Command.FIND_CHILD_ELEMENT, {"using": by, "value": value})["value"]
           ^^^^^^^^^^^^^^^^^^^^^^^^^^^^^^^^^^^^^^^^^^^^^^^^^^^^^^^^^^^^^^^^^^^^^^^^
  File "/opt/homebrew/lib/python3.11/site-packages/selenium/webdriver/remote/webelement.py", line 403, in _execute
    return self._parent.execute(command, params)
           ^^^^^^^^^^^^^^^^^^^^^^^^^^^^^^^^^^^^^
  File "/opt/homebrew/lib/python3.11/site-packages/selenium/webdriver/remote/webdriver.py", line 440, in execute
    self.error_handler.check_response(response)
  File "/opt/homebrew/lib/python3.11/site-packages/selenium/webdriver/remote/errorhandler.py", line 245, in check_response
    raise exception_class(message, screen, stacktrace)
selenium.common.exceptions.StaleElementReferenceException: Message: stale element reference: stale element not found
  (Session info: chrome-headless-shell=120.0.6099.234)
Stacktrace:
0   chromedriver                        0x0000000104eb44dc chromedriver + 4162780
1   chromedriver                        0x0000000104eac664 chromedriver + 4130404
2   chromedriver                        0x0000000104b03bc0 chromedriver + 293824
3   chromedriver                        0x0000000104b09234 chromedriver + 315956
4   chromedriver                        0x0000000104b0b13c chromedriver + 323900
5   chromedriver                        0x0000000104b0b278 chromedriver + 324216
6   chromedriver                        0x0000000104b4a198 chromedriver + 582040
7   chromedriver                        0x0000000104b3f250 chromedriver + 537168
8   chromedriver                        0x0000000104b89ab0 chromedriver + 842416
9   chromedriver                        0x0000000104b3d6bc chromedriver + 530108
10  chromedriver                        0x0000000104b3e930 chromedriver + 534832
11  chromedriver                        0x0000000104e79e08 chromedriver + 3923464
12  chromedriver                        0x0000000104e7e3dc chromedriver + 3941340
13  chromedriver                        0x0000000104e62038 chromedriver + 3825720
14  chromedriver                        0x0000000104e7ef3c chromedriver + 3944252
15  chromedriver                        0x0000000104e546f4 chromedriver + 3770100
16  chromedriver                        0x0000000104e9b980 chromedriver + 4061568
17  chromedriver                        0x0000000104e9baf8 chromedriver + 4061944
18  chromedriver                        0x0000000104eac2e4 chromedriver + 4129508
19  libsystem_pthread.dylib             0x000000018ad62034 _pthread_start + 136
20  libsystem_pthread.dylib             0x000000018ad5ce3c thread_start + 8

2024-01-23 10:00:00,206 ERROR [collect.py:410](_parse_spec) - Message: stale element reference: stale element not found
  (Session info: chrome-headless-shell=120.0.6099.234)
Stacktrace:
0   chromedriver                        0x0000000104eb44dc chromedriver + 4162780
1   chromedriver                        0x0000000104eac664 chromedriver + 4130404
2   chromedriver                        0x0000000104b03bc0 chromedriver + 293824
3   chromedriver                        0x0000000104b09234 chromedriver + 315956
4   chromedriver                        0x0000000104b0b13c chromedriver + 323900
5   chromedriver                        0x0000000104b0b278 chromedriver + 324216
6   chromedriver                        0x0000000104b4a198 chromedriver + 582040
7   chromedriver                        0x0000000104b3f250 chromedriver + 537168
8   chromedriver                        0x0000000104b89ab0 chromedriver + 842416
9   chromedriver                        0x0000000104b3d6bc chromedriver + 530108
10  chromedriver                        0x0000000104b3e930 chromedriver + 534832
11  chromedriver                        0x0000000104e79e08 chromedriver + 3923464
12  chromedriver                        0x0000000104e7e3dc chromedriver + 3941340
13  chromedriver                        0x0000000104e62038 chromedriver + 3825720
14  chromedriver                        0x0000000104e7ef3c chromedriver + 3944252
15  chromedriver                        0x0000000104e546f4 chromedriver + 3770100
16  chromedriver                        0x0000000104e9b980 chromedriver + 4061568
17  chromedriver                        0x0000000104e9baf8 chromedriver + 4061944
18  chromedriver                        0x0000000104eac2e4 chromedriver + 4129508
19  libsystem_pthread.dylib             0x000000018ad62034 _pthread_start + 136
20  libsystem_pthread.dylib             0x000000018ad5ce3c thread_start + 8
Traceback (most recent call last):
  File "/Users/rlin/github/linrongbin16/colorbox.nvim/collect.py", line 375, in _parse_spec
    url = element.find_element(
          ^^^^^^^^^^^^^^^^^^^^^
  File "/opt/homebrew/lib/python3.11/site-packages/selenium/webdriver/remote/webelement.py", line 425, in find_element
    return self._execute(Command.FIND_CHILD_ELEMENT, {"using": by, "value": value})["value"]
           ^^^^^^^^^^^^^^^^^^^^^^^^^^^^^^^^^^^^^^^^^^^^^^^^^^^^^^^^^^^^^^^^^^^^^^^^
  File "/opt/homebrew/lib/python3.11/site-packages/selenium/webdriver/remote/webelement.py", line 403, in _execute
    return self._parent.execute(command, params)
           ^^^^^^^^^^^^^^^^^^^^^^^^^^^^^^^^^^^^^
  File "/opt/homebrew/lib/python3.11/site-packages/selenium/webdriver/remote/webdriver.py", line 440, in execute
    self.error_handler.check_response(response)
  File "/opt/homebrew/lib/python3.11/site-packages/selenium/webdriver/remote/errorhandler.py", line 245, in check_response
    raise exception_class(message, screen, stacktrace)
selenium.common.exceptions.StaleElementReferenceException: Message: stale element reference: stale element not found
  (Session info: chrome-headless-shell=120.0.6099.234)
Stacktrace:
0   chromedriver                        0x0000000104eb44dc chromedriver + 4162780
1   chromedriver                        0x0000000104eac664 chromedriver + 4130404
2   chromedriver                        0x0000000104b03bc0 chromedriver + 293824
3   chromedriver                        0x0000000104b09234 chromedriver + 315956
4   chromedriver                        0x0000000104b0b13c chromedriver + 323900
5   chromedriver                        0x0000000104b0b278 chromedriver + 324216
6   chromedriver                        0x0000000104b4a198 chromedriver + 582040
7   chromedriver                        0x0000000104b3f250 chromedriver + 537168
8   chromedriver                        0x0000000104b89ab0 chromedriver + 842416
9   chromedriver                        0x0000000104b3d6bc chromedriver + 530108
10  chromedriver                        0x0000000104b3e930 chromedriver + 534832
11  chromedriver                        0x0000000104e79e08 chromedriver + 3923464
12  chromedriver                        0x0000000104e7e3dc chromedriver + 3941340
13  chromedriver                        0x0000000104e62038 chromedriver + 3825720
14  chromedriver                        0x0000000104e7ef3c chromedriver + 3944252
15  chromedriver                        0x0000000104e546f4 chromedriver + 3770100
16  chromedriver                        0x0000000104e9b980 chromedriver + 4061568
17  chromedriver                        0x0000000104e9baf8 chromedriver + 4061944
18  chromedriver                        0x0000000104eac2e4 chromedriver + 4129508
19  libsystem_pthread.dylib             0x000000018ad62034 _pthread_start + 136
20  libsystem_pthread.dylib             0x000000018ad5ce3c thread_start + 8

2024-01-23 10:00:00,210 ERROR [collect.py:410](_parse_spec) - Message: stale element reference: stale element not found
  (Session info: chrome-headless-shell=120.0.6099.234)
Stacktrace:
0   chromedriver                        0x0000000104eb44dc chromedriver + 4162780
1   chromedriver                        0x0000000104eac664 chromedriver + 4130404
2   chromedriver                        0x0000000104b03bc0 chromedriver + 293824
3   chromedriver                        0x0000000104b09234 chromedriver + 315956
4   chromedriver                        0x0000000104b0b13c chromedriver + 323900
5   chromedriver                        0x0000000104b0b278 chromedriver + 324216
6   chromedriver                        0x0000000104b4a198 chromedriver + 582040
7   chromedriver                        0x0000000104b3f250 chromedriver + 537168
8   chromedriver                        0x0000000104b89ab0 chromedriver + 842416
9   chromedriver                        0x0000000104b3d6bc chromedriver + 530108
10  chromedriver                        0x0000000104b3e930 chromedriver + 534832
11  chromedriver                        0x0000000104e79e08 chromedriver + 3923464
12  chromedriver                        0x0000000104e7e3dc chromedriver + 3941340
13  chromedriver                        0x0000000104e62038 chromedriver + 3825720
14  chromedriver                        0x0000000104e7ef3c chromedriver + 3944252
15  chromedriver                        0x0000000104e546f4 chromedriver + 3770100
16  chromedriver                        0x0000000104e9b980 chromedriver + 4061568
17  chromedriver                        0x0000000104e9baf8 chromedriver + 4061944
18  chromedriver                        0x0000000104eac2e4 chromedriver + 4129508
19  libsystem_pthread.dylib             0x000000018ad62034 _pthread_start + 136
20  libsystem_pthread.dylib             0x000000018ad5ce3c thread_start + 8
Traceback (most recent call last):
  File "/Users/rlin/github/linrongbin16/colorbox.nvim/collect.py", line 375, in _parse_spec
    url = element.find_element(
          ^^^^^^^^^^^^^^^^^^^^^
  File "/opt/homebrew/lib/python3.11/site-packages/selenium/webdriver/remote/webelement.py", line 425, in find_element
    return self._execute(Command.FIND_CHILD_ELEMENT, {"using": by, "value": value})["value"]
           ^^^^^^^^^^^^^^^^^^^^^^^^^^^^^^^^^^^^^^^^^^^^^^^^^^^^^^^^^^^^^^^^^^^^^^^^
  File "/opt/homebrew/lib/python3.11/site-packages/selenium/webdriver/remote/webelement.py", line 403, in _execute
    return self._parent.execute(command, params)
           ^^^^^^^^^^^^^^^^^^^^^^^^^^^^^^^^^^^^^
  File "/opt/homebrew/lib/python3.11/site-packages/selenium/webdriver/remote/webdriver.py", line 440, in execute
    self.error_handler.check_response(response)
  File "/opt/homebrew/lib/python3.11/site-packages/selenium/webdriver/remote/errorhandler.py", line 245, in check_response
    raise exception_class(message, screen, stacktrace)
selenium.common.exceptions.StaleElementReferenceException: Message: stale element reference: stale element not found
  (Session info: chrome-headless-shell=120.0.6099.234)
Stacktrace:
0   chromedriver                        0x0000000104eb44dc chromedriver + 4162780
1   chromedriver                        0x0000000104eac664 chromedriver + 4130404
2   chromedriver                        0x0000000104b03bc0 chromedriver + 293824
3   chromedriver                        0x0000000104b09234 chromedriver + 315956
4   chromedriver                        0x0000000104b0b13c chromedriver + 323900
5   chromedriver                        0x0000000104b0b278 chromedriver + 324216
6   chromedriver                        0x0000000104b4a198 chromedriver + 582040
7   chromedriver                        0x0000000104b3f250 chromedriver + 537168
8   chromedriver                        0x0000000104b89ab0 chromedriver + 842416
9   chromedriver                        0x0000000104b3d6bc chromedriver + 530108
10  chromedriver                        0x0000000104b3e930 chromedriver + 534832
11  chromedriver                        0x0000000104e79e08 chromedriver + 3923464
12  chromedriver                        0x0000000104e7e3dc chromedriver + 3941340
13  chromedriver                        0x0000000104e62038 chromedriver + 3825720
14  chromedriver                        0x0000000104e7ef3c chromedriver + 3944252
15  chromedriver                        0x0000000104e546f4 chromedriver + 3770100
16  chromedriver                        0x0000000104e9b980 chromedriver + 4061568
17  chromedriver                        0x0000000104e9baf8 chromedriver + 4061944
18  chromedriver                        0x0000000104eac2e4 chromedriver + 4129508
19  libsystem_pthread.dylib             0x000000018ad62034 _pthread_start + 136
20  libsystem_pthread.dylib             0x000000018ad5ce3c thread_start + 8

2024-01-23 10:00:00,213 ERROR [collect.py:410](_parse_spec) - Message: stale element reference: stale element not found
  (Session info: chrome-headless-shell=120.0.6099.234)
Stacktrace:
0   chromedriver                        0x0000000104eb44dc chromedriver + 4162780
1   chromedriver                        0x0000000104eac664 chromedriver + 4130404
2   chromedriver                        0x0000000104b03bc0 chromedriver + 293824
3   chromedriver                        0x0000000104b09234 chromedriver + 315956
4   chromedriver                        0x0000000104b0b13c chromedriver + 323900
5   chromedriver                        0x0000000104b0b278 chromedriver + 324216
6   chromedriver                        0x0000000104b4a198 chromedriver + 582040
7   chromedriver                        0x0000000104b3f250 chromedriver + 537168
8   chromedriver                        0x0000000104b89ab0 chromedriver + 842416
9   chromedriver                        0x0000000104b3d6bc chromedriver + 530108
10  chromedriver                        0x0000000104b3e930 chromedriver + 534832
11  chromedriver                        0x0000000104e79e08 chromedriver + 3923464
12  chromedriver                        0x0000000104e7e3dc chromedriver + 3941340
13  chromedriver                        0x0000000104e62038 chromedriver + 3825720
14  chromedriver                        0x0000000104e7ef3c chromedriver + 3944252
15  chromedriver                        0x0000000104e546f4 chromedriver + 3770100
16  chromedriver                        0x0000000104e9b980 chromedriver + 4061568
17  chromedriver                        0x0000000104e9baf8 chromedriver + 4061944
18  chromedriver                        0x0000000104eac2e4 chromedriver + 4129508
19  libsystem_pthread.dylib             0x000000018ad62034 _pthread_start + 136
20  libsystem_pthread.dylib             0x000000018ad5ce3c thread_start + 8
Traceback (most recent call last):
  File "/Users/rlin/github/linrongbin16/colorbox.nvim/collect.py", line 375, in _parse_spec
    url = element.find_element(
          ^^^^^^^^^^^^^^^^^^^^^
  File "/opt/homebrew/lib/python3.11/site-packages/selenium/webdriver/remote/webelement.py", line 425, in find_element
    return self._execute(Command.FIND_CHILD_ELEMENT, {"using": by, "value": value})["value"]
           ^^^^^^^^^^^^^^^^^^^^^^^^^^^^^^^^^^^^^^^^^^^^^^^^^^^^^^^^^^^^^^^^^^^^^^^^
  File "/opt/homebrew/lib/python3.11/site-packages/selenium/webdriver/remote/webelement.py", line 403, in _execute
    return self._parent.execute(command, params)
           ^^^^^^^^^^^^^^^^^^^^^^^^^^^^^^^^^^^^^
  File "/opt/homebrew/lib/python3.11/site-packages/selenium/webdriver/remote/webdriver.py", line 440, in execute
    self.error_handler.check_response(response)
  File "/opt/homebrew/lib/python3.11/site-packages/selenium/webdriver/remote/errorhandler.py", line 245, in check_response
    raise exception_class(message, screen, stacktrace)
selenium.common.exceptions.StaleElementReferenceException: Message: stale element reference: stale element not found
  (Session info: chrome-headless-shell=120.0.6099.234)
Stacktrace:
0   chromedriver                        0x0000000104eb44dc chromedriver + 4162780
1   chromedriver                        0x0000000104eac664 chromedriver + 4130404
2   chromedriver                        0x0000000104b03bc0 chromedriver + 293824
3   chromedriver                        0x0000000104b09234 chromedriver + 315956
4   chromedriver                        0x0000000104b0b13c chromedriver + 323900
5   chromedriver                        0x0000000104b0b278 chromedriver + 324216
6   chromedriver                        0x0000000104b4a198 chromedriver + 582040
7   chromedriver                        0x0000000104b3f250 chromedriver + 537168
8   chromedriver                        0x0000000104b89ab0 chromedriver + 842416
9   chromedriver                        0x0000000104b3d6bc chromedriver + 530108
10  chromedriver                        0x0000000104b3e930 chromedriver + 534832
11  chromedriver                        0x0000000104e79e08 chromedriver + 3923464
12  chromedriver                        0x0000000104e7e3dc chromedriver + 3941340
13  chromedriver                        0x0000000104e62038 chromedriver + 3825720
14  chromedriver                        0x0000000104e7ef3c chromedriver + 3944252
15  chromedriver                        0x0000000104e546f4 chromedriver + 3770100
16  chromedriver                        0x0000000104e9b980 chromedriver + 4061568
17  chromedriver                        0x0000000104e9baf8 chromedriver + 4061944
18  chromedriver                        0x0000000104eac2e4 chromedriver + 4129508
19  libsystem_pthread.dylib             0x000000018ad62034 _pthread_start + 136
20  libsystem_pthread.dylib             0x000000018ad5ce3c thread_start + 8

2024-01-23 10:00:00,217 ERROR [collect.py:410](_parse_spec) - Message: stale element reference: stale element not found
  (Session info: chrome-headless-shell=120.0.6099.234)
Stacktrace:
0   chromedriver                        0x0000000104eb44dc chromedriver + 4162780
1   chromedriver                        0x0000000104eac664 chromedriver + 4130404
2   chromedriver                        0x0000000104b03bc0 chromedriver + 293824
3   chromedriver                        0x0000000104b09234 chromedriver + 315956
4   chromedriver                        0x0000000104b0b13c chromedriver + 323900
5   chromedriver                        0x0000000104b0b278 chromedriver + 324216
6   chromedriver                        0x0000000104b4a198 chromedriver + 582040
7   chromedriver                        0x0000000104b3f250 chromedriver + 537168
8   chromedriver                        0x0000000104b89ab0 chromedriver + 842416
9   chromedriver                        0x0000000104b3d6bc chromedriver + 530108
10  chromedriver                        0x0000000104b3e930 chromedriver + 534832
11  chromedriver                        0x0000000104e79e08 chromedriver + 3923464
12  chromedriver                        0x0000000104e7e3dc chromedriver + 3941340
13  chromedriver                        0x0000000104e62038 chromedriver + 3825720
14  chromedriver                        0x0000000104e7ef3c chromedriver + 3944252
15  chromedriver                        0x0000000104e546f4 chromedriver + 3770100
16  chromedriver                        0x0000000104e9b980 chromedriver + 4061568
17  chromedriver                        0x0000000104e9baf8 chromedriver + 4061944
18  chromedriver                        0x0000000104eac2e4 chromedriver + 4129508
19  libsystem_pthread.dylib             0x000000018ad62034 _pthread_start + 136
20  libsystem_pthread.dylib             0x000000018ad5ce3c thread_start + 8
Traceback (most recent call last):
  File "/Users/rlin/github/linrongbin16/colorbox.nvim/collect.py", line 375, in _parse_spec
    url = element.find_element(
          ^^^^^^^^^^^^^^^^^^^^^
  File "/opt/homebrew/lib/python3.11/site-packages/selenium/webdriver/remote/webelement.py", line 425, in find_element
    return self._execute(Command.FIND_CHILD_ELEMENT, {"using": by, "value": value})["value"]
           ^^^^^^^^^^^^^^^^^^^^^^^^^^^^^^^^^^^^^^^^^^^^^^^^^^^^^^^^^^^^^^^^^^^^^^^^
  File "/opt/homebrew/lib/python3.11/site-packages/selenium/webdriver/remote/webelement.py", line 403, in _execute
    return self._parent.execute(command, params)
           ^^^^^^^^^^^^^^^^^^^^^^^^^^^^^^^^^^^^^
  File "/opt/homebrew/lib/python3.11/site-packages/selenium/webdriver/remote/webdriver.py", line 440, in execute
    self.error_handler.check_response(response)
  File "/opt/homebrew/lib/python3.11/site-packages/selenium/webdriver/remote/errorhandler.py", line 245, in check_response
    raise exception_class(message, screen, stacktrace)
selenium.common.exceptions.StaleElementReferenceException: Message: stale element reference: stale element not found
  (Session info: chrome-headless-shell=120.0.6099.234)
Stacktrace:
0   chromedriver                        0x0000000104eb44dc chromedriver + 4162780
1   chromedriver                        0x0000000104eac664 chromedriver + 4130404
2   chromedriver                        0x0000000104b03bc0 chromedriver + 293824
3   chromedriver                        0x0000000104b09234 chromedriver + 315956
4   chromedriver                        0x0000000104b0b13c chromedriver + 323900
5   chromedriver                        0x0000000104b0b278 chromedriver + 324216
6   chromedriver                        0x0000000104b4a198 chromedriver + 582040
7   chromedriver                        0x0000000104b3f250 chromedriver + 537168
8   chromedriver                        0x0000000104b89ab0 chromedriver + 842416
9   chromedriver                        0x0000000104b3d6bc chromedriver + 530108
10  chromedriver                        0x0000000104b3e930 chromedriver + 534832
11  chromedriver                        0x0000000104e79e08 chromedriver + 3923464
12  chromedriver                        0x0000000104e7e3dc chromedriver + 3941340
13  chromedriver                        0x0000000104e62038 chromedriver + 3825720
14  chromedriver                        0x0000000104e7ef3c chromedriver + 3944252
15  chromedriver                        0x0000000104e546f4 chromedriver + 3770100
16  chromedriver                        0x0000000104e9b980 chromedriver + 4061568
17  chromedriver                        0x0000000104e9baf8 chromedriver + 4061944
18  chromedriver                        0x0000000104eac2e4 chromedriver + 4129508
19  libsystem_pthread.dylib             0x000000018ad62034 _pthread_start + 136
20  libsystem_pthread.dylib             0x000000018ad5ce3c thread_start + 8

2024-01-23 10:00:00,220 ERROR [collect.py:410](_parse_spec) - Message: stale element reference: stale element not found
  (Session info: chrome-headless-shell=120.0.6099.234)
Stacktrace:
0   chromedriver                        0x0000000104eb44dc chromedriver + 4162780
1   chromedriver                        0x0000000104eac664 chromedriver + 4130404
2   chromedriver                        0x0000000104b03bc0 chromedriver + 293824
3   chromedriver                        0x0000000104b09234 chromedriver + 315956
4   chromedriver                        0x0000000104b0b13c chromedriver + 323900
5   chromedriver                        0x0000000104b0b278 chromedriver + 324216
6   chromedriver                        0x0000000104b4a198 chromedriver + 582040
7   chromedriver                        0x0000000104b3f250 chromedriver + 537168
8   chromedriver                        0x0000000104b89ab0 chromedriver + 842416
9   chromedriver                        0x0000000104b3d6bc chromedriver + 530108
10  chromedriver                        0x0000000104b3e930 chromedriver + 534832
11  chromedriver                        0x0000000104e79e08 chromedriver + 3923464
12  chromedriver                        0x0000000104e7e3dc chromedriver + 3941340
13  chromedriver                        0x0000000104e62038 chromedriver + 3825720
14  chromedriver                        0x0000000104e7ef3c chromedriver + 3944252
15  chromedriver                        0x0000000104e546f4 chromedriver + 3770100
16  chromedriver                        0x0000000104e9b980 chromedriver + 4061568
17  chromedriver                        0x0000000104e9baf8 chromedriver + 4061944
18  chromedriver                        0x0000000104eac2e4 chromedriver + 4129508
19  libsystem_pthread.dylib             0x000000018ad62034 _pthread_start + 136
20  libsystem_pthread.dylib             0x000000018ad5ce3c thread_start + 8
Traceback (most recent call last):
  File "/Users/rlin/github/linrongbin16/colorbox.nvim/collect.py", line 375, in _parse_spec
    url = element.find_element(
          ^^^^^^^^^^^^^^^^^^^^^
  File "/opt/homebrew/lib/python3.11/site-packages/selenium/webdriver/remote/webelement.py", line 425, in find_element
    return self._execute(Command.FIND_CHILD_ELEMENT, {"using": by, "value": value})["value"]
           ^^^^^^^^^^^^^^^^^^^^^^^^^^^^^^^^^^^^^^^^^^^^^^^^^^^^^^^^^^^^^^^^^^^^^^^^
  File "/opt/homebrew/lib/python3.11/site-packages/selenium/webdriver/remote/webelement.py", line 403, in _execute
    return self._parent.execute(command, params)
           ^^^^^^^^^^^^^^^^^^^^^^^^^^^^^^^^^^^^^
  File "/opt/homebrew/lib/python3.11/site-packages/selenium/webdriver/remote/webdriver.py", line 440, in execute
    self.error_handler.check_response(response)
  File "/opt/homebrew/lib/python3.11/site-packages/selenium/webdriver/remote/errorhandler.py", line 245, in check_response
    raise exception_class(message, screen, stacktrace)
selenium.common.exceptions.StaleElementReferenceException: Message: stale element reference: stale element not found
  (Session info: chrome-headless-shell=120.0.6099.234)
Stacktrace:
0   chromedriver                        0x0000000104eb44dc chromedriver + 4162780
1   chromedriver                        0x0000000104eac664 chromedriver + 4130404
2   chromedriver                        0x0000000104b03bc0 chromedriver + 293824
3   chromedriver                        0x0000000104b09234 chromedriver + 315956
4   chromedriver                        0x0000000104b0b13c chromedriver + 323900
5   chromedriver                        0x0000000104b0b278 chromedriver + 324216
6   chromedriver                        0x0000000104b4a198 chromedriver + 582040
7   chromedriver                        0x0000000104b3f250 chromedriver + 537168
8   chromedriver                        0x0000000104b89ab0 chromedriver + 842416
9   chromedriver                        0x0000000104b3d6bc chromedriver + 530108
10  chromedriver                        0x0000000104b3e930 chromedriver + 534832
11  chromedriver                        0x0000000104e79e08 chromedriver + 3923464
12  chromedriver                        0x0000000104e7e3dc chromedriver + 3941340
13  chromedriver                        0x0000000104e62038 chromedriver + 3825720
14  chromedriver                        0x0000000104e7ef3c chromedriver + 3944252
15  chromedriver                        0x0000000104e546f4 chromedriver + 3770100
16  chromedriver                        0x0000000104e9b980 chromedriver + 4061568
17  chromedriver                        0x0000000104e9baf8 chromedriver + 4061944
18  chromedriver                        0x0000000104eac2e4 chromedriver + 4129508
19  libsystem_pthread.dylib             0x000000018ad62034 _pthread_start + 136
20  libsystem_pthread.dylib             0x000000018ad5ce3c thread_start + 8

2024-01-23 10:00:00,224 ERROR [collect.py:410](_parse_spec) - Message: stale element reference: stale element not found
  (Session info: chrome-headless-shell=120.0.6099.234)
Stacktrace:
0   chromedriver                        0x0000000104eb44dc chromedriver + 4162780
1   chromedriver                        0x0000000104eac664 chromedriver + 4130404
2   chromedriver                        0x0000000104b03bc0 chromedriver + 293824
3   chromedriver                        0x0000000104b09234 chromedriver + 315956
4   chromedriver                        0x0000000104b0b13c chromedriver + 323900
5   chromedriver                        0x0000000104b0b278 chromedriver + 324216
6   chromedriver                        0x0000000104b4a198 chromedriver + 582040
7   chromedriver                        0x0000000104b3f250 chromedriver + 537168
8   chromedriver                        0x0000000104b89ab0 chromedriver + 842416
9   chromedriver                        0x0000000104b3d6bc chromedriver + 530108
10  chromedriver                        0x0000000104b3e930 chromedriver + 534832
11  chromedriver                        0x0000000104e79e08 chromedriver + 3923464
12  chromedriver                        0x0000000104e7e3dc chromedriver + 3941340
13  chromedriver                        0x0000000104e62038 chromedriver + 3825720
14  chromedriver                        0x0000000104e7ef3c chromedriver + 3944252
15  chromedriver                        0x0000000104e546f4 chromedriver + 3770100
16  chromedriver                        0x0000000104e9b980 chromedriver + 4061568
17  chromedriver                        0x0000000104e9baf8 chromedriver + 4061944
18  chromedriver                        0x0000000104eac2e4 chromedriver + 4129508
19  libsystem_pthread.dylib             0x000000018ad62034 _pthread_start + 136
20  libsystem_pthread.dylib             0x000000018ad5ce3c thread_start + 8
Traceback (most recent call last):
  File "/Users/rlin/github/linrongbin16/colorbox.nvim/collect.py", line 375, in _parse_spec
    url = element.find_element(
          ^^^^^^^^^^^^^^^^^^^^^
  File "/opt/homebrew/lib/python3.11/site-packages/selenium/webdriver/remote/webelement.py", line 425, in find_element
    return self._execute(Command.FIND_CHILD_ELEMENT, {"using": by, "value": value})["value"]
           ^^^^^^^^^^^^^^^^^^^^^^^^^^^^^^^^^^^^^^^^^^^^^^^^^^^^^^^^^^^^^^^^^^^^^^^^
  File "/opt/homebrew/lib/python3.11/site-packages/selenium/webdriver/remote/webelement.py", line 403, in _execute
    return self._parent.execute(command, params)
           ^^^^^^^^^^^^^^^^^^^^^^^^^^^^^^^^^^^^^
  File "/opt/homebrew/lib/python3.11/site-packages/selenium/webdriver/remote/webdriver.py", line 440, in execute
    self.error_handler.check_response(response)
  File "/opt/homebrew/lib/python3.11/site-packages/selenium/webdriver/remote/errorhandler.py", line 245, in check_response
    raise exception_class(message, screen, stacktrace)
selenium.common.exceptions.StaleElementReferenceException: Message: stale element reference: stale element not found
  (Session info: chrome-headless-shell=120.0.6099.234)
Stacktrace:
0   chromedriver                        0x0000000104eb44dc chromedriver + 4162780
1   chromedriver                        0x0000000104eac664 chromedriver + 4130404
2   chromedriver                        0x0000000104b03bc0 chromedriver + 293824
3   chromedriver                        0x0000000104b09234 chromedriver + 315956
4   chromedriver                        0x0000000104b0b13c chromedriver + 323900
5   chromedriver                        0x0000000104b0b278 chromedriver + 324216
6   chromedriver                        0x0000000104b4a198 chromedriver + 582040
7   chromedriver                        0x0000000104b3f250 chromedriver + 537168
8   chromedriver                        0x0000000104b89ab0 chromedriver + 842416
9   chromedriver                        0x0000000104b3d6bc chromedriver + 530108
10  chromedriver                        0x0000000104b3e930 chromedriver + 534832
11  chromedriver                        0x0000000104e79e08 chromedriver + 3923464
12  chromedriver                        0x0000000104e7e3dc chromedriver + 3941340
13  chromedriver                        0x0000000104e62038 chromedriver + 3825720
14  chromedriver                        0x0000000104e7ef3c chromedriver + 3944252
15  chromedriver                        0x0000000104e546f4 chromedriver + 3770100
16  chromedriver                        0x0000000104e9b980 chromedriver + 4061568
17  chromedriver                        0x0000000104e9baf8 chromedriver + 4061944
18  chromedriver                        0x0000000104eac2e4 chromedriver + 4129508
19  libsystem_pthread.dylib             0x000000018ad62034 _pthread_start + 136
20  libsystem_pthread.dylib             0x000000018ad5ce3c thread_start + 8

2024-01-23 10:00:00,228 ERROR [collect.py:410](_parse_spec) - Message: stale element reference: stale element not found
  (Session info: chrome-headless-shell=120.0.6099.234)
Stacktrace:
0   chromedriver                        0x0000000104eb44dc chromedriver + 4162780
1   chromedriver                        0x0000000104eac664 chromedriver + 4130404
2   chromedriver                        0x0000000104b03bc0 chromedriver + 293824
3   chromedriver                        0x0000000104b09234 chromedriver + 315956
4   chromedriver                        0x0000000104b0b13c chromedriver + 323900
5   chromedriver                        0x0000000104b0b278 chromedriver + 324216
6   chromedriver                        0x0000000104b4a198 chromedriver + 582040
7   chromedriver                        0x0000000104b3f250 chromedriver + 537168
8   chromedriver                        0x0000000104b89ab0 chromedriver + 842416
9   chromedriver                        0x0000000104b3d6bc chromedriver + 530108
10  chromedriver                        0x0000000104b3e930 chromedriver + 534832
11  chromedriver                        0x0000000104e79e08 chromedriver + 3923464
12  chromedriver                        0x0000000104e7e3dc chromedriver + 3941340
13  chromedriver                        0x0000000104e62038 chromedriver + 3825720
14  chromedriver                        0x0000000104e7ef3c chromedriver + 3944252
15  chromedriver                        0x0000000104e546f4 chromedriver + 3770100
16  chromedriver                        0x0000000104e9b980 chromedriver + 4061568
17  chromedriver                        0x0000000104e9baf8 chromedriver + 4061944
18  chromedriver                        0x0000000104eac2e4 chromedriver + 4129508
19  libsystem_pthread.dylib             0x000000018ad62034 _pthread_start + 136
20  libsystem_pthread.dylib             0x000000018ad5ce3c thread_start + 8
Traceback (most recent call last):
  File "/Users/rlin/github/linrongbin16/colorbox.nvim/collect.py", line 375, in _parse_spec
    url = element.find_element(
          ^^^^^^^^^^^^^^^^^^^^^
  File "/opt/homebrew/lib/python3.11/site-packages/selenium/webdriver/remote/webelement.py", line 425, in find_element
    return self._execute(Command.FIND_CHILD_ELEMENT, {"using": by, "value": value})["value"]
           ^^^^^^^^^^^^^^^^^^^^^^^^^^^^^^^^^^^^^^^^^^^^^^^^^^^^^^^^^^^^^^^^^^^^^^^^
  File "/opt/homebrew/lib/python3.11/site-packages/selenium/webdriver/remote/webelement.py", line 403, in _execute
    return self._parent.execute(command, params)
           ^^^^^^^^^^^^^^^^^^^^^^^^^^^^^^^^^^^^^
  File "/opt/homebrew/lib/python3.11/site-packages/selenium/webdriver/remote/webdriver.py", line 440, in execute
    self.error_handler.check_response(response)
  File "/opt/homebrew/lib/python3.11/site-packages/selenium/webdriver/remote/errorhandler.py", line 245, in check_response
    raise exception_class(message, screen, stacktrace)
selenium.common.exceptions.StaleElementReferenceException: Message: stale element reference: stale element not found
  (Session info: chrome-headless-shell=120.0.6099.234)
Stacktrace:
0   chromedriver                        0x0000000104eb44dc chromedriver + 4162780
1   chromedriver                        0x0000000104eac664 chromedriver + 4130404
2   chromedriver                        0x0000000104b03bc0 chromedriver + 293824
3   chromedriver                        0x0000000104b09234 chromedriver + 315956
4   chromedriver                        0x0000000104b0b13c chromedriver + 323900
5   chromedriver                        0x0000000104b0b278 chromedriver + 324216
6   chromedriver                        0x0000000104b4a198 chromedriver + 582040
7   chromedriver                        0x0000000104b3f250 chromedriver + 537168
8   chromedriver                        0x0000000104b89ab0 chromedriver + 842416
9   chromedriver                        0x0000000104b3d6bc chromedriver + 530108
10  chromedriver                        0x0000000104b3e930 chromedriver + 534832
11  chromedriver                        0x0000000104e79e08 chromedriver + 3923464
12  chromedriver                        0x0000000104e7e3dc chromedriver + 3941340
13  chromedriver                        0x0000000104e62038 chromedriver + 3825720
14  chromedriver                        0x0000000104e7ef3c chromedriver + 3944252
15  chromedriver                        0x0000000104e546f4 chromedriver + 3770100
16  chromedriver                        0x0000000104e9b980 chromedriver + 4061568
17  chromedriver                        0x0000000104e9baf8 chromedriver + 4061944
18  chromedriver                        0x0000000104eac2e4 chromedriver + 4129508
19  libsystem_pthread.dylib             0x000000018ad62034 _pthread_start + 136
20  libsystem_pthread.dylib             0x000000018ad5ce3c thread_start + 8

2024-01-23 10:00:00,232 ERROR [collect.py:410](_parse_spec) - Message: stale element reference: stale element not found
  (Session info: chrome-headless-shell=120.0.6099.234)
Stacktrace:
0   chromedriver                        0x0000000104eb44dc chromedriver + 4162780
1   chromedriver                        0x0000000104eac664 chromedriver + 4130404
2   chromedriver                        0x0000000104b03bc0 chromedriver + 293824
3   chromedriver                        0x0000000104b09234 chromedriver + 315956
4   chromedriver                        0x0000000104b0b13c chromedriver + 323900
5   chromedriver                        0x0000000104b0b278 chromedriver + 324216
6   chromedriver                        0x0000000104b4a198 chromedriver + 582040
7   chromedriver                        0x0000000104b3f250 chromedriver + 537168
8   chromedriver                        0x0000000104b89ab0 chromedriver + 842416
9   chromedriver                        0x0000000104b3d6bc chromedriver + 530108
10  chromedriver                        0x0000000104b3e930 chromedriver + 534832
11  chromedriver                        0x0000000104e79e08 chromedriver + 3923464
12  chromedriver                        0x0000000104e7e3dc chromedriver + 3941340
13  chromedriver                        0x0000000104e62038 chromedriver + 3825720
14  chromedriver                        0x0000000104e7ef3c chromedriver + 3944252
15  chromedriver                        0x0000000104e546f4 chromedriver + 3770100
16  chromedriver                        0x0000000104e9b980 chromedriver + 4061568
17  chromedriver                        0x0000000104e9baf8 chromedriver + 4061944
18  chromedriver                        0x0000000104eac2e4 chromedriver + 4129508
19  libsystem_pthread.dylib             0x000000018ad62034 _pthread_start + 136
20  libsystem_pthread.dylib             0x000000018ad5ce3c thread_start + 8
Traceback (most recent call last):
  File "/Users/rlin/github/linrongbin16/colorbox.nvim/collect.py", line 375, in _parse_spec
    url = element.find_element(
          ^^^^^^^^^^^^^^^^^^^^^
  File "/opt/homebrew/lib/python3.11/site-packages/selenium/webdriver/remote/webelement.py", line 425, in find_element
    return self._execute(Command.FIND_CHILD_ELEMENT, {"using": by, "value": value})["value"]
           ^^^^^^^^^^^^^^^^^^^^^^^^^^^^^^^^^^^^^^^^^^^^^^^^^^^^^^^^^^^^^^^^^^^^^^^^
  File "/opt/homebrew/lib/python3.11/site-packages/selenium/webdriver/remote/webelement.py", line 403, in _execute
    return self._parent.execute(command, params)
           ^^^^^^^^^^^^^^^^^^^^^^^^^^^^^^^^^^^^^
  File "/opt/homebrew/lib/python3.11/site-packages/selenium/webdriver/remote/webdriver.py", line 440, in execute
    self.error_handler.check_response(response)
  File "/opt/homebrew/lib/python3.11/site-packages/selenium/webdriver/remote/errorhandler.py", line 245, in check_response
    raise exception_class(message, screen, stacktrace)
selenium.common.exceptions.StaleElementReferenceException: Message: stale element reference: stale element not found
  (Session info: chrome-headless-shell=120.0.6099.234)
Stacktrace:
0   chromedriver                        0x0000000104eb44dc chromedriver + 4162780
1   chromedriver                        0x0000000104eac664 chromedriver + 4130404
2   chromedriver                        0x0000000104b03bc0 chromedriver + 293824
3   chromedriver                        0x0000000104b09234 chromedriver + 315956
4   chromedriver                        0x0000000104b0b13c chromedriver + 323900
5   chromedriver                        0x0000000104b0b278 chromedriver + 324216
6   chromedriver                        0x0000000104b4a198 chromedriver + 582040
7   chromedriver                        0x0000000104b3f250 chromedriver + 537168
8   chromedriver                        0x0000000104b89ab0 chromedriver + 842416
9   chromedriver                        0x0000000104b3d6bc chromedriver + 530108
10  chromedriver                        0x0000000104b3e930 chromedriver + 534832
11  chromedriver                        0x0000000104e79e08 chromedriver + 3923464
12  chromedriver                        0x0000000104e7e3dc chromedriver + 3941340
13  chromedriver                        0x0000000104e62038 chromedriver + 3825720
14  chromedriver                        0x0000000104e7ef3c chromedriver + 3944252
15  chromedriver                        0x0000000104e546f4 chromedriver + 3770100
16  chromedriver                        0x0000000104e9b980 chromedriver + 4061568
17  chromedriver                        0x0000000104e9baf8 chromedriver + 4061944
18  chromedriver                        0x0000000104eac2e4 chromedriver + 4129508
19  libsystem_pthread.dylib             0x000000018ad62034 _pthread_start + 136
20  libsystem_pthread.dylib             0x000000018ad5ce3c thread_start + 8

2024-01-23 10:00:00,236 ERROR [collect.py:410](_parse_spec) - Message: stale element reference: stale element not found
  (Session info: chrome-headless-shell=120.0.6099.234)
Stacktrace:
0   chromedriver                        0x0000000104eb44dc chromedriver + 4162780
1   chromedriver                        0x0000000104eac664 chromedriver + 4130404
2   chromedriver                        0x0000000104b03bc0 chromedriver + 293824
3   chromedriver                        0x0000000104b09234 chromedriver + 315956
4   chromedriver                        0x0000000104b0b13c chromedriver + 323900
5   chromedriver                        0x0000000104b0b278 chromedriver + 324216
6   chromedriver                        0x0000000104b4a198 chromedriver + 582040
7   chromedriver                        0x0000000104b3f250 chromedriver + 537168
8   chromedriver                        0x0000000104b89ab0 chromedriver + 842416
9   chromedriver                        0x0000000104b3d6bc chromedriver + 530108
10  chromedriver                        0x0000000104b3e930 chromedriver + 534832
11  chromedriver                        0x0000000104e79e08 chromedriver + 3923464
12  chromedriver                        0x0000000104e7e3dc chromedriver + 3941340
13  chromedriver                        0x0000000104e62038 chromedriver + 3825720
14  chromedriver                        0x0000000104e7ef3c chromedriver + 3944252
15  chromedriver                        0x0000000104e546f4 chromedriver + 3770100
16  chromedriver                        0x0000000104e9b980 chromedriver + 4061568
17  chromedriver                        0x0000000104e9baf8 chromedriver + 4061944
18  chromedriver                        0x0000000104eac2e4 chromedriver + 4129508
19  libsystem_pthread.dylib             0x000000018ad62034 _pthread_start + 136
20  libsystem_pthread.dylib             0x000000018ad5ce3c thread_start + 8
Traceback (most recent call last):
  File "/Users/rlin/github/linrongbin16/colorbox.nvim/collect.py", line 375, in _parse_spec
    url = element.find_element(
          ^^^^^^^^^^^^^^^^^^^^^
  File "/opt/homebrew/lib/python3.11/site-packages/selenium/webdriver/remote/webelement.py", line 425, in find_element
    return self._execute(Command.FIND_CHILD_ELEMENT, {"using": by, "value": value})["value"]
           ^^^^^^^^^^^^^^^^^^^^^^^^^^^^^^^^^^^^^^^^^^^^^^^^^^^^^^^^^^^^^^^^^^^^^^^^
  File "/opt/homebrew/lib/python3.11/site-packages/selenium/webdriver/remote/webelement.py", line 403, in _execute
    return self._parent.execute(command, params)
           ^^^^^^^^^^^^^^^^^^^^^^^^^^^^^^^^^^^^^
  File "/opt/homebrew/lib/python3.11/site-packages/selenium/webdriver/remote/webdriver.py", line 440, in execute
    self.error_handler.check_response(response)
  File "/opt/homebrew/lib/python3.11/site-packages/selenium/webdriver/remote/errorhandler.py", line 245, in check_response
    raise exception_class(message, screen, stacktrace)
selenium.common.exceptions.StaleElementReferenceException: Message: stale element reference: stale element not found
  (Session info: chrome-headless-shell=120.0.6099.234)
Stacktrace:
0   chromedriver                        0x0000000104eb44dc chromedriver + 4162780
1   chromedriver                        0x0000000104eac664 chromedriver + 4130404
2   chromedriver                        0x0000000104b03bc0 chromedriver + 293824
3   chromedriver                        0x0000000104b09234 chromedriver + 315956
4   chromedriver                        0x0000000104b0b13c chromedriver + 323900
5   chromedriver                        0x0000000104b0b278 chromedriver + 324216
6   chromedriver                        0x0000000104b4a198 chromedriver + 582040
7   chromedriver                        0x0000000104b3f250 chromedriver + 537168
8   chromedriver                        0x0000000104b89ab0 chromedriver + 842416
9   chromedriver                        0x0000000104b3d6bc chromedriver + 530108
10  chromedriver                        0x0000000104b3e930 chromedriver + 534832
11  chromedriver                        0x0000000104e79e08 chromedriver + 3923464
12  chromedriver                        0x0000000104e7e3dc chromedriver + 3941340
13  chromedriver                        0x0000000104e62038 chromedriver + 3825720
14  chromedriver                        0x0000000104e7ef3c chromedriver + 3944252
15  chromedriver                        0x0000000104e546f4 chromedriver + 3770100
16  chromedriver                        0x0000000104e9b980 chromedriver + 4061568
17  chromedriver                        0x0000000104e9baf8 chromedriver + 4061944
18  chromedriver                        0x0000000104eac2e4 chromedriver + 4129508
19  libsystem_pthread.dylib             0x000000018ad62034 _pthread_start + 136
20  libsystem_pthread.dylib             0x000000018ad5ce3c thread_start + 8

2024-01-23 10:00:00,719 ERROR [collect.py:410](_parse_spec) - Message: stale element reference: stale element not found
  (Session info: chrome-headless-shell=120.0.6099.234)
Stacktrace:
0   chromedriver                        0x0000000104eb44dc chromedriver + 4162780
1   chromedriver                        0x0000000104eac664 chromedriver + 4130404
2   chromedriver                        0x0000000104b03bc0 chromedriver + 293824
3   chromedriver                        0x0000000104b09234 chromedriver + 315956
4   chromedriver                        0x0000000104b0b13c chromedriver + 323900
5   chromedriver                        0x0000000104b0b278 chromedriver + 324216
6   chromedriver                        0x0000000104b4a198 chromedriver + 582040
7   chromedriver                        0x0000000104b3f250 chromedriver + 537168
8   chromedriver                        0x0000000104b89ab0 chromedriver + 842416
9   chromedriver                        0x0000000104b3d6bc chromedriver + 530108
10  chromedriver                        0x0000000104b3e930 chromedriver + 534832
11  chromedriver                        0x0000000104e79e08 chromedriver + 3923464
12  chromedriver                        0x0000000104e7e3dc chromedriver + 3941340
13  chromedriver                        0x0000000104e62038 chromedriver + 3825720
14  chromedriver                        0x0000000104e7ef3c chromedriver + 3944252
15  chromedriver                        0x0000000104e546f4 chromedriver + 3770100
16  chromedriver                        0x0000000104e9b980 chromedriver + 4061568
17  chromedriver                        0x0000000104e9baf8 chromedriver + 4061944
18  chromedriver                        0x0000000104eac2e4 chromedriver + 4129508
19  libsystem_pthread.dylib             0x000000018ad62034 _pthread_start + 136
20  libsystem_pthread.dylib             0x000000018ad5ce3c thread_start + 8
Traceback (most recent call last):
  File "/Users/rlin/github/linrongbin16/colorbox.nvim/collect.py", line 384, in _parse_spec
    element.find_element(
  File "/opt/homebrew/lib/python3.11/site-packages/selenium/webdriver/remote/webelement.py", line 425, in find_element
    return self._execute(Command.FIND_CHILD_ELEMENT, {"using": by, "value": value})["value"]
           ^^^^^^^^^^^^^^^^^^^^^^^^^^^^^^^^^^^^^^^^^^^^^^^^^^^^^^^^^^^^^^^^^^^^^^^^
  File "/opt/homebrew/lib/python3.11/site-packages/selenium/webdriver/remote/webelement.py", line 403, in _execute
    return self._parent.execute(command, params)
           ^^^^^^^^^^^^^^^^^^^^^^^^^^^^^^^^^^^^^
  File "/opt/homebrew/lib/python3.11/site-packages/selenium/webdriver/remote/webdriver.py", line 440, in execute
    self.error_handler.check_response(response)
  File "/opt/homebrew/lib/python3.11/site-packages/selenium/webdriver/remote/errorhandler.py", line 245, in check_response
    raise exception_class(message, screen, stacktrace)
selenium.common.exceptions.StaleElementReferenceException: Message: stale element reference: stale element not found
  (Session info: chrome-headless-shell=120.0.6099.234)
Stacktrace:
0   chromedriver                        0x0000000104eb44dc chromedriver + 4162780
1   chromedriver                        0x0000000104eac664 chromedriver + 4130404
2   chromedriver                        0x0000000104b03bc0 chromedriver + 293824
3   chromedriver                        0x0000000104b09234 chromedriver + 315956
4   chromedriver                        0x0000000104b0b13c chromedriver + 323900
5   chromedriver                        0x0000000104b0b278 chromedriver + 324216
6   chromedriver                        0x0000000104b4a198 chromedriver + 582040
7   chromedriver                        0x0000000104b3f250 chromedriver + 537168
8   chromedriver                        0x0000000104b89ab0 chromedriver + 842416
9   chromedriver                        0x0000000104b3d6bc chromedriver + 530108
10  chromedriver                        0x0000000104b3e930 chromedriver + 534832
11  chromedriver                        0x0000000104e79e08 chromedriver + 3923464
12  chromedriver                        0x0000000104e7e3dc chromedriver + 3941340
13  chromedriver                        0x0000000104e62038 chromedriver + 3825720
14  chromedriver                        0x0000000104e7ef3c chromedriver + 3944252
15  chromedriver                        0x0000000104e546f4 chromedriver + 3770100
16  chromedriver                        0x0000000104e9b980 chromedriver + 4061568
17  chromedriver                        0x0000000104e9baf8 chromedriver + 4061944
18  chromedriver                        0x0000000104eac2e4 chromedriver + 4129508
19  libsystem_pthread.dylib             0x000000018ad62034 _pthread_start + 136
20  libsystem_pthread.dylib             0x000000018ad5ce3c thread_start + 8

2024-01-23 10:00:00,723 ERROR [collect.py:410](_parse_spec) - Message: stale element reference: stale element not found
  (Session info: chrome-headless-shell=120.0.6099.234)
Stacktrace:
0   chromedriver                        0x0000000104eb44dc chromedriver + 4162780
1   chromedriver                        0x0000000104eac664 chromedriver + 4130404
2   chromedriver                        0x0000000104b03bc0 chromedriver + 293824
3   chromedriver                        0x0000000104b09234 chromedriver + 315956
4   chromedriver                        0x0000000104b0b13c chromedriver + 323900
5   chromedriver                        0x0000000104b0b278 chromedriver + 324216
6   chromedriver                        0x0000000104b4a198 chromedriver + 582040
7   chromedriver                        0x0000000104b3f250 chromedriver + 537168
8   chromedriver                        0x0000000104b89ab0 chromedriver + 842416
9   chromedriver                        0x0000000104b3d6bc chromedriver + 530108
10  chromedriver                        0x0000000104b3e930 chromedriver + 534832
11  chromedriver                        0x0000000104e79e08 chromedriver + 3923464
12  chromedriver                        0x0000000104e7e3dc chromedriver + 3941340
13  chromedriver                        0x0000000104e62038 chromedriver + 3825720
14  chromedriver                        0x0000000104e7ef3c chromedriver + 3944252
15  chromedriver                        0x0000000104e546f4 chromedriver + 3770100
16  chromedriver                        0x0000000104e9b980 chromedriver + 4061568
17  chromedriver                        0x0000000104e9baf8 chromedriver + 4061944
18  chromedriver                        0x0000000104eac2e4 chromedriver + 4129508
19  libsystem_pthread.dylib             0x000000018ad62034 _pthread_start + 136
20  libsystem_pthread.dylib             0x000000018ad5ce3c thread_start + 8
Traceback (most recent call last):
  File "/Users/rlin/github/linrongbin16/colorbox.nvim/collect.py", line 375, in _parse_spec
    url = element.find_element(
          ^^^^^^^^^^^^^^^^^^^^^
  File "/opt/homebrew/lib/python3.11/site-packages/selenium/webdriver/remote/webelement.py", line 425, in find_element
    return self._execute(Command.FIND_CHILD_ELEMENT, {"using": by, "value": value})["value"]
           ^^^^^^^^^^^^^^^^^^^^^^^^^^^^^^^^^^^^^^^^^^^^^^^^^^^^^^^^^^^^^^^^^^^^^^^^
  File "/opt/homebrew/lib/python3.11/site-packages/selenium/webdriver/remote/webelement.py", line 403, in _execute
    return self._parent.execute(command, params)
           ^^^^^^^^^^^^^^^^^^^^^^^^^^^^^^^^^^^^^
  File "/opt/homebrew/lib/python3.11/site-packages/selenium/webdriver/remote/webdriver.py", line 440, in execute
    self.error_handler.check_response(response)
  File "/opt/homebrew/lib/python3.11/site-packages/selenium/webdriver/remote/errorhandler.py", line 245, in check_response
    raise exception_class(message, screen, stacktrace)
selenium.common.exceptions.StaleElementReferenceException: Message: stale element reference: stale element not found
  (Session info: chrome-headless-shell=120.0.6099.234)
Stacktrace:
0   chromedriver                        0x0000000104eb44dc chromedriver + 4162780
1   chromedriver                        0x0000000104eac664 chromedriver + 4130404
2   chromedriver                        0x0000000104b03bc0 chromedriver + 293824
3   chromedriver                        0x0000000104b09234 chromedriver + 315956
4   chromedriver                        0x0000000104b0b13c chromedriver + 323900
5   chromedriver                        0x0000000104b0b278 chromedriver + 324216
6   chromedriver                        0x0000000104b4a198 chromedriver + 582040
7   chromedriver                        0x0000000104b3f250 chromedriver + 537168
8   chromedriver                        0x0000000104b89ab0 chromedriver + 842416
9   chromedriver                        0x0000000104b3d6bc chromedriver + 530108
10  chromedriver                        0x0000000104b3e930 chromedriver + 534832
11  chromedriver                        0x0000000104e79e08 chromedriver + 3923464
12  chromedriver                        0x0000000104e7e3dc chromedriver + 3941340
13  chromedriver                        0x0000000104e62038 chromedriver + 3825720
14  chromedriver                        0x0000000104e7ef3c chromedriver + 3944252
15  chromedriver                        0x0000000104e546f4 chromedriver + 3770100
16  chromedriver                        0x0000000104e9b980 chromedriver + 4061568
17  chromedriver                        0x0000000104e9baf8 chromedriver + 4061944
18  chromedriver                        0x0000000104eac2e4 chromedriver + 4129508
19  libsystem_pthread.dylib             0x000000018ad62034 _pthread_start + 136
20  libsystem_pthread.dylib             0x000000018ad5ce3c thread_start + 8

2024-01-23 10:00:00,726 ERROR [collect.py:410](_parse_spec) - Message: stale element reference: stale element not found
  (Session info: chrome-headless-shell=120.0.6099.234)
Stacktrace:
0   chromedriver                        0x0000000104eb44dc chromedriver + 4162780
1   chromedriver                        0x0000000104eac664 chromedriver + 4130404
2   chromedriver                        0x0000000104b03bc0 chromedriver + 293824
3   chromedriver                        0x0000000104b09234 chromedriver + 315956
4   chromedriver                        0x0000000104b0b13c chromedriver + 323900
5   chromedriver                        0x0000000104b0b278 chromedriver + 324216
6   chromedriver                        0x0000000104b4a198 chromedriver + 582040
7   chromedriver                        0x0000000104b3f250 chromedriver + 537168
8   chromedriver                        0x0000000104b89ab0 chromedriver + 842416
9   chromedriver                        0x0000000104b3d6bc chromedriver + 530108
10  chromedriver                        0x0000000104b3e930 chromedriver + 534832
11  chromedriver                        0x0000000104e79e08 chromedriver + 3923464
12  chromedriver                        0x0000000104e7e3dc chromedriver + 3941340
13  chromedriver                        0x0000000104e62038 chromedriver + 3825720
14  chromedriver                        0x0000000104e7ef3c chromedriver + 3944252
15  chromedriver                        0x0000000104e546f4 chromedriver + 3770100
16  chromedriver                        0x0000000104e9b980 chromedriver + 4061568
17  chromedriver                        0x0000000104e9baf8 chromedriver + 4061944
18  chromedriver                        0x0000000104eac2e4 chromedriver + 4129508
19  libsystem_pthread.dylib             0x000000018ad62034 _pthread_start + 136
20  libsystem_pthread.dylib             0x000000018ad5ce3c thread_start + 8
Traceback (most recent call last):
  File "/Users/rlin/github/linrongbin16/colorbox.nvim/collect.py", line 375, in _parse_spec
    url = element.find_element(
          ^^^^^^^^^^^^^^^^^^^^^
  File "/opt/homebrew/lib/python3.11/site-packages/selenium/webdriver/remote/webelement.py", line 425, in find_element
    return self._execute(Command.FIND_CHILD_ELEMENT, {"using": by, "value": value})["value"]
           ^^^^^^^^^^^^^^^^^^^^^^^^^^^^^^^^^^^^^^^^^^^^^^^^^^^^^^^^^^^^^^^^^^^^^^^^
  File "/opt/homebrew/lib/python3.11/site-packages/selenium/webdriver/remote/webelement.py", line 403, in _execute
    return self._parent.execute(command, params)
           ^^^^^^^^^^^^^^^^^^^^^^^^^^^^^^^^^^^^^
  File "/opt/homebrew/lib/python3.11/site-packages/selenium/webdriver/remote/webdriver.py", line 440, in execute
    self.error_handler.check_response(response)
  File "/opt/homebrew/lib/python3.11/site-packages/selenium/webdriver/remote/errorhandler.py", line 245, in check_response
    raise exception_class(message, screen, stacktrace)
selenium.common.exceptions.StaleElementReferenceException: Message: stale element reference: stale element not found
  (Session info: chrome-headless-shell=120.0.6099.234)
Stacktrace:
0   chromedriver                        0x0000000104eb44dc chromedriver + 4162780
1   chromedriver                        0x0000000104eac664 chromedriver + 4130404
2   chromedriver                        0x0000000104b03bc0 chromedriver + 293824
3   chromedriver                        0x0000000104b09234 chromedriver + 315956
4   chromedriver                        0x0000000104b0b13c chromedriver + 323900
5   chromedriver                        0x0000000104b0b278 chromedriver + 324216
6   chromedriver                        0x0000000104b4a198 chromedriver + 582040
7   chromedriver                        0x0000000104b3f250 chromedriver + 537168
8   chromedriver                        0x0000000104b89ab0 chromedriver + 842416
9   chromedriver                        0x0000000104b3d6bc chromedriver + 530108
10  chromedriver                        0x0000000104b3e930 chromedriver + 534832
11  chromedriver                        0x0000000104e79e08 chromedriver + 3923464
12  chromedriver                        0x0000000104e7e3dc chromedriver + 3941340
13  chromedriver                        0x0000000104e62038 chromedriver + 3825720
14  chromedriver                        0x0000000104e7ef3c chromedriver + 3944252
15  chromedriver                        0x0000000104e546f4 chromedriver + 3770100
16  chromedriver                        0x0000000104e9b980 chromedriver + 4061568
17  chromedriver                        0x0000000104e9baf8 chromedriver + 4061944
18  chromedriver                        0x0000000104eac2e4 chromedriver + 4129508
19  libsystem_pthread.dylib             0x000000018ad62034 _pthread_start + 136
20  libsystem_pthread.dylib             0x000000018ad5ce3c thread_start + 8

2024-01-23 10:00:00,731 ERROR [collect.py:410](_parse_spec) - Message: stale element reference: stale element not found
  (Session info: chrome-headless-shell=120.0.6099.234)
Stacktrace:
0   chromedriver                        0x0000000104eb44dc chromedriver + 4162780
1   chromedriver                        0x0000000104eac664 chromedriver + 4130404
2   chromedriver                        0x0000000104b03bc0 chromedriver + 293824
3   chromedriver                        0x0000000104b09234 chromedriver + 315956
4   chromedriver                        0x0000000104b0b13c chromedriver + 323900
5   chromedriver                        0x0000000104b0b278 chromedriver + 324216
6   chromedriver                        0x0000000104b4a198 chromedriver + 582040
7   chromedriver                        0x0000000104b3f250 chromedriver + 537168
8   chromedriver                        0x0000000104b89ab0 chromedriver + 842416
9   chromedriver                        0x0000000104b3d6bc chromedriver + 530108
10  chromedriver                        0x0000000104b3e930 chromedriver + 534832
11  chromedriver                        0x0000000104e79e08 chromedriver + 3923464
12  chromedriver                        0x0000000104e7e3dc chromedriver + 3941340
13  chromedriver                        0x0000000104e62038 chromedriver + 3825720
14  chromedriver                        0x0000000104e7ef3c chromedriver + 3944252
15  chromedriver                        0x0000000104e546f4 chromedriver + 3770100
16  chromedriver                        0x0000000104e9b980 chromedriver + 4061568
17  chromedriver                        0x0000000104e9baf8 chromedriver + 4061944
18  chromedriver                        0x0000000104eac2e4 chromedriver + 4129508
19  libsystem_pthread.dylib             0x000000018ad62034 _pthread_start + 136
20  libsystem_pthread.dylib             0x000000018ad5ce3c thread_start + 8
Traceback (most recent call last):
  File "/Users/rlin/github/linrongbin16/colorbox.nvim/collect.py", line 375, in _parse_spec
    url = element.find_element(
          ^^^^^^^^^^^^^^^^^^^^^
  File "/opt/homebrew/lib/python3.11/site-packages/selenium/webdriver/remote/webelement.py", line 425, in find_element
    return self._execute(Command.FIND_CHILD_ELEMENT, {"using": by, "value": value})["value"]
           ^^^^^^^^^^^^^^^^^^^^^^^^^^^^^^^^^^^^^^^^^^^^^^^^^^^^^^^^^^^^^^^^^^^^^^^^
  File "/opt/homebrew/lib/python3.11/site-packages/selenium/webdriver/remote/webelement.py", line 403, in _execute
    return self._parent.execute(command, params)
           ^^^^^^^^^^^^^^^^^^^^^^^^^^^^^^^^^^^^^
  File "/opt/homebrew/lib/python3.11/site-packages/selenium/webdriver/remote/webdriver.py", line 440, in execute
    self.error_handler.check_response(response)
  File "/opt/homebrew/lib/python3.11/site-packages/selenium/webdriver/remote/errorhandler.py", line 245, in check_response
    raise exception_class(message, screen, stacktrace)
selenium.common.exceptions.StaleElementReferenceException: Message: stale element reference: stale element not found
  (Session info: chrome-headless-shell=120.0.6099.234)
Stacktrace:
0   chromedriver                        0x0000000104eb44dc chromedriver + 4162780
1   chromedriver                        0x0000000104eac664 chromedriver + 4130404
2   chromedriver                        0x0000000104b03bc0 chromedriver + 293824
3   chromedriver                        0x0000000104b09234 chromedriver + 315956
4   chromedriver                        0x0000000104b0b13c chromedriver + 323900
5   chromedriver                        0x0000000104b0b278 chromedriver + 324216
6   chromedriver                        0x0000000104b4a198 chromedriver + 582040
7   chromedriver                        0x0000000104b3f250 chromedriver + 537168
8   chromedriver                        0x0000000104b89ab0 chromedriver + 842416
9   chromedriver                        0x0000000104b3d6bc chromedriver + 530108
10  chromedriver                        0x0000000104b3e930 chromedriver + 534832
11  chromedriver                        0x0000000104e79e08 chromedriver + 3923464
12  chromedriver                        0x0000000104e7e3dc chromedriver + 3941340
13  chromedriver                        0x0000000104e62038 chromedriver + 3825720
14  chromedriver                        0x0000000104e7ef3c chromedriver + 3944252
15  chromedriver                        0x0000000104e546f4 chromedriver + 3770100
16  chromedriver                        0x0000000104e9b980 chromedriver + 4061568
17  chromedriver                        0x0000000104e9baf8 chromedriver + 4061944
18  chromedriver                        0x0000000104eac2e4 chromedriver + 4129508
19  libsystem_pthread.dylib             0x000000018ad62034 _pthread_start + 136
20  libsystem_pthread.dylib             0x000000018ad5ce3c thread_start + 8

2024-01-23 10:00:00,735 ERROR [collect.py:410](_parse_spec) - Message: stale element reference: stale element not found
  (Session info: chrome-headless-shell=120.0.6099.234)
Stacktrace:
0   chromedriver                        0x0000000104eb44dc chromedriver + 4162780
1   chromedriver                        0x0000000104eac664 chromedriver + 4130404
2   chromedriver                        0x0000000104b03bc0 chromedriver + 293824
3   chromedriver                        0x0000000104b09234 chromedriver + 315956
4   chromedriver                        0x0000000104b0b13c chromedriver + 323900
5   chromedriver                        0x0000000104b0b278 chromedriver + 324216
6   chromedriver                        0x0000000104b4a198 chromedriver + 582040
7   chromedriver                        0x0000000104b3f250 chromedriver + 537168
8   chromedriver                        0x0000000104b89ab0 chromedriver + 842416
9   chromedriver                        0x0000000104b3d6bc chromedriver + 530108
10  chromedriver                        0x0000000104b3e930 chromedriver + 534832
11  chromedriver                        0x0000000104e79e08 chromedriver + 3923464
12  chromedriver                        0x0000000104e7e3dc chromedriver + 3941340
13  chromedriver                        0x0000000104e62038 chromedriver + 3825720
14  chromedriver                        0x0000000104e7ef3c chromedriver + 3944252
15  chromedriver                        0x0000000104e546f4 chromedriver + 3770100
16  chromedriver                        0x0000000104e9b980 chromedriver + 4061568
17  chromedriver                        0x0000000104e9baf8 chromedriver + 4061944
18  chromedriver                        0x0000000104eac2e4 chromedriver + 4129508
19  libsystem_pthread.dylib             0x000000018ad62034 _pthread_start + 136
20  libsystem_pthread.dylib             0x000000018ad5ce3c thread_start + 8
Traceback (most recent call last):
  File "/Users/rlin/github/linrongbin16/colorbox.nvim/collect.py", line 375, in _parse_spec
    url = element.find_element(
          ^^^^^^^^^^^^^^^^^^^^^
  File "/opt/homebrew/lib/python3.11/site-packages/selenium/webdriver/remote/webelement.py", line 425, in find_element
    return self._execute(Command.FIND_CHILD_ELEMENT, {"using": by, "value": value})["value"]
           ^^^^^^^^^^^^^^^^^^^^^^^^^^^^^^^^^^^^^^^^^^^^^^^^^^^^^^^^^^^^^^^^^^^^^^^^
  File "/opt/homebrew/lib/python3.11/site-packages/selenium/webdriver/remote/webelement.py", line 403, in _execute
    return self._parent.execute(command, params)
           ^^^^^^^^^^^^^^^^^^^^^^^^^^^^^^^^^^^^^
  File "/opt/homebrew/lib/python3.11/site-packages/selenium/webdriver/remote/webdriver.py", line 440, in execute
    self.error_handler.check_response(response)
  File "/opt/homebrew/lib/python3.11/site-packages/selenium/webdriver/remote/errorhandler.py", line 245, in check_response
    raise exception_class(message, screen, stacktrace)
selenium.common.exceptions.StaleElementReferenceException: Message: stale element reference: stale element not found
  (Session info: chrome-headless-shell=120.0.6099.234)
Stacktrace:
0   chromedriver                        0x0000000104eb44dc chromedriver + 4162780
1   chromedriver                        0x0000000104eac664 chromedriver + 4130404
2   chromedriver                        0x0000000104b03bc0 chromedriver + 293824
3   chromedriver                        0x0000000104b09234 chromedriver + 315956
4   chromedriver                        0x0000000104b0b13c chromedriver + 323900
5   chromedriver                        0x0000000104b0b278 chromedriver + 324216
6   chromedriver                        0x0000000104b4a198 chromedriver + 582040
7   chromedriver                        0x0000000104b3f250 chromedriver + 537168
8   chromedriver                        0x0000000104b89ab0 chromedriver + 842416
9   chromedriver                        0x0000000104b3d6bc chromedriver + 530108
10  chromedriver                        0x0000000104b3e930 chromedriver + 534832
11  chromedriver                        0x0000000104e79e08 chromedriver + 3923464
12  chromedriver                        0x0000000104e7e3dc chromedriver + 3941340
13  chromedriver                        0x0000000104e62038 chromedriver + 3825720
14  chromedriver                        0x0000000104e7ef3c chromedriver + 3944252
15  chromedriver                        0x0000000104e546f4 chromedriver + 3770100
16  chromedriver                        0x0000000104e9b980 chromedriver + 4061568
17  chromedriver                        0x0000000104e9baf8 chromedriver + 4061944
18  chromedriver                        0x0000000104eac2e4 chromedriver + 4129508
19  libsystem_pthread.dylib             0x000000018ad62034 _pthread_start + 136
20  libsystem_pthread.dylib             0x000000018ad5ce3c thread_start + 8

2024-01-23 10:00:00,738 ERROR [collect.py:410](_parse_spec) - Message: stale element reference: stale element not found
  (Session info: chrome-headless-shell=120.0.6099.234)
Stacktrace:
0   chromedriver                        0x0000000104eb44dc chromedriver + 4162780
1   chromedriver                        0x0000000104eac664 chromedriver + 4130404
2   chromedriver                        0x0000000104b03bc0 chromedriver + 293824
3   chromedriver                        0x0000000104b09234 chromedriver + 315956
4   chromedriver                        0x0000000104b0b13c chromedriver + 323900
5   chromedriver                        0x0000000104b0b278 chromedriver + 324216
6   chromedriver                        0x0000000104b4a198 chromedriver + 582040
7   chromedriver                        0x0000000104b3f250 chromedriver + 537168
8   chromedriver                        0x0000000104b89ab0 chromedriver + 842416
9   chromedriver                        0x0000000104b3d6bc chromedriver + 530108
10  chromedriver                        0x0000000104b3e930 chromedriver + 534832
11  chromedriver                        0x0000000104e79e08 chromedriver + 3923464
12  chromedriver                        0x0000000104e7e3dc chromedriver + 3941340
13  chromedriver                        0x0000000104e62038 chromedriver + 3825720
14  chromedriver                        0x0000000104e7ef3c chromedriver + 3944252
15  chromedriver                        0x0000000104e546f4 chromedriver + 3770100
16  chromedriver                        0x0000000104e9b980 chromedriver + 4061568
17  chromedriver                        0x0000000104e9baf8 chromedriver + 4061944
18  chromedriver                        0x0000000104eac2e4 chromedriver + 4129508
19  libsystem_pthread.dylib             0x000000018ad62034 _pthread_start + 136
20  libsystem_pthread.dylib             0x000000018ad5ce3c thread_start + 8
Traceback (most recent call last):
  File "/Users/rlin/github/linrongbin16/colorbox.nvim/collect.py", line 375, in _parse_spec
    url = element.find_element(
          ^^^^^^^^^^^^^^^^^^^^^
  File "/opt/homebrew/lib/python3.11/site-packages/selenium/webdriver/remote/webelement.py", line 425, in find_element
    return self._execute(Command.FIND_CHILD_ELEMENT, {"using": by, "value": value})["value"]
           ^^^^^^^^^^^^^^^^^^^^^^^^^^^^^^^^^^^^^^^^^^^^^^^^^^^^^^^^^^^^^^^^^^^^^^^^
  File "/opt/homebrew/lib/python3.11/site-packages/selenium/webdriver/remote/webelement.py", line 403, in _execute
    return self._parent.execute(command, params)
           ^^^^^^^^^^^^^^^^^^^^^^^^^^^^^^^^^^^^^
  File "/opt/homebrew/lib/python3.11/site-packages/selenium/webdriver/remote/webdriver.py", line 440, in execute
    self.error_handler.check_response(response)
  File "/opt/homebrew/lib/python3.11/site-packages/selenium/webdriver/remote/errorhandler.py", line 245, in check_response
    raise exception_class(message, screen, stacktrace)
selenium.common.exceptions.StaleElementReferenceException: Message: stale element reference: stale element not found
  (Session info: chrome-headless-shell=120.0.6099.234)
Stacktrace:
0   chromedriver                        0x0000000104eb44dc chromedriver + 4162780
1   chromedriver                        0x0000000104eac664 chromedriver + 4130404
2   chromedriver                        0x0000000104b03bc0 chromedriver + 293824
3   chromedriver                        0x0000000104b09234 chromedriver + 315956
4   chromedriver                        0x0000000104b0b13c chromedriver + 323900
5   chromedriver                        0x0000000104b0b278 chromedriver + 324216
6   chromedriver                        0x0000000104b4a198 chromedriver + 582040
7   chromedriver                        0x0000000104b3f250 chromedriver + 537168
8   chromedriver                        0x0000000104b89ab0 chromedriver + 842416
9   chromedriver                        0x0000000104b3d6bc chromedriver + 530108
10  chromedriver                        0x0000000104b3e930 chromedriver + 534832
11  chromedriver                        0x0000000104e79e08 chromedriver + 3923464
12  chromedriver                        0x0000000104e7e3dc chromedriver + 3941340
13  chromedriver                        0x0000000104e62038 chromedriver + 3825720
14  chromedriver                        0x0000000104e7ef3c chromedriver + 3944252
15  chromedriver                        0x0000000104e546f4 chromedriver + 3770100
16  chromedriver                        0x0000000104e9b980 chromedriver + 4061568
17  chromedriver                        0x0000000104e9baf8 chromedriver + 4061944
18  chromedriver                        0x0000000104eac2e4 chromedriver + 4129508
19  libsystem_pthread.dylib             0x000000018ad62034 _pthread_start + 136
20  libsystem_pthread.dylib             0x000000018ad5ce3c thread_start + 8

2024-01-23 10:00:00,742 ERROR [collect.py:410](_parse_spec) - Message: stale element reference: stale element not found
  (Session info: chrome-headless-shell=120.0.6099.234)
Stacktrace:
0   chromedriver                        0x0000000104eb44dc chromedriver + 4162780
1   chromedriver                        0x0000000104eac664 chromedriver + 4130404
2   chromedriver                        0x0000000104b03bc0 chromedriver + 293824
3   chromedriver                        0x0000000104b09234 chromedriver + 315956
4   chromedriver                        0x0000000104b0b13c chromedriver + 323900
5   chromedriver                        0x0000000104b0b278 chromedriver + 324216
6   chromedriver                        0x0000000104b4a198 chromedriver + 582040
7   chromedriver                        0x0000000104b3f250 chromedriver + 537168
8   chromedriver                        0x0000000104b89ab0 chromedriver + 842416
9   chromedriver                        0x0000000104b3d6bc chromedriver + 530108
10  chromedriver                        0x0000000104b3e930 chromedriver + 534832
11  chromedriver                        0x0000000104e79e08 chromedriver + 3923464
12  chromedriver                        0x0000000104e7e3dc chromedriver + 3941340
13  chromedriver                        0x0000000104e62038 chromedriver + 3825720
14  chromedriver                        0x0000000104e7ef3c chromedriver + 3944252
15  chromedriver                        0x0000000104e546f4 chromedriver + 3770100
16  chromedriver                        0x0000000104e9b980 chromedriver + 4061568
17  chromedriver                        0x0000000104e9baf8 chromedriver + 4061944
18  chromedriver                        0x0000000104eac2e4 chromedriver + 4129508
19  libsystem_pthread.dylib             0x000000018ad62034 _pthread_start + 136
20  libsystem_pthread.dylib             0x000000018ad5ce3c thread_start + 8
Traceback (most recent call last):
  File "/Users/rlin/github/linrongbin16/colorbox.nvim/collect.py", line 375, in _parse_spec
    url = element.find_element(
          ^^^^^^^^^^^^^^^^^^^^^
  File "/opt/homebrew/lib/python3.11/site-packages/selenium/webdriver/remote/webelement.py", line 425, in find_element
    return self._execute(Command.FIND_CHILD_ELEMENT, {"using": by, "value": value})["value"]
           ^^^^^^^^^^^^^^^^^^^^^^^^^^^^^^^^^^^^^^^^^^^^^^^^^^^^^^^^^^^^^^^^^^^^^^^^
  File "/opt/homebrew/lib/python3.11/site-packages/selenium/webdriver/remote/webelement.py", line 403, in _execute
    return self._parent.execute(command, params)
           ^^^^^^^^^^^^^^^^^^^^^^^^^^^^^^^^^^^^^
  File "/opt/homebrew/lib/python3.11/site-packages/selenium/webdriver/remote/webdriver.py", line 440, in execute
    self.error_handler.check_response(response)
  File "/opt/homebrew/lib/python3.11/site-packages/selenium/webdriver/remote/errorhandler.py", line 245, in check_response
    raise exception_class(message, screen, stacktrace)
selenium.common.exceptions.StaleElementReferenceException: Message: stale element reference: stale element not found
  (Session info: chrome-headless-shell=120.0.6099.234)
Stacktrace:
0   chromedriver                        0x0000000104eb44dc chromedriver + 4162780
1   chromedriver                        0x0000000104eac664 chromedriver + 4130404
2   chromedriver                        0x0000000104b03bc0 chromedriver + 293824
3   chromedriver                        0x0000000104b09234 chromedriver + 315956
4   chromedriver                        0x0000000104b0b13c chromedriver + 323900
5   chromedriver                        0x0000000104b0b278 chromedriver + 324216
6   chromedriver                        0x0000000104b4a198 chromedriver + 582040
7   chromedriver                        0x0000000104b3f250 chromedriver + 537168
8   chromedriver                        0x0000000104b89ab0 chromedriver + 842416
9   chromedriver                        0x0000000104b3d6bc chromedriver + 530108
10  chromedriver                        0x0000000104b3e930 chromedriver + 534832
11  chromedriver                        0x0000000104e79e08 chromedriver + 3923464
12  chromedriver                        0x0000000104e7e3dc chromedriver + 3941340
13  chromedriver                        0x0000000104e62038 chromedriver + 3825720
14  chromedriver                        0x0000000104e7ef3c chromedriver + 3944252
15  chromedriver                        0x0000000104e546f4 chromedriver + 3770100
16  chromedriver                        0x0000000104e9b980 chromedriver + 4061568
17  chromedriver                        0x0000000104e9baf8 chromedriver + 4061944
18  chromedriver                        0x0000000104eac2e4 chromedriver + 4129508
19  libsystem_pthread.dylib             0x000000018ad62034 _pthread_start + 136
20  libsystem_pthread.dylib             0x000000018ad5ce3c thread_start + 8

2024-01-23 10:00:00,745 ERROR [collect.py:410](_parse_spec) - Message: stale element reference: stale element not found
  (Session info: chrome-headless-shell=120.0.6099.234)
Stacktrace:
0   chromedriver                        0x0000000104eb44dc chromedriver + 4162780
1   chromedriver                        0x0000000104eac664 chromedriver + 4130404
2   chromedriver                        0x0000000104b03bc0 chromedriver + 293824
3   chromedriver                        0x0000000104b09234 chromedriver + 315956
4   chromedriver                        0x0000000104b0b13c chromedriver + 323900
5   chromedriver                        0x0000000104b0b278 chromedriver + 324216
6   chromedriver                        0x0000000104b4a198 chromedriver + 582040
7   chromedriver                        0x0000000104b3f250 chromedriver + 537168
8   chromedriver                        0x0000000104b89ab0 chromedriver + 842416
9   chromedriver                        0x0000000104b3d6bc chromedriver + 530108
10  chromedriver                        0x0000000104b3e930 chromedriver + 534832
11  chromedriver                        0x0000000104e79e08 chromedriver + 3923464
12  chromedriver                        0x0000000104e7e3dc chromedriver + 3941340
13  chromedriver                        0x0000000104e62038 chromedriver + 3825720
14  chromedriver                        0x0000000104e7ef3c chromedriver + 3944252
15  chromedriver                        0x0000000104e546f4 chromedriver + 3770100
16  chromedriver                        0x0000000104e9b980 chromedriver + 4061568
17  chromedriver                        0x0000000104e9baf8 chromedriver + 4061944
18  chromedriver                        0x0000000104eac2e4 chromedriver + 4129508
19  libsystem_pthread.dylib             0x000000018ad62034 _pthread_start + 136
20  libsystem_pthread.dylib             0x000000018ad5ce3c thread_start + 8
Traceback (most recent call last):
  File "/Users/rlin/github/linrongbin16/colorbox.nvim/collect.py", line 375, in _parse_spec
    url = element.find_element(
          ^^^^^^^^^^^^^^^^^^^^^
  File "/opt/homebrew/lib/python3.11/site-packages/selenium/webdriver/remote/webelement.py", line 425, in find_element
    return self._execute(Command.FIND_CHILD_ELEMENT, {"using": by, "value": value})["value"]
           ^^^^^^^^^^^^^^^^^^^^^^^^^^^^^^^^^^^^^^^^^^^^^^^^^^^^^^^^^^^^^^^^^^^^^^^^
  File "/opt/homebrew/lib/python3.11/site-packages/selenium/webdriver/remote/webelement.py", line 403, in _execute
    return self._parent.execute(command, params)
           ^^^^^^^^^^^^^^^^^^^^^^^^^^^^^^^^^^^^^
  File "/opt/homebrew/lib/python3.11/site-packages/selenium/webdriver/remote/webdriver.py", line 440, in execute
    self.error_handler.check_response(response)
  File "/opt/homebrew/lib/python3.11/site-packages/selenium/webdriver/remote/errorhandler.py", line 245, in check_response
    raise exception_class(message, screen, stacktrace)
selenium.common.exceptions.StaleElementReferenceException: Message: stale element reference: stale element not found
  (Session info: chrome-headless-shell=120.0.6099.234)
Stacktrace:
0   chromedriver                        0x0000000104eb44dc chromedriver + 4162780
1   chromedriver                        0x0000000104eac664 chromedriver + 4130404
2   chromedriver                        0x0000000104b03bc0 chromedriver + 293824
3   chromedriver                        0x0000000104b09234 chromedriver + 315956
4   chromedriver                        0x0000000104b0b13c chromedriver + 323900
5   chromedriver                        0x0000000104b0b278 chromedriver + 324216
6   chromedriver                        0x0000000104b4a198 chromedriver + 582040
7   chromedriver                        0x0000000104b3f250 chromedriver + 537168
8   chromedriver                        0x0000000104b89ab0 chromedriver + 842416
9   chromedriver                        0x0000000104b3d6bc chromedriver + 530108
10  chromedriver                        0x0000000104b3e930 chromedriver + 534832
11  chromedriver                        0x0000000104e79e08 chromedriver + 3923464
12  chromedriver                        0x0000000104e7e3dc chromedriver + 3941340
13  chromedriver                        0x0000000104e62038 chromedriver + 3825720
14  chromedriver                        0x0000000104e7ef3c chromedriver + 3944252
15  chromedriver                        0x0000000104e546f4 chromedriver + 3770100
16  chromedriver                        0x0000000104e9b980 chromedriver + 4061568
17  chromedriver                        0x0000000104e9baf8 chromedriver + 4061944
18  chromedriver                        0x0000000104eac2e4 chromedriver + 4129508
19  libsystem_pthread.dylib             0x000000018ad62034 _pthread_start + 136
20  libsystem_pthread.dylib             0x000000018ad5ce3c thread_start + 8

2024-01-23 10:00:00,749 ERROR [collect.py:410](_parse_spec) - Message: stale element reference: stale element not found
  (Session info: chrome-headless-shell=120.0.6099.234)
Stacktrace:
0   chromedriver                        0x0000000104eb44dc chromedriver + 4162780
1   chromedriver                        0x0000000104eac664 chromedriver + 4130404
2   chromedriver                        0x0000000104b03bc0 chromedriver + 293824
3   chromedriver                        0x0000000104b09234 chromedriver + 315956
4   chromedriver                        0x0000000104b0b13c chromedriver + 323900
5   chromedriver                        0x0000000104b0b278 chromedriver + 324216
6   chromedriver                        0x0000000104b4a198 chromedriver + 582040
7   chromedriver                        0x0000000104b3f250 chromedriver + 537168
8   chromedriver                        0x0000000104b89ab0 chromedriver + 842416
9   chromedriver                        0x0000000104b3d6bc chromedriver + 530108
10  chromedriver                        0x0000000104b3e930 chromedriver + 534832
11  chromedriver                        0x0000000104e79e08 chromedriver + 3923464
12  chromedriver                        0x0000000104e7e3dc chromedriver + 3941340
13  chromedriver                        0x0000000104e62038 chromedriver + 3825720
14  chromedriver                        0x0000000104e7ef3c chromedriver + 3944252
15  chromedriver                        0x0000000104e546f4 chromedriver + 3770100
16  chromedriver                        0x0000000104e9b980 chromedriver + 4061568
17  chromedriver                        0x0000000104e9baf8 chromedriver + 4061944
18  chromedriver                        0x0000000104eac2e4 chromedriver + 4129508
19  libsystem_pthread.dylib             0x000000018ad62034 _pthread_start + 136
20  libsystem_pthread.dylib             0x000000018ad5ce3c thread_start + 8
Traceback (most recent call last):
  File "/Users/rlin/github/linrongbin16/colorbox.nvim/collect.py", line 375, in _parse_spec
    url = element.find_element(
          ^^^^^^^^^^^^^^^^^^^^^
  File "/opt/homebrew/lib/python3.11/site-packages/selenium/webdriver/remote/webelement.py", line 425, in find_element
    return self._execute(Command.FIND_CHILD_ELEMENT, {"using": by, "value": value})["value"]
           ^^^^^^^^^^^^^^^^^^^^^^^^^^^^^^^^^^^^^^^^^^^^^^^^^^^^^^^^^^^^^^^^^^^^^^^^
  File "/opt/homebrew/lib/python3.11/site-packages/selenium/webdriver/remote/webelement.py", line 403, in _execute
    return self._parent.execute(command, params)
           ^^^^^^^^^^^^^^^^^^^^^^^^^^^^^^^^^^^^^
  File "/opt/homebrew/lib/python3.11/site-packages/selenium/webdriver/remote/webdriver.py", line 440, in execute
    self.error_handler.check_response(response)
  File "/opt/homebrew/lib/python3.11/site-packages/selenium/webdriver/remote/errorhandler.py", line 245, in check_response
    raise exception_class(message, screen, stacktrace)
selenium.common.exceptions.StaleElementReferenceException: Message: stale element reference: stale element not found
  (Session info: chrome-headless-shell=120.0.6099.234)
Stacktrace:
0   chromedriver                        0x0000000104eb44dc chromedriver + 4162780
1   chromedriver                        0x0000000104eac664 chromedriver + 4130404
2   chromedriver                        0x0000000104b03bc0 chromedriver + 293824
3   chromedriver                        0x0000000104b09234 chromedriver + 315956
4   chromedriver                        0x0000000104b0b13c chromedriver + 323900
5   chromedriver                        0x0000000104b0b278 chromedriver + 324216
6   chromedriver                        0x0000000104b4a198 chromedriver + 582040
7   chromedriver                        0x0000000104b3f250 chromedriver + 537168
8   chromedriver                        0x0000000104b89ab0 chromedriver + 842416
9   chromedriver                        0x0000000104b3d6bc chromedriver + 530108
10  chromedriver                        0x0000000104b3e930 chromedriver + 534832
11  chromedriver                        0x0000000104e79e08 chromedriver + 3923464
12  chromedriver                        0x0000000104e7e3dc chromedriver + 3941340
13  chromedriver                        0x0000000104e62038 chromedriver + 3825720
14  chromedriver                        0x0000000104e7ef3c chromedriver + 3944252
15  chromedriver                        0x0000000104e546f4 chromedriver + 3770100
16  chromedriver                        0x0000000104e9b980 chromedriver + 4061568
17  chromedriver                        0x0000000104e9baf8 chromedriver + 4061944
18  chromedriver                        0x0000000104eac2e4 chromedriver + 4129508
19  libsystem_pthread.dylib             0x000000018ad62034 _pthread_start + 136
20  libsystem_pthread.dylib             0x000000018ad5ce3c thread_start + 8

2024-01-23 10:00:00,752 ERROR [collect.py:410](_parse_spec) - Message: stale element reference: stale element not found
  (Session info: chrome-headless-shell=120.0.6099.234)
Stacktrace:
0   chromedriver                        0x0000000104eb44dc chromedriver + 4162780
1   chromedriver                        0x0000000104eac664 chromedriver + 4130404
2   chromedriver                        0x0000000104b03bc0 chromedriver + 293824
3   chromedriver                        0x0000000104b09234 chromedriver + 315956
4   chromedriver                        0x0000000104b0b13c chromedriver + 323900
5   chromedriver                        0x0000000104b0b278 chromedriver + 324216
6   chromedriver                        0x0000000104b4a198 chromedriver + 582040
7   chromedriver                        0x0000000104b3f250 chromedriver + 537168
8   chromedriver                        0x0000000104b89ab0 chromedriver + 842416
9   chromedriver                        0x0000000104b3d6bc chromedriver + 530108
10  chromedriver                        0x0000000104b3e930 chromedriver + 534832
11  chromedriver                        0x0000000104e79e08 chromedriver + 3923464
12  chromedriver                        0x0000000104e7e3dc chromedriver + 3941340
13  chromedriver                        0x0000000104e62038 chromedriver + 3825720
14  chromedriver                        0x0000000104e7ef3c chromedriver + 3944252
15  chromedriver                        0x0000000104e546f4 chromedriver + 3770100
16  chromedriver                        0x0000000104e9b980 chromedriver + 4061568
17  chromedriver                        0x0000000104e9baf8 chromedriver + 4061944
18  chromedriver                        0x0000000104eac2e4 chromedriver + 4129508
19  libsystem_pthread.dylib             0x000000018ad62034 _pthread_start + 136
20  libsystem_pthread.dylib             0x000000018ad5ce3c thread_start + 8
Traceback (most recent call last):
  File "/Users/rlin/github/linrongbin16/colorbox.nvim/collect.py", line 375, in _parse_spec
    url = element.find_element(
          ^^^^^^^^^^^^^^^^^^^^^
  File "/opt/homebrew/lib/python3.11/site-packages/selenium/webdriver/remote/webelement.py", line 425, in find_element
    return self._execute(Command.FIND_CHILD_ELEMENT, {"using": by, "value": value})["value"]
           ^^^^^^^^^^^^^^^^^^^^^^^^^^^^^^^^^^^^^^^^^^^^^^^^^^^^^^^^^^^^^^^^^^^^^^^^
  File "/opt/homebrew/lib/python3.11/site-packages/selenium/webdriver/remote/webelement.py", line 403, in _execute
    return self._parent.execute(command, params)
           ^^^^^^^^^^^^^^^^^^^^^^^^^^^^^^^^^^^^^
  File "/opt/homebrew/lib/python3.11/site-packages/selenium/webdriver/remote/webdriver.py", line 440, in execute
    self.error_handler.check_response(response)
  File "/opt/homebrew/lib/python3.11/site-packages/selenium/webdriver/remote/errorhandler.py", line 245, in check_response
    raise exception_class(message, screen, stacktrace)
selenium.common.exceptions.StaleElementReferenceException: Message: stale element reference: stale element not found
  (Session info: chrome-headless-shell=120.0.6099.234)
Stacktrace:
0   chromedriver                        0x0000000104eb44dc chromedriver + 4162780
1   chromedriver                        0x0000000104eac664 chromedriver + 4130404
2   chromedriver                        0x0000000104b03bc0 chromedriver + 293824
3   chromedriver                        0x0000000104b09234 chromedriver + 315956
4   chromedriver                        0x0000000104b0b13c chromedriver + 323900
5   chromedriver                        0x0000000104b0b278 chromedriver + 324216
6   chromedriver                        0x0000000104b4a198 chromedriver + 582040
7   chromedriver                        0x0000000104b3f250 chromedriver + 537168
8   chromedriver                        0x0000000104b89ab0 chromedriver + 842416
9   chromedriver                        0x0000000104b3d6bc chromedriver + 530108
10  chromedriver                        0x0000000104b3e930 chromedriver + 534832
11  chromedriver                        0x0000000104e79e08 chromedriver + 3923464
12  chromedriver                        0x0000000104e7e3dc chromedriver + 3941340
13  chromedriver                        0x0000000104e62038 chromedriver + 3825720
14  chromedriver                        0x0000000104e7ef3c chromedriver + 3944252
15  chromedriver                        0x0000000104e546f4 chromedriver + 3770100
16  chromedriver                        0x0000000104e9b980 chromedriver + 4061568
17  chromedriver                        0x0000000104e9baf8 chromedriver + 4061944
18  chromedriver                        0x0000000104eac2e4 chromedriver + 4129508
19  libsystem_pthread.dylib             0x000000018ad62034 _pthread_start + 136
20  libsystem_pthread.dylib             0x000000018ad5ce3c thread_start + 8

2024-01-23 10:00:00,755 ERROR [collect.py:410](_parse_spec) - Message: stale element reference: stale element not found
  (Session info: chrome-headless-shell=120.0.6099.234)
Stacktrace:
0   chromedriver                        0x0000000104eb44dc chromedriver + 4162780
1   chromedriver                        0x0000000104eac664 chromedriver + 4130404
2   chromedriver                        0x0000000104b03bc0 chromedriver + 293824
3   chromedriver                        0x0000000104b09234 chromedriver + 315956
4   chromedriver                        0x0000000104b0b13c chromedriver + 323900
5   chromedriver                        0x0000000104b0b278 chromedriver + 324216
6   chromedriver                        0x0000000104b4a198 chromedriver + 582040
7   chromedriver                        0x0000000104b3f250 chromedriver + 537168
8   chromedriver                        0x0000000104b89ab0 chromedriver + 842416
9   chromedriver                        0x0000000104b3d6bc chromedriver + 530108
10  chromedriver                        0x0000000104b3e930 chromedriver + 534832
11  chromedriver                        0x0000000104e79e08 chromedriver + 3923464
12  chromedriver                        0x0000000104e7e3dc chromedriver + 3941340
13  chromedriver                        0x0000000104e62038 chromedriver + 3825720
14  chromedriver                        0x0000000104e7ef3c chromedriver + 3944252
15  chromedriver                        0x0000000104e546f4 chromedriver + 3770100
16  chromedriver                        0x0000000104e9b980 chromedriver + 4061568
17  chromedriver                        0x0000000104e9baf8 chromedriver + 4061944
18  chromedriver                        0x0000000104eac2e4 chromedriver + 4129508
19  libsystem_pthread.dylib             0x000000018ad62034 _pthread_start + 136
20  libsystem_pthread.dylib             0x000000018ad5ce3c thread_start + 8
Traceback (most recent call last):
  File "/Users/rlin/github/linrongbin16/colorbox.nvim/collect.py", line 375, in _parse_spec
    url = element.find_element(
          ^^^^^^^^^^^^^^^^^^^^^
  File "/opt/homebrew/lib/python3.11/site-packages/selenium/webdriver/remote/webelement.py", line 425, in find_element
    return self._execute(Command.FIND_CHILD_ELEMENT, {"using": by, "value": value})["value"]
           ^^^^^^^^^^^^^^^^^^^^^^^^^^^^^^^^^^^^^^^^^^^^^^^^^^^^^^^^^^^^^^^^^^^^^^^^
  File "/opt/homebrew/lib/python3.11/site-packages/selenium/webdriver/remote/webelement.py", line 403, in _execute
    return self._parent.execute(command, params)
           ^^^^^^^^^^^^^^^^^^^^^^^^^^^^^^^^^^^^^
  File "/opt/homebrew/lib/python3.11/site-packages/selenium/webdriver/remote/webdriver.py", line 440, in execute
    self.error_handler.check_response(response)
  File "/opt/homebrew/lib/python3.11/site-packages/selenium/webdriver/remote/errorhandler.py", line 245, in check_response
    raise exception_class(message, screen, stacktrace)
selenium.common.exceptions.StaleElementReferenceException: Message: stale element reference: stale element not found
  (Session info: chrome-headless-shell=120.0.6099.234)
Stacktrace:
0   chromedriver                        0x0000000104eb44dc chromedriver + 4162780
1   chromedriver                        0x0000000104eac664 chromedriver + 4130404
2   chromedriver                        0x0000000104b03bc0 chromedriver + 293824
3   chromedriver                        0x0000000104b09234 chromedriver + 315956
4   chromedriver                        0x0000000104b0b13c chromedriver + 323900
5   chromedriver                        0x0000000104b0b278 chromedriver + 324216
6   chromedriver                        0x0000000104b4a198 chromedriver + 582040
7   chromedriver                        0x0000000104b3f250 chromedriver + 537168
8   chromedriver                        0x0000000104b89ab0 chromedriver + 842416
9   chromedriver                        0x0000000104b3d6bc chromedriver + 530108
10  chromedriver                        0x0000000104b3e930 chromedriver + 534832
11  chromedriver                        0x0000000104e79e08 chromedriver + 3923464
12  chromedriver                        0x0000000104e7e3dc chromedriver + 3941340
13  chromedriver                        0x0000000104e62038 chromedriver + 3825720
14  chromedriver                        0x0000000104e7ef3c chromedriver + 3944252
15  chromedriver                        0x0000000104e546f4 chromedriver + 3770100
16  chromedriver                        0x0000000104e9b980 chromedriver + 4061568
17  chromedriver                        0x0000000104e9baf8 chromedriver + 4061944
18  chromedriver                        0x0000000104eac2e4 chromedriver + 4129508
19  libsystem_pthread.dylib             0x000000018ad62034 _pthread_start + 136
20  libsystem_pthread.dylib             0x000000018ad5ce3c thread_start + 8

2024-01-23 10:00:00,759 ERROR [collect.py:410](_parse_spec) - Message: stale element reference: stale element not found
  (Session info: chrome-headless-shell=120.0.6099.234)
Stacktrace:
0   chromedriver                        0x0000000104eb44dc chromedriver + 4162780
1   chromedriver                        0x0000000104eac664 chromedriver + 4130404
2   chromedriver                        0x0000000104b03bc0 chromedriver + 293824
3   chromedriver                        0x0000000104b09234 chromedriver + 315956
4   chromedriver                        0x0000000104b0b13c chromedriver + 323900
5   chromedriver                        0x0000000104b0b278 chromedriver + 324216
6   chromedriver                        0x0000000104b4a198 chromedriver + 582040
7   chromedriver                        0x0000000104b3f250 chromedriver + 537168
8   chromedriver                        0x0000000104b89ab0 chromedriver + 842416
9   chromedriver                        0x0000000104b3d6bc chromedriver + 530108
10  chromedriver                        0x0000000104b3e930 chromedriver + 534832
11  chromedriver                        0x0000000104e79e08 chromedriver + 3923464
12  chromedriver                        0x0000000104e7e3dc chromedriver + 3941340
13  chromedriver                        0x0000000104e62038 chromedriver + 3825720
14  chromedriver                        0x0000000104e7ef3c chromedriver + 3944252
15  chromedriver                        0x0000000104e546f4 chromedriver + 3770100
16  chromedriver                        0x0000000104e9b980 chromedriver + 4061568
17  chromedriver                        0x0000000104e9baf8 chromedriver + 4061944
18  chromedriver                        0x0000000104eac2e4 chromedriver + 4129508
19  libsystem_pthread.dylib             0x000000018ad62034 _pthread_start + 136
20  libsystem_pthread.dylib             0x000000018ad5ce3c thread_start + 8
Traceback (most recent call last):
  File "/Users/rlin/github/linrongbin16/colorbox.nvim/collect.py", line 375, in _parse_spec
    url = element.find_element(
          ^^^^^^^^^^^^^^^^^^^^^
  File "/opt/homebrew/lib/python3.11/site-packages/selenium/webdriver/remote/webelement.py", line 425, in find_element
    return self._execute(Command.FIND_CHILD_ELEMENT, {"using": by, "value": value})["value"]
           ^^^^^^^^^^^^^^^^^^^^^^^^^^^^^^^^^^^^^^^^^^^^^^^^^^^^^^^^^^^^^^^^^^^^^^^^
  File "/opt/homebrew/lib/python3.11/site-packages/selenium/webdriver/remote/webelement.py", line 403, in _execute
    return self._parent.execute(command, params)
           ^^^^^^^^^^^^^^^^^^^^^^^^^^^^^^^^^^^^^
  File "/opt/homebrew/lib/python3.11/site-packages/selenium/webdriver/remote/webdriver.py", line 440, in execute
    self.error_handler.check_response(response)
  File "/opt/homebrew/lib/python3.11/site-packages/selenium/webdriver/remote/errorhandler.py", line 245, in check_response
    raise exception_class(message, screen, stacktrace)
selenium.common.exceptions.StaleElementReferenceException: Message: stale element reference: stale element not found
  (Session info: chrome-headless-shell=120.0.6099.234)
Stacktrace:
0   chromedriver                        0x0000000104eb44dc chromedriver + 4162780
1   chromedriver                        0x0000000104eac664 chromedriver + 4130404
2   chromedriver                        0x0000000104b03bc0 chromedriver + 293824
3   chromedriver                        0x0000000104b09234 chromedriver + 315956
4   chromedriver                        0x0000000104b0b13c chromedriver + 323900
5   chromedriver                        0x0000000104b0b278 chromedriver + 324216
6   chromedriver                        0x0000000104b4a198 chromedriver + 582040
7   chromedriver                        0x0000000104b3f250 chromedriver + 537168
8   chromedriver                        0x0000000104b89ab0 chromedriver + 842416
9   chromedriver                        0x0000000104b3d6bc chromedriver + 530108
10  chromedriver                        0x0000000104b3e930 chromedriver + 534832
11  chromedriver                        0x0000000104e79e08 chromedriver + 3923464
12  chromedriver                        0x0000000104e7e3dc chromedriver + 3941340
13  chromedriver                        0x0000000104e62038 chromedriver + 3825720
14  chromedriver                        0x0000000104e7ef3c chromedriver + 3944252
15  chromedriver                        0x0000000104e546f4 chromedriver + 3770100
16  chromedriver                        0x0000000104e9b980 chromedriver + 4061568
17  chromedriver                        0x0000000104e9baf8 chromedriver + 4061944
18  chromedriver                        0x0000000104eac2e4 chromedriver + 4129508
19  libsystem_pthread.dylib             0x000000018ad62034 _pthread_start + 136
20  libsystem_pthread.dylib             0x000000018ad5ce3c thread_start + 8

2024-01-23 10:00:00,762 ERROR [collect.py:410](_parse_spec) - Message: stale element reference: stale element not found
  (Session info: chrome-headless-shell=120.0.6099.234)
Stacktrace:
0   chromedriver                        0x0000000104eb44dc chromedriver + 4162780
1   chromedriver                        0x0000000104eac664 chromedriver + 4130404
2   chromedriver                        0x0000000104b03bc0 chromedriver + 293824
3   chromedriver                        0x0000000104b09234 chromedriver + 315956
4   chromedriver                        0x0000000104b0b13c chromedriver + 323900
5   chromedriver                        0x0000000104b0b278 chromedriver + 324216
6   chromedriver                        0x0000000104b4a198 chromedriver + 582040
7   chromedriver                        0x0000000104b3f250 chromedriver + 537168
8   chromedriver                        0x0000000104b89ab0 chromedriver + 842416
9   chromedriver                        0x0000000104b3d6bc chromedriver + 530108
10  chromedriver                        0x0000000104b3e930 chromedriver + 534832
11  chromedriver                        0x0000000104e79e08 chromedriver + 3923464
12  chromedriver                        0x0000000104e7e3dc chromedriver + 3941340
13  chromedriver                        0x0000000104e62038 chromedriver + 3825720
14  chromedriver                        0x0000000104e7ef3c chromedriver + 3944252
15  chromedriver                        0x0000000104e546f4 chromedriver + 3770100
16  chromedriver                        0x0000000104e9b980 chromedriver + 4061568
17  chromedriver                        0x0000000104e9baf8 chromedriver + 4061944
18  chromedriver                        0x0000000104eac2e4 chromedriver + 4129508
19  libsystem_pthread.dylib             0x000000018ad62034 _pthread_start + 136
20  libsystem_pthread.dylib             0x000000018ad5ce3c thread_start + 8
Traceback (most recent call last):
  File "/Users/rlin/github/linrongbin16/colorbox.nvim/collect.py", line 375, in _parse_spec
    url = element.find_element(
          ^^^^^^^^^^^^^^^^^^^^^
  File "/opt/homebrew/lib/python3.11/site-packages/selenium/webdriver/remote/webelement.py", line 425, in find_element
    return self._execute(Command.FIND_CHILD_ELEMENT, {"using": by, "value": value})["value"]
           ^^^^^^^^^^^^^^^^^^^^^^^^^^^^^^^^^^^^^^^^^^^^^^^^^^^^^^^^^^^^^^^^^^^^^^^^
  File "/opt/homebrew/lib/python3.11/site-packages/selenium/webdriver/remote/webelement.py", line 403, in _execute
    return self._parent.execute(command, params)
           ^^^^^^^^^^^^^^^^^^^^^^^^^^^^^^^^^^^^^
  File "/opt/homebrew/lib/python3.11/site-packages/selenium/webdriver/remote/webdriver.py", line 440, in execute
    self.error_handler.check_response(response)
  File "/opt/homebrew/lib/python3.11/site-packages/selenium/webdriver/remote/errorhandler.py", line 245, in check_response
    raise exception_class(message, screen, stacktrace)
selenium.common.exceptions.StaleElementReferenceException: Message: stale element reference: stale element not found
  (Session info: chrome-headless-shell=120.0.6099.234)
Stacktrace:
0   chromedriver                        0x0000000104eb44dc chromedriver + 4162780
1   chromedriver                        0x0000000104eac664 chromedriver + 4130404
2   chromedriver                        0x0000000104b03bc0 chromedriver + 293824
3   chromedriver                        0x0000000104b09234 chromedriver + 315956
4   chromedriver                        0x0000000104b0b13c chromedriver + 323900
5   chromedriver                        0x0000000104b0b278 chromedriver + 324216
6   chromedriver                        0x0000000104b4a198 chromedriver + 582040
7   chromedriver                        0x0000000104b3f250 chromedriver + 537168
8   chromedriver                        0x0000000104b89ab0 chromedriver + 842416
9   chromedriver                        0x0000000104b3d6bc chromedriver + 530108
10  chromedriver                        0x0000000104b3e930 chromedriver + 534832
11  chromedriver                        0x0000000104e79e08 chromedriver + 3923464
12  chromedriver                        0x0000000104e7e3dc chromedriver + 3941340
13  chromedriver                        0x0000000104e62038 chromedriver + 3825720
14  chromedriver                        0x0000000104e7ef3c chromedriver + 3944252
15  chromedriver                        0x0000000104e546f4 chromedriver + 3770100
16  chromedriver                        0x0000000104e9b980 chromedriver + 4061568
17  chromedriver                        0x0000000104e9baf8 chromedriver + 4061944
18  chromedriver                        0x0000000104eac2e4 chromedriver + 4129508
19  libsystem_pthread.dylib             0x000000018ad62034 _pthread_start + 136
20  libsystem_pthread.dylib             0x000000018ad5ce3c thread_start + 8

2024-01-23 10:00:00,766 ERROR [collect.py:410](_parse_spec) - Message: stale element reference: stale element not found
  (Session info: chrome-headless-shell=120.0.6099.234)
Stacktrace:
0   chromedriver                        0x0000000104eb44dc chromedriver + 4162780
1   chromedriver                        0x0000000104eac664 chromedriver + 4130404
2   chromedriver                        0x0000000104b03bc0 chromedriver + 293824
3   chromedriver                        0x0000000104b09234 chromedriver + 315956
4   chromedriver                        0x0000000104b0b13c chromedriver + 323900
5   chromedriver                        0x0000000104b0b278 chromedriver + 324216
6   chromedriver                        0x0000000104b4a198 chromedriver + 582040
7   chromedriver                        0x0000000104b3f250 chromedriver + 537168
8   chromedriver                        0x0000000104b89ab0 chromedriver + 842416
9   chromedriver                        0x0000000104b3d6bc chromedriver + 530108
10  chromedriver                        0x0000000104b3e930 chromedriver + 534832
11  chromedriver                        0x0000000104e79e08 chromedriver + 3923464
12  chromedriver                        0x0000000104e7e3dc chromedriver + 3941340
13  chromedriver                        0x0000000104e62038 chromedriver + 3825720
14  chromedriver                        0x0000000104e7ef3c chromedriver + 3944252
15  chromedriver                        0x0000000104e546f4 chromedriver + 3770100
16  chromedriver                        0x0000000104e9b980 chromedriver + 4061568
17  chromedriver                        0x0000000104e9baf8 chromedriver + 4061944
18  chromedriver                        0x0000000104eac2e4 chromedriver + 4129508
19  libsystem_pthread.dylib             0x000000018ad62034 _pthread_start + 136
20  libsystem_pthread.dylib             0x000000018ad5ce3c thread_start + 8
Traceback (most recent call last):
  File "/Users/rlin/github/linrongbin16/colorbox.nvim/collect.py", line 375, in _parse_spec
    url = element.find_element(
          ^^^^^^^^^^^^^^^^^^^^^
  File "/opt/homebrew/lib/python3.11/site-packages/selenium/webdriver/remote/webelement.py", line 425, in find_element
    return self._execute(Command.FIND_CHILD_ELEMENT, {"using": by, "value": value})["value"]
           ^^^^^^^^^^^^^^^^^^^^^^^^^^^^^^^^^^^^^^^^^^^^^^^^^^^^^^^^^^^^^^^^^^^^^^^^
  File "/opt/homebrew/lib/python3.11/site-packages/selenium/webdriver/remote/webelement.py", line 403, in _execute
    return self._parent.execute(command, params)
           ^^^^^^^^^^^^^^^^^^^^^^^^^^^^^^^^^^^^^
  File "/opt/homebrew/lib/python3.11/site-packages/selenium/webdriver/remote/webdriver.py", line 440, in execute
    self.error_handler.check_response(response)
  File "/opt/homebrew/lib/python3.11/site-packages/selenium/webdriver/remote/errorhandler.py", line 245, in check_response
    raise exception_class(message, screen, stacktrace)
selenium.common.exceptions.StaleElementReferenceException: Message: stale element reference: stale element not found
  (Session info: chrome-headless-shell=120.0.6099.234)
Stacktrace:
0   chromedriver                        0x0000000104eb44dc chromedriver + 4162780
1   chromedriver                        0x0000000104eac664 chromedriver + 4130404
2   chromedriver                        0x0000000104b03bc0 chromedriver + 293824
3   chromedriver                        0x0000000104b09234 chromedriver + 315956
4   chromedriver                        0x0000000104b0b13c chromedriver + 323900
5   chromedriver                        0x0000000104b0b278 chromedriver + 324216
6   chromedriver                        0x0000000104b4a198 chromedriver + 582040
7   chromedriver                        0x0000000104b3f250 chromedriver + 537168
8   chromedriver                        0x0000000104b89ab0 chromedriver + 842416
9   chromedriver                        0x0000000104b3d6bc chromedriver + 530108
10  chromedriver                        0x0000000104b3e930 chromedriver + 534832
11  chromedriver                        0x0000000104e79e08 chromedriver + 3923464
12  chromedriver                        0x0000000104e7e3dc chromedriver + 3941340
13  chromedriver                        0x0000000104e62038 chromedriver + 3825720
14  chromedriver                        0x0000000104e7ef3c chromedriver + 3944252
15  chromedriver                        0x0000000104e546f4 chromedriver + 3770100
16  chromedriver                        0x0000000104e9b980 chromedriver + 4061568
17  chromedriver                        0x0000000104e9baf8 chromedriver + 4061944
18  chromedriver                        0x0000000104eac2e4 chromedriver + 4129508
19  libsystem_pthread.dylib             0x000000018ad62034 _pthread_start + 136
20  libsystem_pthread.dylib             0x000000018ad5ce3c thread_start + 8

2024-01-23 10:00:57,857 WARNING [connectionpool.py:812](urlopen) - Retrying (Retry(total=2, connect=None, read=None, redirect=None, status=None)) after connection broken by 'NewConnectionError('<urllib3.connection.HTTPConnection object at 0x105fe57d0>: Failed to establish a new connection: [Errno 61] Connection refused')': /session/dd7f26392ea61089e3bf0c07aa6e905d
2024-01-23 10:00:57,859 WARNING [connectionpool.py:812](urlopen) - Retrying (Retry(total=1, connect=None, read=None, redirect=None, status=None)) after connection broken by 'NewConnectionError('<urllib3.connection.HTTPConnection object at 0x105fe5d10>: Failed to establish a new connection: [Errno 61] Connection refused')': /session/dd7f26392ea61089e3bf0c07aa6e905d
2024-01-23 10:00:57,860 WARNING [connectionpool.py:812](urlopen) - Retrying (Retry(total=0, connect=None, read=None, redirect=None, status=None)) after connection broken by 'NewConnectionError('<urllib3.connection.HTTPConnection object at 0x105fe6610>: Failed to establish a new connection: [Errno 61] Connection refused')': /session/dd7f26392ea61089e3bf0c07aa6e905d
